2024-02-27 21:16:11,808 [INFO] Activator:176 - 


2024-02-27 21:16:11,809 [INFO] Activator:177 - !SESSION log4j initialized
2024-02-27 21:16:14,506 [INFO] LogOutputStream:77 - [STDOUT_REDIRECT] 
2024-02-27 21:16:16,540 [INFO] ApplicationProperties:184 - Using Application install path: C:\ST\STM32CubeIDE_1.14.1\STM32CubeIDE\plugins\com.st.stm32cube.common.mx_6.10.0.202311202037
2024-02-27 21:16:16,552 [INFO] DbMcusXml:78 - Set database path to: C:\ST\STM32CubeIDE_1.14.1\STM32CubeIDE\plugins\com.st.stm32cube.common.mx_6.10.0.202311202037\\db\/mcu/
2024-02-27 21:16:16,552 [INFO] ApiDb:274 - Set plugin database path to: C:\ST\STM32CubeIDE_1.14.1\STM32CubeIDE\plugins\com.st.stm32cube.common.mx_6.10.0.202311202037\\db\/plugins/boardmanager/
2024-02-27 21:16:16,554 [WARN] ApiDb:259 - Overriding images path with different value:  => C:\ST\STM32CubeIDE_1.14.1\STM32CubeIDE\plugins\com.st.stm32cube.common.mx_6.10.0.202311202037\\db\/plugins/mcufinder/images/
2024-02-27 21:16:18,442 [WARN] ApiFinderProperties:113 - C:\Users\tjdtj\.stmcufinder\plugins\mcufinder\mcu\mcuFinder.mfd doesn't exist
2024-02-27 21:16:18,442 [INFO] ApiDb:250 - Set database path to: C:\Users\tjdtj\.stmcufinder\plugins\mcufinder//mcu/
2024-02-27 21:16:18,443 [INFO] DbMcusAds:125 - Set database path to: C:\Users\tjdtj\.stmcufinder\plugins\mcufinder//mcu/
2024-02-27 21:16:18,445 [INFO] CrossReferenceDbSqlite:203 - Set database path to: C:\Users\tjdtj\.stmcufinder\plugins\mcufinder//mcu/cs/
2024-02-27 21:16:18,529 [INFO] RulesReader:64 - Compatibility file has been processed (297 Rules)
2024-02-27 21:16:18,597 [INFO] DbMcusXml:78 - Set database path to: C:\ST\STM32CubeIDE_1.14.1\STM32CubeIDE\plugins\com.st.stm32cube.common.mx_6.10.0.202311202037\\db\/mcu/
2024-02-27 21:16:18,598 [INFO] ApiDb:274 - Set plugin database path to: C:\ST\STM32CubeIDE_1.14.1\STM32CubeIDE\plugins\com.st.stm32cube.common.mx_6.10.0.202311202037\\db\/plugins/boardmanager/
2024-02-27 21:16:18,598 [INFO] ApiDb:261 - Set plugin images path to: C:\ST\STM32CubeIDE_1.14.1\STM32CubeIDE\plugins\com.st.stm32cube.common.mx_6.10.0.202311202037\\db\/plugins/mcufinder/images/
2024-02-27 21:16:18,598 [WARN] DbFile:41 - Overriding database path with different value: C:\Users\tjdtj\.stmcufinder\plugins\mcufinder/ => C:\Users\tjdtj\.stmcufinder\plugins\mcufinder
2024-02-27 21:16:18,598 [INFO] ApiDb:250 - Set database path to: C:\Users\tjdtj\.stmcufinder\plugins\mcufinder//mcu/
2024-02-27 21:16:18,598 [WARN] DbFile:41 - Overriding database path with different value: C:\Users\tjdtj\.stmcufinder\plugins\mcufinder/ => C:\Users\tjdtj\.stmcufinder\plugins\mcufinder
2024-02-27 21:16:18,598 [INFO] DbMcusAds:125 - Set database path to: C:\Users\tjdtj\.stmcufinder\plugins\mcufinder//mcu/
2024-02-27 21:16:18,598 [WARN] DbFile:41 - Overriding database path with different value: C:\Users\tjdtj\.stmcufinder\plugins\mcufinder/ => C:\Users\tjdtj\.stmcufinder\plugins\mcufinder
2024-02-27 21:16:18,598 [WARN] DbFile:41 - Overriding database path with different value: C:\Users\tjdtj\.stmcufinder\plugins\mcufinder/ => C:\Users\tjdtj\.stmcufinder\plugins\mcufinder
2024-02-27 21:16:18,598 [INFO] CrossReferenceDbSqlite:203 - Set database path to: C:\Users\tjdtj\.stmcufinder\plugins\mcufinder//mcu/cs/
2024-02-27 21:16:18,654 [INFO] MainPanel:264 - HeapMemory: 268435456
2024-02-27 21:16:18,720 [INFO] DbMcusXml:78 - Set database path to: C:\ST\STM32CubeIDE_1.14.1\STM32CubeIDE\plugins\com.st.stm32cube.common.mx_6.10.0.202311202037\\db\/mcu/
2024-02-27 21:16:18,721 [INFO] ApiDb:274 - Set plugin database path to: C:\ST\STM32CubeIDE_1.14.1\STM32CubeIDE\plugins\com.st.stm32cube.common.mx_6.10.0.202311202037\\db\/plugins/boardmanager/
2024-02-27 21:16:18,721 [INFO] ApiDb:261 - Set plugin images path to: C:\ST\STM32CubeIDE_1.14.1\STM32CubeIDE\plugins\com.st.stm32cube.common.mx_6.10.0.202311202037\\db\/plugins/mcufinder/images/
2024-02-27 21:16:18,721 [WARN] DbFile:41 - Overriding database path with different value: C:\Users\tjdtj\.stmcufinder\plugins\mcufinder/ => C:\Users\tjdtj\.stmcufinder\plugins\mcufinder
2024-02-27 21:16:18,721 [INFO] ApiDb:250 - Set database path to: C:\Users\tjdtj\.stmcufinder\plugins\mcufinder//mcu/
2024-02-27 21:16:18,721 [WARN] DbFile:41 - Overriding database path with different value: C:\Users\tjdtj\.stmcufinder\plugins\mcufinder/ => C:\Users\tjdtj\.stmcufinder\plugins\mcufinder
2024-02-27 21:16:18,721 [INFO] DbMcusAds:125 - Set database path to: C:\Users\tjdtj\.stmcufinder\plugins\mcufinder//mcu/
2024-02-27 21:16:18,721 [WARN] DbFile:41 - Overriding database path with different value: C:\Users\tjdtj\.stmcufinder\plugins\mcufinder/ => C:\Users\tjdtj\.stmcufinder\plugins\mcufinder
2024-02-27 21:16:18,721 [WARN] DbFile:41 - Overriding database path with different value: C:\Users\tjdtj\.stmcufinder\plugins\mcufinder/ => C:\Users\tjdtj\.stmcufinder\plugins\mcufinder
2024-02-27 21:16:18,722 [INFO] CrossReferenceDbSqlite:203 - Set database path to: C:\Users\tjdtj\.stmcufinder\plugins\mcufinder//mcu/cs/
2024-02-27 21:16:18,736 [INFO] ApplicationProperties:184 - Using Application install path: C:\ST\STM32CubeIDE_1.14.1\STM32CubeIDE\plugins\com.st.stm32cube.common.mx_6.10.0.202311202037
2024-02-27 21:16:18,737 [INFO] PluginManage:196 - Search for loadable plugins [exclusion list=, ]
2024-02-27 21:16:18,738 [INFO] PluginManage:310 - Check plugin analytics
2024-02-27 21:16:18,866 [INFO] AnalyticsPlugin:253 - Accepted Software Licenses: 
2024-02-27 21:16:18,867 [INFO] AnalyticsPlugin:255 - Accepted CMSIS Pack Licenses: 
2024-02-27 21:16:18,867 [INFO] AnalyticsPlugin:257 - Accepted Firmware Licenses: 
2024-02-27 21:16:18,869 [INFO] PluginManage:359 - Loaded plugin analytics (category:tool,tabindex:-1)
2024-02-27 21:16:18,869 [INFO] PluginManage:310 - Check plugin cadmodel
2024-02-27 21:16:18,872 [INFO] CADModel:105 - Init CAD model plugin
2024-02-27 21:16:18,872 [INFO] PluginManage:359 - Loaded plugin cadmodel (category:power,tabindex:5)
2024-02-27 21:16:18,873 [INFO] PluginManage:310 - Check plugin clock
2024-02-27 21:16:18,879 [INFO] PluginManage:359 - Loaded plugin clock (category:base,tabindex:2)
2024-02-27 21:16:18,879 [INFO] PluginManage:310 - Check plugin ddr
2024-02-27 21:16:18,881 [INFO] PluginManage:359 - Loaded plugin ddr (category:tool,tabindex:6)
2024-02-27 21:16:18,881 [INFO] PluginManage:310 - Check plugin filemanager
2024-02-27 21:16:18,998 [INFO] PluginManage:359 - Loaded plugin filemanager (category:base,tabindex:10)
2024-02-27 21:16:18,999 [INFO] PluginManage:310 - Check plugin ipmanager
2024-02-27 21:16:19,005 [INFO] PluginManage:359 - Loaded plugin ipmanager (category:base,tabindex:5)
2024-02-27 21:16:19,005 [INFO] PluginManage:310 - Check plugin lpbam
2024-02-27 21:16:19,012 [INFO] PluginManage:359 - Loaded plugin lpbam (category:base,tabindex:0)
2024-02-27 21:16:19,012 [INFO] PluginManage:310 - Check plugin memorymap
2024-02-27 21:16:19,022 [INFO] PluginManage:359 - Loaded plugin memorymap (category:base,tabindex:4)
2024-02-27 21:16:19,022 [INFO] PluginManage:310 - Check plugin pinoutandconfiguration
2024-02-27 21:16:19,028 [INFO] PluginManage:359 - Loaded plugin pinoutandconfiguration (category:base,tabindex:1)
2024-02-27 21:16:19,028 [INFO] PluginManage:310 - Check plugin pinoutconfig
2024-02-27 21:16:19,117 [WARN] SupportedApi:132 - Cannot load RTOS API schema: s4s-elt-must-match.1: The content of 'definitions' must match (annotation?, (simpleType | complexType)?, (unique | key | keyref)*)). A problem was found starting at: attribute.
2024-02-27 21:16:19,228 [INFO] PluginManage:359 - Loaded plugin pinoutconfig (category:base,tabindex:0)
2024-02-27 21:16:19,228 [INFO] PluginManage:310 - Check plugin power
2024-02-27 21:16:19,235 [INFO] PluginManage:359 - Loaded plugin power (category:power,tabindex:4)
2024-02-27 21:16:19,235 [INFO] PluginManage:310 - Check plugin projectmanager
2024-02-27 21:16:19,247 [INFO] PluginManage:359 - Loaded plugin projectmanager (category:projectmanager,tabindex:3)
2024-02-27 21:16:19,247 [INFO] PluginManage:310 - Check plugin thirdparty
2024-02-27 21:16:19,335 [INFO] PluginManage:359 - Loaded plugin thirdparty (category:base,tabindex:-1)
2024-02-27 21:16:19,335 [INFO] PluginManage:310 - Check plugin tools
2024-02-27 21:16:19,335 [WARN] IntegrityCheckThread:84 - waiting for thirdparty lock release [integrity check]
2024-02-27 21:16:19,335 [INFO] IntegrityCheckThread:86 - entering critical section [integrity check]
2024-02-27 21:16:19,335 [INFO] ThirdPartyUpdaterWithRetryManager:70 - Updater plugin not ready yet. [1/15]
2024-02-27 21:16:19,337 [INFO] PluginManage:359 - Loaded plugin tools (category:base,tabindex:7)
2024-02-27 21:16:19,337 [INFO] PluginManage:310 - Check plugin tutovideos
2024-02-27 21:16:19,473 [INFO] PluginManage:359 - Loaded plugin tutovideos (category:base,tabindex:-1)
2024-02-27 21:16:19,473 [INFO] PluginManage:310 - Check plugin updater
2024-02-27 21:16:19,480 [INFO] PluginManage:359 - Loaded plugin updater (category:base,tabindex:12)
2024-02-27 21:16:19,480 [INFO] PluginManage:310 - Check plugin userauth
2024-02-27 21:16:19,484 [INFO] UserAuth:114 - Init User Auth plugin
2024-02-27 21:16:19,484 [INFO] PluginManage:359 - Loaded plugin userauth (category:base,tabindex:14)
2024-02-27 21:16:19,484 [INFO] PluginManage:283 - PluginManage : Loaded plugins [17]
2024-02-27 21:16:19,663 [INFO] PinOutPanel:1499 - setPackage(No Configuration,No Configuration)
2024-02-27 21:16:19,723 [INFO] CADModel:165 - CPN selected for project level
2024-02-27 21:16:19,723 [INFO] CADModel:114 - Register for checkConnection events
2024-02-27 21:16:19,735 [INFO] IPUIPlugin:80 - create IPUIPlugin
2024-02-27 21:16:19,735 [INFO] PluginManager:220 - loadIPPluginJar : add adc
2024-02-27 21:16:19,737 [INFO] IPUIPlugin:80 - create IPUIPlugin
2024-02-27 21:16:19,737 [INFO] PluginManager:220 - loadIPPluginJar : add aes
2024-02-27 21:16:19,740 [INFO] IPUIPlugin:80 - create IPUIPlugin
2024-02-27 21:16:19,740 [INFO] PluginManager:220 - loadIPPluginJar : add can
2024-02-27 21:16:19,741 [INFO] IPUIPlugin:80 - create IPUIPlugin
2024-02-27 21:16:19,741 [INFO] PluginManager:220 - loadIPPluginJar : add comp
2024-02-27 21:16:19,742 [INFO] IPUIPlugin:80 - create IPUIPlugin
2024-02-27 21:16:19,743 [INFO] PluginManager:220 - loadIPPluginJar : add cryp
2024-02-27 21:16:19,744 [INFO] IPUIPlugin:80 - create IPUIPlugin
2024-02-27 21:16:19,744 [INFO] PluginManager:220 - loadIPPluginJar : add dfsdm
2024-02-27 21:16:19,748 [INFO] IPUIPlugin:80 - create IPUIPlugin
2024-02-27 21:16:19,748 [INFO] PluginManager:220 - loadIPPluginJar : add dma
2024-02-27 21:16:19,750 [INFO] IPUIPlugin:80 - create IPUIPlugin
2024-02-27 21:16:19,750 [INFO] PluginManager:220 - loadIPPluginJar : add dma3
2024-02-27 21:16:19,751 [INFO] IPUIPlugin:80 - create IPUIPlugin
2024-02-27 21:16:19,752 [INFO] PluginManager:220 - loadIPPluginJar : add fatfs
2024-02-27 21:16:19,755 [INFO] IPUIPlugin:80 - create IPUIPlugin
2024-02-27 21:16:19,755 [INFO] PluginManager:220 - loadIPPluginJar : add fmc
2024-02-27 21:16:19,758 [INFO] IPUIPlugin:80 - create IPUIPlugin
2024-02-27 21:16:19,758 [INFO] PluginManager:220 - loadIPPluginJar : add freertos
2024-02-27 21:16:19,759 [INFO] IPUIPlugin:80 - create IPUIPlugin
2024-02-27 21:16:19,759 [INFO] PluginManager:220 - loadIPPluginJar : add genericplugin
2024-02-27 21:16:19,761 [INFO] IPUIPlugin:80 - create IPUIPlugin
2024-02-27 21:16:19,761 [INFO] PluginManager:220 - loadIPPluginJar : add gfxmmu
2024-02-27 21:16:19,764 [INFO] IPUIPlugin:80 - create IPUIPlugin
2024-02-27 21:16:19,765 [INFO] PluginManager:220 - loadIPPluginJar : add gic
2024-02-27 21:16:19,767 [INFO] IPUIPlugin:80 - create IPUIPlugin
2024-02-27 21:16:19,767 [INFO] PluginManager:220 - loadIPPluginJar : add gpio
2024-02-27 21:16:19,769 [INFO] IPUIPlugin:80 - create IPUIPlugin
2024-02-27 21:16:19,769 [INFO] PluginManager:220 - loadIPPluginJar : add gtzc
2024-02-27 21:16:19,771 [INFO] IPUIPlugin:80 - create IPUIPlugin
2024-02-27 21:16:19,771 [INFO] PluginManager:220 - loadIPPluginJar : add hash
2024-02-27 21:16:19,773 [INFO] IPUIPlugin:80 - create IPUIPlugin
2024-02-27 21:16:19,773 [INFO] PluginManager:220 - loadIPPluginJar : add i2c
2024-02-27 21:16:19,775 [INFO] IPUIPlugin:80 - create IPUIPlugin
2024-02-27 21:16:19,775 [INFO] PluginManager:220 - loadIPPluginJar : add i2s
2024-02-27 21:16:19,777 [INFO] IPUIPlugin:80 - create IPUIPlugin
2024-02-27 21:16:19,777 [INFO] PluginManager:220 - loadIPPluginJar : add i3c
2024-02-27 21:16:19,779 [INFO] IPUIPlugin:80 - create IPUIPlugin
2024-02-27 21:16:19,779 [INFO] PluginManager:220 - loadIPPluginJar : add ipddr
2024-02-27 21:16:19,784 [INFO] IPUIPlugin:80 - create IPUIPlugin
2024-02-27 21:16:19,784 [INFO] PluginManager:220 - loadIPPluginJar : add linkedlist
2024-02-27 21:16:19,786 [INFO] IPUIPlugin:80 - create IPUIPlugin
2024-02-27 21:16:19,787 [INFO] PluginManager:220 - loadIPPluginJar : add lorawan
2024-02-27 21:16:19,788 [INFO] IPUIPlugin:80 - create IPUIPlugin
2024-02-27 21:16:19,788 [INFO] PluginManager:220 - loadIPPluginJar : add ltdc
2024-02-27 21:16:19,792 [INFO] IPUIPlugin:80 - create IPUIPlugin
2024-02-27 21:16:19,793 [INFO] PluginManager:220 - loadIPPluginJar : add mdma
2024-02-27 21:16:19,796 [INFO] IPUIPlugin:80 - create IPUIPlugin
2024-02-27 21:16:19,796 [INFO] PluginManager:220 - loadIPPluginJar : add nvic
2024-02-27 21:16:19,798 [INFO] IPUIPlugin:80 - create IPUIPlugin
2024-02-27 21:16:19,798 [INFO] PluginManager:220 - loadIPPluginJar : add opamp
2024-02-27 21:16:19,800 [INFO] IPUIPlugin:80 - create IPUIPlugin
2024-02-27 21:16:19,801 [INFO] PluginManager:220 - loadIPPluginJar : add openamp
2024-02-27 21:16:19,803 [INFO] IPUIPlugin:80 - create IPUIPlugin
2024-02-27 21:16:19,803 [INFO] PluginManager:220 - loadIPPluginJar : add pdm2pcm
2024-02-27 21:16:19,807 [INFO] IPUIPlugin:80 - create IPUIPlugin
2024-02-27 21:16:19,809 [INFO] PluginManager:220 - loadIPPluginJar : add plateformsettings
2024-02-27 21:16:19,810 [INFO] IPUIPlugin:80 - create IPUIPlugin
2024-02-27 21:16:19,811 [INFO] PluginManager:220 - loadIPPluginJar : add quadspi
2024-02-27 21:16:19,813 [INFO] IPUIPlugin:80 - create IPUIPlugin
2024-02-27 21:16:19,813 [INFO] PluginManager:220 - loadIPPluginJar : add resmgrutility
2024-02-27 21:16:19,815 [INFO] IPUIPlugin:80 - create IPUIPlugin
2024-02-27 21:16:19,816 [INFO] PluginManager:220 - loadIPPluginJar : add sai
2024-02-27 21:16:19,818 [INFO] IPUIPlugin:80 - create IPUIPlugin
2024-02-27 21:16:19,818 [INFO] PluginManager:220 - loadIPPluginJar : add spi
2024-02-27 21:16:19,821 [INFO] IPUIPlugin:80 - create IPUIPlugin
2024-02-27 21:16:19,821 [INFO] PluginManager:220 - loadIPPluginJar : add stm32_wpan
2024-02-27 21:16:19,823 [INFO] IPUIPlugin:80 - create IPUIPlugin
2024-02-27 21:16:19,823 [INFO] PluginManager:220 - loadIPPluginJar : add tim
2024-02-27 21:16:19,825 [INFO] IPUIPlugin:80 - create IPUIPlugin
2024-02-27 21:16:19,825 [INFO] PluginManager:220 - loadIPPluginJar : add touchsensing
2024-02-27 21:16:19,827 [INFO] IPUIPlugin:80 - create IPUIPlugin
2024-02-27 21:16:19,827 [INFO] PluginManager:220 - loadIPPluginJar : add tracer_emb
2024-02-27 21:16:19,828 [INFO] IPUIPlugin:80 - create IPUIPlugin
2024-02-27 21:16:19,828 [INFO] PluginManager:220 - loadIPPluginJar : add ts
2024-02-27 21:16:19,829 [INFO] IPUIPlugin:80 - create IPUIPlugin
2024-02-27 21:16:19,829 [INFO] PluginManager:220 - loadIPPluginJar : add tsc
2024-02-27 21:16:19,831 [INFO] IPUIPlugin:80 - create IPUIPlugin
2024-02-27 21:16:19,831 [INFO] PluginManager:220 - loadIPPluginJar : add ucpd
2024-02-27 21:16:19,833 [INFO] IPUIPlugin:80 - create IPUIPlugin
2024-02-27 21:16:19,833 [INFO] PluginManager:220 - loadIPPluginJar : add usart
2024-02-27 21:16:19,835 [INFO] IPUIPlugin:80 - create IPUIPlugin
2024-02-27 21:16:19,835 [INFO] PluginManager:220 - loadIPPluginJar : add usbx
2024-02-27 21:16:19,960 [INFO] CADModel:165 - CPN selected for project level
2024-02-27 21:16:19,961 [INFO] CADModel:114 - Register for checkConnection events
2024-02-27 21:16:19,962 [FATAL] Updater:308 - Updater called before beeing initialized
2024-02-27 21:16:19,962 [ERROR] CADModel:125 - Updater not yet initialized, retry later 
2024-02-27 21:16:20,069 [INFO] CADModel:165 - CPN selected for project level
2024-02-27 21:16:20,069 [INFO] CADModel:114 - Register for checkConnection events
2024-02-27 21:16:20,069 [FATAL] Updater:308 - Updater called before beeing initialized
2024-02-27 21:16:20,069 [ERROR] CADModel:125 - Updater not yet initialized, retry later 
2024-02-27 21:16:20,071 [FATAL] Updater:308 - Updater called before beeing initialized
2024-02-27 21:16:20,154 [FATAL] Updater:308 - Updater called before beeing initialized
2024-02-27 21:16:20,157 [INFO] DbMcusAds:53 - JSON generation date=Thu Sep 30 01:55:09 CDT 2021 (1632984909247)
2024-02-27 21:16:20,157 [FATAL] Updater:308 - Updater called before beeing initialized
2024-02-27 21:16:20,188 [WARN] DetailPanel:346 - Failed to get advertising image, set to default
2024-02-27 21:16:20,273 [FATAL] Updater:308 - Updater called before beeing initialized
2024-02-27 21:16:20,274 [FATAL] Updater:308 - Updater called before beeing initialized
2024-02-27 21:16:20,274 [FATAL] Updater:308 - Updater called before beeing initialized
2024-02-27 21:16:20,274 [WARN] DetailPanel:346 - Failed to get advertising image, set to default
2024-02-27 21:16:20,275 [FATAL] Updater:308 - Updater called before beeing initialized
2024-02-27 21:16:20,314 [ERROR] Updater:1120 - MainUpdater not yet initialized. External WinMGr cannot be set.
2024-02-27 21:16:20,315 [INFO] Updater:1056 - Updater Version found : 6.10.0
2024-02-27 21:16:20,332 [INFO] ApplicationProperties:184 - Using Application install path: C:\ST\STM32CubeIDE_1.14.1\STM32CubeIDE\plugins\com.st.stm32cube.common.mx_6.10.0.202311202037
2024-02-27 21:16:21,903 [ERROR] LogOutputStream:75 - [STDERR_REDIRECT] Feb 27, 2024 9:16:21 PM java.util.prefs.WindowsPreferences <init>
2024-02-27 21:16:21,904 [ERROR] LogOutputStream:75 - [STDERR_REDIRECT] WARNING: Could not open/create prefs root node Software\JavaSoft\Prefs at root 0xffffffff80000002. Windows RegCreateKeyEx(...) returned error code 5.
2024-02-27 21:16:21,904 [ERROR] LogOutputStream:75 - [STDERR_REDIRECT] 
2024-02-27 21:16:21,919 [INFO] MainUpdater:526 - Copy updater definitions from MX database
2024-02-27 21:16:21,950 [INFO] MainUpdater:559 - Copy flag file definitions from MX database
2024-02-27 21:16:21,955 [INFO] MainUpdater:575 - Copy thirdparty index definitions from MX database
2024-02-27 21:16:21,957 [INFO] MainUpdater:594 - Copy default thirdparty db definitions from MX database
2024-02-27 21:16:22,281 [INFO] MainUpdater:2873 - connection check result : 10
2024-02-27 21:16:22,281 [INFO] MainUpdater:3567 - Updater definition file requires update
2024-02-27 21:16:22,282 [INFO] MainUpdater:290 - Updater Check For Update Now.
2024-02-27 21:16:22,282 [INFO] MicroXplorer:498 - Change Database Version : DB.6.0.100
2024-02-27 21:16:22,289 [INFO] McuFinderGlobals:63 - Set McuFinder mode to 2 (CubeIDE integrated)
2024-02-27 21:16:22,289 [INFO] UserAuth:180 - activating auth plugin
2024-02-27 21:16:22,291 [INFO] UserAuth:404 - Internet connection configuration mode: 1
2024-02-27 21:16:22,300 [INFO] JxBrowserEngine:152 - Initiate JxBrowser Engine with user profile folder
2024-02-27 21:16:22,337 [WARN] MainUpdater:1194 - Updater busy. Cannot search thirdparties
2024-02-27 21:16:22,337 [INFO] ThirdPartyUpdaterWithRetryManager:96 - Updater plugin is busy. [1/15]
2024-02-27 21:16:22,569 [INFO] ServerAccessManage:473 - Download File updaters.zip
2024-02-27 21:16:22,695 [INFO] FileExtend:240 - Unzip File : updaters.zip
2024-02-27 21:16:22,696 [INFO] FileExtend:255 - Standard Zip Deflate
2024-02-27 21:16:23,120 [INFO] ServerAccessManage:473 - Download File PacksControlFlags.xml
2024-02-27 21:16:23,285 [INFO] ServerAccessManage:473 - Download File cubemx.pidx
2024-02-27 21:16:23,529 [INFO] ServerAccessManage:473 - Download File STMicroelectronics.FP-ATR-ASTRA1.pdsc
2024-02-27 21:16:23,947 [INFO] ServerAccessManage:473 - Download File STMicroelectronics.FP-ATR-SIGFOX1.pdsc
2024-02-27 21:16:24,156 [INFO] ServerAccessManage:473 - Download File STMicroelectronics.FP-SNS-FLIGHT1.pdsc
2024-02-27 21:16:24,536 [INFO] ServerAccessManage:473 - Download File STMicroelectronics.FP-SNS-MOTENV1.pdsc
2024-02-27 21:16:24,996 [INFO] ServerAccessManage:473 - Download File STMicroelectronics.FP-SNS-MOTENVWB1.pdsc
2024-02-27 21:16:25,336 [INFO] ServerAccessManage:473 - Download File STMicroelectronics.FP-SNS-SMARTAG2.pdsc
2024-02-27 21:16:25,339 [WARN] MainUpdater:1194 - Updater busy. Cannot search thirdparties
2024-02-27 21:16:25,339 [INFO] ThirdPartyUpdaterWithRetryManager:96 - Updater plugin is busy. [2/15]
2024-02-27 21:16:25,687 [INFO] ServerAccessManage:473 - Download File STMicroelectronics.X-CUBE-AI.pdsc
2024-02-27 21:16:26,801 [INFO] WebApp:161 - Instantiating new browser for Auth
2024-02-27 21:16:27,215 [INFO] WebApp:780 - Register for checkConnection events
2024-02-27 21:16:27,216 [INFO] WebApp:414 - Apply proxy settings
2024-02-27 21:16:27,216 [INFO] WebApp:499 - Chromium requires no authentication
2024-02-27 21:16:27,221 [INFO] WebApp:442 - Direct internet connection detected
2024-02-27 21:16:27,334 [INFO] WebApp:192 - Starting web application
2024-02-27 21:16:27,335 [INFO] WebApp:544 - Web application path used C:\ST\STM32CubeIDE_1.14.1\STM32CubeIDE\plugins\com.st.stm32cube.common.mx_6.10.0.202311202037\db\plugins\mcufinder\reactClient1\index.html
2024-02-27 21:16:27,383 [INFO] ServerAccessManage:473 - Download File STMicroelectronics.X-CUBE-ALS.pdsc
2024-02-27 21:16:27,692 [INFO] ServerAccessManage:473 - Download File STMicroelectronics.X-CUBE-BLE1.pdsc
2024-02-27 21:16:28,340 [WARN] MainUpdater:1194 - Updater busy. Cannot search thirdparties
2024-02-27 21:16:28,340 [INFO] ThirdPartyUpdaterWithRetryManager:96 - Updater plugin is busy. [3/15]
2024-02-27 21:16:29,144 [ERROR] ServerAccessManage:1089 - Problem, file not found on Server
2024-02-27 21:16:29,262 [INFO] ServerAccessManage:473 - Download File STMicroelectronics.X-CUBE-BLE2.pdsc
2024-02-27 21:16:30,093 [INFO] ServerAccessManage:473 - Download File STMicroelectronics.X-CUBE-BLEMGR.pdsc
2024-02-27 21:16:30,792 [INFO] ServerAccessManage:473 - Download File STMicroelectronics.X-CUBE-DISPLAY.pdsc
2024-02-27 21:16:31,340 [WARN] MainUpdater:1194 - Updater busy. Cannot search thirdparties
2024-02-27 21:16:31,340 [INFO] ThirdPartyUpdaterWithRetryManager:96 - Updater plugin is busy. [4/15]
2024-02-27 21:16:31,445 [INFO] ServerAccessManage:473 - Download File STMicroelectronics.X-CUBE-EEPRMA1.pdsc
2024-02-27 21:16:31,643 [ERROR] ServerAccessManage:1089 - Problem, file not found on Server
2024-02-27 21:16:31,906 [ERROR] ServerAccessManage:1089 - Problem, file not found on Server
2024-02-27 21:16:32,277 [INFO] ServerAccessManage:473 - Download File STMicroelectronics.X-CUBE-FREERTOS.pdsc
2024-02-27 21:16:32,674 [INFO] ServerAccessManage:473 - Download File STMicroelectronics.X-CUBE-GNSS1.pdsc
2024-02-27 21:16:34,341 [WARN] MainUpdater:1194 - Updater busy. Cannot search thirdparties
2024-02-27 21:16:34,341 [INFO] ThirdPartyUpdaterWithRetryManager:96 - Updater plugin is busy. [5/15]
2024-02-27 21:16:37,342 [WARN] MainUpdater:1194 - Updater busy. Cannot search thirdparties
2024-02-27 21:16:37,342 [INFO] ThirdPartyUpdaterWithRetryManager:96 - Updater plugin is busy. [6/15]
2024-02-27 21:16:37,493 [ERROR] ServerAccessManage:1089 - Problem, file not found on Server
2024-02-27 21:16:38,120 [ERROR] ServerAccessManage:1089 - Problem, file not found on Server
2024-02-27 21:16:38,718 [ERROR] ServerAccessManage:1089 - Problem, file not found on Server
2024-02-27 21:16:39,320 [ERROR] ServerAccessManage:1089 - Problem, file not found on Server
2024-02-27 21:16:39,895 [ERROR] ServerAccessManage:1089 - Problem, file not found on Server
2024-02-27 21:16:40,342 [WARN] MainUpdater:1194 - Updater busy. Cannot search thirdparties
2024-02-27 21:16:40,343 [INFO] ThirdPartyUpdaterWithRetryManager:96 - Updater plugin is busy. [7/15]
2024-02-27 21:16:40,511 [ERROR] ServerAccessManage:1089 - Problem, file not found on Server
2024-02-27 21:16:41,091 [INFO] ServerAccessManage:473 - Download File STMicroelectronics.X-CUBE-ISPU.pdsc
2024-02-27 21:16:42,898 [INFO] ServerAccessManage:473 - Download File STMicroelectronics.X-CUBE-MEMS1.pdsc
2024-02-27 21:16:43,344 [WARN] MainUpdater:1194 - Updater busy. Cannot search thirdparties
2024-02-27 21:16:43,344 [INFO] ThirdPartyUpdaterWithRetryManager:96 - Updater plugin is busy. [8/15]
2024-02-27 21:16:46,347 [WARN] MainUpdater:1194 - Updater busy. Cannot search thirdparties
2024-02-27 21:16:46,347 [INFO] ThirdPartyUpdaterWithRetryManager:96 - Updater plugin is busy. [9/15]
2024-02-27 21:16:47,955 [ERROR] LogOutputStream:75 - [STDERR_REDIRECT] SLF4J: Failed to load class "org.slf4j.impl.StaticLoggerBinder".
2024-02-27 21:16:47,956 [ERROR] LogOutputStream:75 - [STDERR_REDIRECT] SLF4J: Defaulting to no-operation (NOP) logger implementation
2024-02-27 21:16:47,957 [ERROR] LogOutputStream:75 - [STDERR_REDIRECT] SLF4J: See http://www.slf4j.org/codes.html#StaticLoggerBinder for further details.
2024-02-27 21:16:49,347 [WARN] MainUpdater:1194 - Updater busy. Cannot search thirdparties
2024-02-27 21:16:49,347 [INFO] ThirdPartyUpdaterWithRetryManager:96 - Updater plugin is busy. [10/15]
2024-02-27 21:16:52,348 [WARN] MainUpdater:1194 - Updater busy. Cannot search thirdparties
2024-02-27 21:16:52,348 [INFO] ThirdPartyUpdaterWithRetryManager:96 - Updater plugin is busy. [11/15]
2024-02-27 21:16:55,349 [WARN] MainUpdater:1194 - Updater busy. Cannot search thirdparties
2024-02-27 21:16:55,349 [INFO] ThirdPartyUpdaterWithRetryManager:96 - Updater plugin is busy. [12/15]
2024-02-27 21:16:56,617 [INFO] ServerAccessManage:473 - Download File STMicroelectronics.X-CUBE-NFC4.pdsc
2024-02-27 21:16:58,350 [WARN] MainUpdater:1194 - Updater busy. Cannot search thirdparties
2024-02-27 21:16:58,350 [INFO] ThirdPartyUpdaterWithRetryManager:96 - Updater plugin is busy. [13/15]
2024-02-27 21:17:01,351 [WARN] MainUpdater:1194 - Updater busy. Cannot search thirdparties
2024-02-27 21:17:01,351 [INFO] ThirdPartyUpdaterWithRetryManager:96 - Updater plugin is busy. [14/15]
2024-02-27 21:17:03,482 [INFO] ServerAccessManage:473 - Download File STMicroelectronics.X-CUBE-NFC6.pdsc
2024-02-27 21:17:04,352 [WARN] MainUpdater:1194 - Updater busy. Cannot search thirdparties
2024-02-27 21:17:04,352 [INFO] ThirdPartyUpdaterWithRetryManager:96 - Updater plugin is busy. [15/15]
2024-02-27 21:17:04,352 [ERROR] IntegrityCheckThread:130 - Cannot retrieve database content from updater: error -1
2024-02-27 21:17:04,352 [INFO] ThirdParty:978 - Integrity check success = false
2024-02-27 21:17:04,352 [INFO] IntegrityCheckThread:100 - exiting critical section [integrity check]
2024-02-27 21:17:04,352 [INFO] IntegrityCheckThread:103 - End integrity checks thread
2024-02-27 21:17:05,629 [INFO] ServerAccessManage:473 - Download File STMicroelectronics.X-CUBE-NFC7.pdsc
2024-02-27 21:17:07,509 [INFO] ServerAccessManage:473 - Download File STMicroelectronics.X-CUBE-SFXS2LP1.pdsc
2024-02-27 21:17:09,973 [INFO] ServerAccessManage:473 - Download File STMicroelectronics.X-CUBE-SUBG2.pdsc
2024-02-27 21:17:16,207 [INFO] ServerAccessManage:473 - Download File STMicroelectronics.X-CUBE-SMBUS.pdsc
2024-02-27 21:17:17,377 [ERROR] ServerAccessManage:1089 - Problem, file not found on Server
2024-02-27 21:17:18,068 [INFO] ServerAccessManage:473 - Download File STMicroelectronics.X-CUBE-TOF1.pdsc
2024-02-27 21:17:22,755 [ERROR] ServerAccessManage:1089 - Problem, file not found on Server
2024-02-27 21:17:23,967 [INFO] ServerAccessManage:473 - Download File STMicroelectronics.X-CUBE-TOUCHGFX.pdsc
2024-02-27 21:17:35,817 [INFO] ServerAccessManage:473 - Download File STMicroelectronics.X-CUBE-ALGOBUILD.pdsc
2024-02-27 21:17:39,749 [INFO] ServerAccessManage:473 - Download File STMicroelectronics.X-CUBE-AZRTOS-H7.pdsc
2024-02-27 21:17:45,551 [INFO] ServerAccessManage:473 - Download File STMicroelectronics.X-CUBE-AZRTOS-F4.pdsc
2024-02-27 21:17:47,020 [INFO] ServerAccessManage:473 - Download File STMicroelectronics.X-CUBE-AZRTOS-F7.pdsc
2024-02-27 21:17:48,881 [INFO] ServerAccessManage:473 - Download File STMicroelectronics.X-CUBE-AZRTOS-L4.pdsc
2024-02-27 21:17:50,412 [INFO] ServerAccessManage:473 - Download File STMicroelectronics.X-CUBE-AZRTOS-L5.pdsc
2024-02-27 21:17:52,796 [INFO] ServerAccessManage:473 - Download File STMicroelectronics.X-CUBE-AZRTOS-G0.pdsc
2024-02-27 21:17:54,778 [INFO] ServerAccessManage:473 - Download File STMicroelectronics.X-CUBE-AZRTOS-G4.pdsc
2024-02-27 21:17:56,687 [INFO] ServerAccessManage:473 - Download File STMicroelectronics.X-CUBE-AZRTOS-WB.pdsc
2024-02-27 21:17:58,551 [INFO] ServerAccessManage:473 - Download File STMicroelectronics.X-CUBE-AZRTOS-WL.pdsc
2024-02-27 21:18:00,417 [INFO] ServerAccessManage:473 - Download File wolfSSL.I-CUBE-wolfSSL.pdsc
2024-02-27 21:18:02,145 [ERROR] ServerAccessManage:1089 - Problem, file not found on Server
2024-02-27 21:18:02,409 [ERROR] ServerAccessManage:1089 - Problem, file not found on Server
2024-02-27 21:18:02,681 [ERROR] ServerAccessManage:1089 - Problem, file not found on Server
2024-02-27 21:18:02,952 [ERROR] ServerAccessManage:1096 - Problem, Http access forbiden
2024-02-27 21:18:02,953 [ERROR] ServerAccessManage:651 - Problem, Http access forbiden : RoweBots.I-CUBE-UNISONRTOS.pdsc.
2024-02-27 21:18:03,605 [INFO] ServerAccessManage:473 - Download File SEGGER.I-CUBE-embOS.pdsc
2024-02-27 21:18:05,185 [INFO] ServerAccessManage:473 - Download File portGmbH.I-Cube-SoM-uGOAL.pdsc
2024-02-27 21:18:06,576 [ERROR] ServerAccessManage:1089 - Problem, file not found on Server
2024-02-27 21:18:06,710 [ERROR] ServerAccessManage:1089 - Problem, file not found on Server
2024-02-27 21:18:06,847 [ERROR] ServerAccessManage:1089 - Problem, file not found on Server
2024-02-27 21:18:07,586 [INFO] ServerAccessManage:473 - Download File emotas.I-CUBE-CANOPEN.pdsc
2024-02-27 21:18:08,139 [INFO] ServerAccessManage:473 - Download File WES.I-CUBE-Cesium.pdsc
2024-02-27 21:18:08,383 [ERROR] ServerAccessManage:1089 - Problem, file not found on Server
2024-02-27 21:18:08,578 [ERROR] ServerAccessManage:1089 - Problem, file not found on Server
2024-02-27 21:18:08,924 [INFO] ServerAccessManage:473 - Download File ITTIA_DB.I-CUBE-ITTIADB.pdsc
2024-02-27 21:18:09,978 [INFO] ServerAccessManage:473 - Download File Infineon.AIROC-Wi-Fi-Bluetooth-STM32.pdsc
2024-02-27 21:18:10,855 [WARN] CheckServerUpdateThread:151 - Open CheckUpdateFile Fail
2024-02-27 21:18:10,857 [WARN] PackLoader:240 - Cannot read IP mode file for STMicroelectronics.FP-ATR-ASTRA1.2.0.0
2024-02-27 21:18:10,867 [WARN] PackLoader:240 - Cannot read IP mode file for STMicroelectronics.FP-ATR-SIGFOX1.3.2.0
2024-02-27 21:18:10,875 [WARN] PackLoader:240 - Cannot read IP mode file for STMicroelectronics.FP-SNS-FLIGHT1.5.0.2
2024-02-27 21:18:10,881 [WARN] PackLoader:240 - Cannot read IP mode file for STMicroelectronics.FP-SNS-MOTENV1.4.3.2
2024-02-27 21:18:10,888 [WARN] PackLoader:240 - Cannot read IP mode file for STMicroelectronics.FP-SNS-MOTENVWB1.1.3.1
2024-02-27 21:18:10,894 [WARN] PackLoader:240 - Cannot read IP mode file for STMicroelectronics.FP-SNS-SMARTAG2.1.2.0
2024-02-27 21:18:10,899 [WARN] PackLoader:240 - Cannot read IP mode file for STMicroelectronics.X-CUBE-AI.8.1.0
2024-02-27 21:18:10,905 [WARN] PackLoader:240 - Cannot read IP mode file for STMicroelectronics.X-CUBE-ALS.1.0.1
2024-02-27 21:18:10,913 [WARN] PackLoader:240 - Cannot read IP mode file for STMicroelectronics.X-CUBE-BLE1.7.0.0
2024-02-27 21:18:10,918 [WARN] PackLoader:240 - Cannot read IP mode file for STMicroelectronics.X-CUBE-BLE2.3.3.0
2024-02-27 21:18:10,930 [WARN] PackLoader:240 - Cannot read IP mode file for STMicroelectronics.X-CUBE-BLEMGR.3.0.0
2024-02-27 21:18:10,943 [WARN] PackLoader:240 - Cannot read IP mode file for STMicroelectronics.X-CUBE-DISPLAY.3.0.0
2024-02-27 21:18:10,954 [WARN] PackLoader:240 - Cannot read IP mode file for STMicroelectronics.X-CUBE-EEPRMA1.5.1.0
2024-02-27 21:18:10,961 [WARN] PackLoader:240 - Cannot read IP mode file for STMicroelectronics.X-CUBE-FREERTOS.1.1.0
2024-02-27 21:18:10,966 [WARN] PackLoader:240 - Cannot read IP mode file for STMicroelectronics.X-CUBE-GNSS1.6.0.0
2024-02-27 21:18:10,971 [WARN] PackLoader:240 - Cannot read IP mode file for STMicroelectronics.X-CUBE-ISPU.2.0.0
2024-02-27 21:18:10,977 [INFO] CheckServerUpdateThread:120 - End of CheckServer Thread
2024-02-27 21:18:11,013 [WARN] PackLoader:240 - Cannot read IP mode file for STMicroelectronics.X-CUBE-MEMS1.10.0.0
2024-02-27 21:18:11,129 [WARN] PackLoader:240 - Cannot read IP mode file for STMicroelectronics.X-CUBE-NFC4.3.0.0
2024-02-27 21:18:11,137 [WARN] PackLoader:240 - Cannot read IP mode file for STMicroelectronics.X-CUBE-NFC6.3.0.0
2024-02-27 21:18:11,143 [WARN] PackLoader:240 - Cannot read IP mode file for STMicroelectronics.X-CUBE-NFC7.1.0.1
2024-02-27 21:18:11,149 [WARN] PackLoader:240 - Cannot read IP mode file for STMicroelectronics.X-CUBE-SFXS2LP1.4.0.0
2024-02-27 21:18:11,158 [WARN] PackLoader:240 - Cannot read IP mode file for STMicroelectronics.X-CUBE-SUBG2.5.0.0
2024-02-27 21:18:11,171 [WARN] PackLoader:240 - Cannot read IP mode file for STMicroelectronics.X-CUBE-SMBUS.2.1.0
2024-02-27 21:18:11,181 [WARN] PackLoader:240 - Cannot read IP mode file for STMicroelectronics.X-CUBE-TOF1.3.4.0
2024-02-27 21:18:11,195 [WARN] PackLoader:240 - Cannot read IP mode file for STMicroelectronics.X-CUBE-TOUCHGFX.4.23.0
2024-02-27 21:18:11,200 [WARN] PackLoader:240 - Cannot read IP mode file for STMicroelectronics.X-CUBE-ALGOBUILD.1.3.0
2024-02-27 21:18:11,217 [WARN] PackLoader:240 - Cannot read IP mode file for STMicroelectronics.X-CUBE-AZRTOS-H7.3.2.0
2024-02-27 21:18:11,242 [WARN] PackLoader:240 - Cannot read IP mode file for STMicroelectronics.X-CUBE-AZRTOS-F4.1.1.0
2024-02-27 21:18:11,261 [WARN] PackLoader:240 - Cannot read IP mode file for STMicroelectronics.X-CUBE-AZRTOS-F7.1.1.0
2024-02-27 21:18:11,276 [WARN] ConditionMgr:438 - getConditionDescription Invalid condition id : LAN8742 Phy interface Condition cause : null
2024-02-27 21:18:11,277 [WARN] PackLoader:240 - Cannot read IP mode file for STMicroelectronics.X-CUBE-AZRTOS-L4.2.0.0
2024-02-27 21:18:11,278 [WARN] ConditionMgr:1039 - genDependencies : Invalid condition id : LAN8742 Phy interface Condition cause : null
2024-02-27 21:18:11,278 [WARN] ConditionMgr:1039 - genDependencies : Invalid condition id : LAN8742 Phy interface Condition cause : null
2024-02-27 21:18:11,278 [WARN] ConditionMgr:1039 - genDependencies : Invalid condition id : LAN8742 Phy interface Condition cause : null
2024-02-27 21:18:11,291 [WARN] PackLoader:240 - Cannot read IP mode file for STMicroelectronics.X-CUBE-AZRTOS-L5.2.0.0
2024-02-27 21:18:11,305 [WARN] PackLoader:240 - Cannot read IP mode file for STMicroelectronics.X-CUBE-AZRTOS-G0.1.1.0
2024-02-27 21:18:11,321 [WARN] PackLoader:240 - Cannot read IP mode file for STMicroelectronics.X-CUBE-AZRTOS-G4.2.0.0
2024-02-27 21:18:11,334 [WARN] ConditionMgr:438 - getConditionDescription Invalid condition id : UX DEVICE CLASS RTOS Condition cause : null
2024-02-27 21:18:11,334 [WARN] ConditionMgr:438 - getConditionDescription Invalid condition id : UX DEVICE CLASS RTOS Condition cause : null
2024-02-27 21:18:11,336 [WARN] PackLoader:240 - Cannot read IP mode file for STMicroelectronics.X-CUBE-AZRTOS-WB.2.0.0
2024-02-27 21:18:11,336 [WARN] ConditionMgr:1039 - genDependencies : Invalid condition id : UX DEVICE CLASS RTOS Condition cause : null
2024-02-27 21:18:11,337 [WARN] ConditionMgr:1039 - genDependencies : Invalid condition id : UX DEVICE CLASS RTOS Condition cause : null
2024-02-27 21:18:11,337 [WARN] ConditionMgr:1039 - genDependencies : Invalid condition id : UX DEVICE CLASS RTOS Condition cause : null
2024-02-27 21:18:11,337 [WARN] ConditionMgr:1039 - genDependencies : Invalid condition id : UX DEVICE CLASS RTOS Condition cause : null
2024-02-27 21:18:11,337 [WARN] ConditionMgr:1039 - genDependencies : Invalid condition id : UX DEVICE CLASS RTOS Condition cause : null
2024-02-27 21:18:11,346 [INFO] LogOutputStream:77 - [STDOUT_REDIRECT] 1 : Invalid condition id : UX_CORESTACK_Condition cause : null
2024-02-27 21:18:11,346 [INFO] LogOutputStream:77 - [STDOUT_REDIRECT] 1 : Invalid condition id : UX_CORESTACK_Condition cause : null
2024-02-27 21:18:11,347 [INFO] LogOutputStream:77 - [STDOUT_REDIRECT] 1 : Invalid condition id : UX_CORESTACK_Condition cause : null
2024-02-27 21:18:11,348 [INFO] LogOutputStream:77 - [STDOUT_REDIRECT] 1 : Invalid condition id : UX_CORESTACK_Condition cause : null
2024-02-27 21:18:11,349 [INFO] LogOutputStream:77 - [STDOUT_REDIRECT] 1 : Invalid condition id : UX_CORESTACK_Condition cause : null
2024-02-27 21:18:11,351 [WARN] PackLoader:240 - Cannot read IP mode file for STMicroelectronics.X-CUBE-AZRTOS-WL.2.0.0
2024-02-27 21:18:11,356 [WARN] PackLoader:240 - Cannot read IP mode file for wolfSSL.I-CUBE-wolfSSL.5.6.6
2024-02-27 21:18:11,379 [WARN] PackLoader:240 - Cannot read IP mode file for SEGGER.I-CUBE-embOS.1.3.1
2024-02-27 21:18:11,417 [WARN] PackLoader:240 - Cannot read IP mode file for portGmbH.I-Cube-SoM-uGOAL.1.1.0
2024-02-27 21:18:11,422 [WARN] PackLoader:240 - Cannot read IP mode file for emotas.I-CUBE-CANOPEN.1.3.0
2024-02-27 21:18:11,428 [WARN] PackLoader:240 - Cannot read IP mode file for WES.I-CUBE-Cesium.1.3.0
2024-02-27 21:18:11,432 [WARN] PackLoader:240 - Cannot read IP mode file for ITTIA_DB.I-CUBE-ITTIADB.8.8.0
2024-02-27 21:18:11,442 [WARN] PackLoader:240 - Cannot read IP mode file for Infineon.AIROC-Wi-Fi-Bluetooth-STM32.1.5.1
2024-02-27 21:18:11,444 [INFO] PopulateThirdPartyThread:66 - Ending populate Thread
2024-02-27 21:18:11,446 [INFO] ThirdParty:1030 - CMSIS Pack Vendor :STMicroelectronics X-CUBE-DISPLAY 3.0.0
2024-02-27 21:18:11,447 [INFO] ThirdParty:1030 - CMSIS Pack Vendor :STMicroelectronics X-CUBE-GNSS1 6.0.0
2024-02-27 21:18:11,447 [INFO] ThirdParty:1030 - CMSIS Pack Vendor :STMicroelectronics FP-SNS-MOTENVWB1 1.3.1
2024-02-27 21:18:11,447 [INFO] ThirdParty:1030 - CMSIS Pack Vendor :STMicroelectronics X-CUBE-AZRTOS-F4 1.1.0
2024-02-27 21:18:11,447 [INFO] ThirdParty:1030 - CMSIS Pack Vendor :STMicroelectronics FP-ATR-SIGFOX1 3.2.0
2024-02-27 21:18:11,447 [INFO] ThirdParty:1030 - CMSIS Pack Vendor :STMicroelectronics X-CUBE-BLE1 7.0.0
2024-02-27 21:18:11,447 [INFO] ThirdParty:1030 - CMSIS Pack Vendor :STMicroelectronics X-CUBE-SMBUS 2.1.0
2024-02-27 21:18:11,447 [INFO] ThirdParty:1030 - CMSIS Pack Vendor :STMicroelectronics X-CUBE-ISPU 2.0.0
2024-02-27 21:18:11,447 [INFO] ThirdParty:1030 - CMSIS Pack Vendor :STMicroelectronics X-CUBE-EEPRMA1 5.1.0
2024-02-27 21:18:11,447 [INFO] ThirdParty:1030 - CMSIS Pack Vendor :STMicroelectronics X-CUBE-AZRTOS-WB 2.0.0
2024-02-27 21:18:11,447 [INFO] ThirdParty:1030 - CMSIS Pack Vendor :emotas I-CUBE-CANOPEN 1.3.0
2024-02-27 21:18:11,447 [INFO] ThirdParty:1030 - CMSIS Pack Vendor :STMicroelectronics X-CUBE-MEMS1 10.0.0
2024-02-27 21:18:11,448 [INFO] ThirdParty:1030 - CMSIS Pack Vendor :wolfSSL I-CUBE-wolfSSL 5.6.6
2024-02-27 21:18:11,448 [INFO] ThirdParty:1030 - CMSIS Pack Vendor :STMicroelectronics X-CUBE-FREERTOS 1.1.0
2024-02-27 21:18:11,448 [INFO] ThirdParty:1030 - CMSIS Pack Vendor :STMicroelectronics X-CUBE-NFC7 1.0.1
2024-02-27 21:18:11,448 [INFO] ThirdParty:1030 - CMSIS Pack Vendor :STMicroelectronics X-CUBE-TOUCHGFX 4.23.0
2024-02-27 21:18:11,448 [INFO] ThirdParty:1030 - CMSIS Pack Vendor :STMicroelectronics X-CUBE-AZRTOS-F7 1.1.0
2024-02-27 21:18:11,448 [INFO] ThirdParty:1030 - CMSIS Pack Vendor :STMicroelectronics X-CUBE-AZRTOS-L5 2.0.0
2024-02-27 21:18:11,448 [INFO] ThirdParty:1030 - CMSIS Pack Vendor :STMicroelectronics X-CUBE-NFC6 3.0.0
2024-02-27 21:18:11,448 [INFO] ThirdParty:1030 - CMSIS Pack Vendor :STMicroelectronics X-CUBE-ALS 1.0.1
2024-02-27 21:18:11,448 [INFO] ThirdParty:1030 - CMSIS Pack Vendor :portGmbH I-Cube-SoM-uGOAL 1.1.0
2024-02-27 21:18:11,448 [INFO] ThirdParty:1030 - CMSIS Pack Vendor :ITTIA_DB I-CUBE-ITTIADB 8.8.0
2024-02-27 21:18:11,448 [INFO] ThirdParty:1030 - CMSIS Pack Vendor :STMicroelectronics FP-SNS-SMARTAG2 1.2.0
2024-02-27 21:18:11,448 [INFO] ThirdParty:1030 - CMSIS Pack Vendor :STMicroelectronics FP-SNS-MOTENV1 4.3.2
2024-02-27 21:18:11,448 [INFO] ThirdParty:1030 - CMSIS Pack Vendor :STMicroelectronics X-CUBE-ALGOBUILD 1.3.0
2024-02-27 21:18:11,448 [INFO] ThirdParty:1030 - CMSIS Pack Vendor :STMicroelectronics X-CUBE-AZRTOS-WL 2.0.0
2024-02-27 21:18:11,449 [INFO] ThirdParty:1030 - CMSIS Pack Vendor :SEGGER I-CUBE-embOS 1.3.1
2024-02-27 21:18:11,449 [INFO] ThirdParty:1030 - CMSIS Pack Vendor :STMicroelectronics X-CUBE-AZRTOS-G0 1.1.0
2024-02-27 21:18:11,449 [INFO] ThirdParty:1030 - CMSIS Pack Vendor :STMicroelectronics X-CUBE-AI 8.1.0
2024-02-27 21:18:11,449 [INFO] ThirdParty:1030 - CMSIS Pack Vendor :STMicroelectronics X-CUBE-NFC4 3.0.0
2024-02-27 21:18:11,449 [INFO] ThirdParty:1030 - CMSIS Pack Vendor :STMicroelectronics X-CUBE-SUBG2 5.0.0
2024-02-27 21:18:11,449 [INFO] ThirdParty:1030 - CMSIS Pack Vendor :STMicroelectronics X-CUBE-AZRTOS-L4 2.0.0
2024-02-27 21:18:11,449 [INFO] ThirdParty:1030 - CMSIS Pack Vendor :STMicroelectronics FP-ATR-ASTRA1 2.0.0
2024-02-27 21:18:11,449 [INFO] ThirdParty:1030 - CMSIS Pack Vendor :WES I-CUBE-Cesium 1.3.0
2024-02-27 21:18:11,449 [INFO] ThirdParty:1030 - CMSIS Pack Vendor :STMicroelectronics X-CUBE-SFXS2LP1 4.0.0
2024-02-27 21:18:11,449 [INFO] ThirdParty:1030 - CMSIS Pack Vendor :STMicroelectronics FP-SNS-FLIGHT1 5.0.2
2024-02-27 21:18:11,449 [INFO] ThirdParty:1030 - CMSIS Pack Vendor :STMicroelectronics X-CUBE-BLE2 3.3.0
2024-02-27 21:18:11,449 [INFO] ThirdParty:1030 - CMSIS Pack Vendor :STMicroelectronics X-CUBE-TOF1 3.4.0
2024-02-27 21:18:11,449 [INFO] ThirdParty:1030 - CMSIS Pack Vendor :STMicroelectronics X-CUBE-AZRTOS-G4 2.0.0
2024-02-27 21:18:11,449 [INFO] ThirdParty:1030 - CMSIS Pack Vendor :STMicroelectronics X-CUBE-AZRTOS-H7 3.2.0
2024-02-27 21:18:11,449 [INFO] ThirdParty:1030 - CMSIS Pack Vendor :Infineon AIROC-Wi-Fi-Bluetooth-STM32 1.5.1
2024-02-27 21:18:11,449 [INFO] ThirdParty:1030 - CMSIS Pack Vendor :STMicroelectronics X-CUBE-BLEMGR 3.0.0
2024-02-27 21:18:11,450 [INFO] LoadServerUpdatesThread:375 - End of LoadServerUpdate Thread
2024-02-27 21:41:18,435 [ERROR] LogOutputStream:75 - [STDERR_REDIRECT] 
2024-02-27 21:41:18,436 [ERROR] LogOutputStream:75 - [STDERR_REDIRECT] 
2024-02-27 21:41:27,662 [INFO] Activator:176 - 


2024-02-27 21:41:27,664 [INFO] Activator:177 - !SESSION log4j initialized
2024-02-27 21:41:29,638 [INFO] LogOutputStream:77 - [STDOUT_REDIRECT] 
2024-02-27 21:41:31,104 [INFO] ApplicationProperties:184 - Using Application install path: C:\ST\STM32CubeIDE_1.14.1\STM32CubeIDE\plugins\com.st.stm32cube.common.mx_6.10.0.202311202037
2024-02-27 21:41:31,118 [INFO] DbMcusXml:78 - Set database path to: C:\ST\STM32CubeIDE_1.14.1\STM32CubeIDE\plugins\com.st.stm32cube.common.mx_6.10.0.202311202037\\db\/mcu/
2024-02-27 21:41:31,118 [INFO] ApiDb:274 - Set plugin database path to: C:\ST\STM32CubeIDE_1.14.1\STM32CubeIDE\plugins\com.st.stm32cube.common.mx_6.10.0.202311202037\\db\/plugins/boardmanager/
2024-02-27 21:41:31,119 [WARN] ApiDb:259 - Overriding images path with different value:  => C:\ST\STM32CubeIDE_1.14.1\STM32CubeIDE\plugins\com.st.stm32cube.common.mx_6.10.0.202311202037\\db\/plugins/mcufinder/images/
2024-02-27 21:41:31,124 [INFO] ApiDb:250 - Set database path to: C:\Users\tjdtj\.stmcufinder\plugins\mcufinder//mcu/
2024-02-27 21:41:31,125 [INFO] DbMcusAds:125 - Set database path to: C:\Users\tjdtj\.stmcufinder\plugins\mcufinder//mcu/
2024-02-27 21:41:31,126 [INFO] CrossReferenceDbSqlite:203 - Set database path to: C:\Users\tjdtj\.stmcufinder\plugins\mcufinder//mcu/cs/
2024-02-27 21:41:31,213 [INFO] RulesReader:64 - Compatibility file has been processed (297 Rules)
2024-02-27 21:41:31,275 [INFO] DbMcusXml:78 - Set database path to: C:\ST\STM32CubeIDE_1.14.1\STM32CubeIDE\plugins\com.st.stm32cube.common.mx_6.10.0.202311202037\\db\/mcu/
2024-02-27 21:41:31,275 [INFO] ApiDb:274 - Set plugin database path to: C:\ST\STM32CubeIDE_1.14.1\STM32CubeIDE\plugins\com.st.stm32cube.common.mx_6.10.0.202311202037\\db\/plugins/boardmanager/
2024-02-27 21:41:31,276 [INFO] ApiDb:261 - Set plugin images path to: C:\ST\STM32CubeIDE_1.14.1\STM32CubeIDE\plugins\com.st.stm32cube.common.mx_6.10.0.202311202037\\db\/plugins/mcufinder/images/
2024-02-27 21:41:31,276 [WARN] DbFile:41 - Overriding database path with different value: C:\Users\tjdtj\.stmcufinder\plugins\mcufinder/ => C:\Users\tjdtj\.stmcufinder\plugins\mcufinder
2024-02-27 21:41:31,276 [INFO] ApiDb:250 - Set database path to: C:\Users\tjdtj\.stmcufinder\plugins\mcufinder//mcu/
2024-02-27 21:41:31,276 [WARN] DbFile:41 - Overriding database path with different value: C:\Users\tjdtj\.stmcufinder\plugins\mcufinder/ => C:\Users\tjdtj\.stmcufinder\plugins\mcufinder
2024-02-27 21:41:31,276 [INFO] DbMcusAds:125 - Set database path to: C:\Users\tjdtj\.stmcufinder\plugins\mcufinder//mcu/
2024-02-27 21:41:31,276 [WARN] DbFile:41 - Overriding database path with different value: C:\Users\tjdtj\.stmcufinder\plugins\mcufinder/ => C:\Users\tjdtj\.stmcufinder\plugins\mcufinder
2024-02-27 21:41:31,276 [WARN] DbFile:41 - Overriding database path with different value: C:\Users\tjdtj\.stmcufinder\plugins\mcufinder/ => C:\Users\tjdtj\.stmcufinder\plugins\mcufinder
2024-02-27 21:41:31,276 [INFO] CrossReferenceDbSqlite:203 - Set database path to: C:\Users\tjdtj\.stmcufinder\plugins\mcufinder//mcu/cs/
2024-02-27 21:41:31,329 [INFO] MainPanel:264 - HeapMemory: 268435456
2024-02-27 21:41:31,380 [INFO] DbMcusXml:78 - Set database path to: C:\ST\STM32CubeIDE_1.14.1\STM32CubeIDE\plugins\com.st.stm32cube.common.mx_6.10.0.202311202037\\db\/mcu/
2024-02-27 21:41:31,380 [INFO] ApiDb:274 - Set plugin database path to: C:\ST\STM32CubeIDE_1.14.1\STM32CubeIDE\plugins\com.st.stm32cube.common.mx_6.10.0.202311202037\\db\/plugins/boardmanager/
2024-02-27 21:41:31,380 [INFO] ApiDb:261 - Set plugin images path to: C:\ST\STM32CubeIDE_1.14.1\STM32CubeIDE\plugins\com.st.stm32cube.common.mx_6.10.0.202311202037\\db\/plugins/mcufinder/images/
2024-02-27 21:41:31,380 [WARN] DbFile:41 - Overriding database path with different value: C:\Users\tjdtj\.stmcufinder\plugins\mcufinder/ => C:\Users\tjdtj\.stmcufinder\plugins\mcufinder
2024-02-27 21:41:31,380 [INFO] ApiDb:250 - Set database path to: C:\Users\tjdtj\.stmcufinder\plugins\mcufinder//mcu/
2024-02-27 21:41:31,380 [WARN] DbFile:41 - Overriding database path with different value: C:\Users\tjdtj\.stmcufinder\plugins\mcufinder/ => C:\Users\tjdtj\.stmcufinder\plugins\mcufinder
2024-02-27 21:41:31,380 [INFO] DbMcusAds:125 - Set database path to: C:\Users\tjdtj\.stmcufinder\plugins\mcufinder//mcu/
2024-02-27 21:41:31,380 [WARN] DbFile:41 - Overriding database path with different value: C:\Users\tjdtj\.stmcufinder\plugins\mcufinder/ => C:\Users\tjdtj\.stmcufinder\plugins\mcufinder
2024-02-27 21:41:31,380 [WARN] DbFile:41 - Overriding database path with different value: C:\Users\tjdtj\.stmcufinder\plugins\mcufinder/ => C:\Users\tjdtj\.stmcufinder\plugins\mcufinder
2024-02-27 21:41:31,381 [INFO] CrossReferenceDbSqlite:203 - Set database path to: C:\Users\tjdtj\.stmcufinder\plugins\mcufinder//mcu/cs/
2024-02-27 21:41:31,393 [INFO] ApplicationProperties:184 - Using Application install path: C:\ST\STM32CubeIDE_1.14.1\STM32CubeIDE\plugins\com.st.stm32cube.common.mx_6.10.0.202311202037
2024-02-27 21:41:31,394 [INFO] PluginManage:196 - Search for loadable plugins [exclusion list=, ]
2024-02-27 21:41:31,395 [INFO] PluginManage:310 - Check plugin analytics
2024-02-27 21:41:31,515 [INFO] AnalyticsPlugin:253 - Accepted Software Licenses: 
2024-02-27 21:41:31,515 [INFO] AnalyticsPlugin:255 - Accepted CMSIS Pack Licenses: 
2024-02-27 21:41:31,515 [INFO] AnalyticsPlugin:257 - Accepted Firmware Licenses: 
2024-02-27 21:41:31,517 [INFO] PluginManage:359 - Loaded plugin analytics (category:tool,tabindex:-1)
2024-02-27 21:41:31,517 [INFO] PluginManage:310 - Check plugin cadmodel
2024-02-27 21:41:31,520 [INFO] CADModel:105 - Init CAD model plugin
2024-02-27 21:41:31,520 [INFO] PluginManage:359 - Loaded plugin cadmodel (category:power,tabindex:5)
2024-02-27 21:41:31,520 [INFO] PluginManage:310 - Check plugin clock
2024-02-27 21:41:31,526 [INFO] PluginManage:359 - Loaded plugin clock (category:base,tabindex:2)
2024-02-27 21:41:31,526 [INFO] PluginManage:310 - Check plugin ddr
2024-02-27 21:41:31,528 [INFO] PluginManage:359 - Loaded plugin ddr (category:tool,tabindex:6)
2024-02-27 21:41:31,528 [INFO] PluginManage:310 - Check plugin filemanager
2024-02-27 21:41:31,623 [INFO] PluginManage:359 - Loaded plugin filemanager (category:base,tabindex:10)
2024-02-27 21:41:31,623 [INFO] PluginManage:310 - Check plugin ipmanager
2024-02-27 21:41:31,630 [INFO] PluginManage:359 - Loaded plugin ipmanager (category:base,tabindex:5)
2024-02-27 21:41:31,630 [INFO] PluginManage:310 - Check plugin lpbam
2024-02-27 21:41:31,637 [INFO] PluginManage:359 - Loaded plugin lpbam (category:base,tabindex:0)
2024-02-27 21:41:31,638 [INFO] PluginManage:310 - Check plugin memorymap
2024-02-27 21:41:31,647 [INFO] PluginManage:359 - Loaded plugin memorymap (category:base,tabindex:4)
2024-02-27 21:41:31,647 [INFO] PluginManage:310 - Check plugin pinoutandconfiguration
2024-02-27 21:41:31,652 [INFO] PluginManage:359 - Loaded plugin pinoutandconfiguration (category:base,tabindex:1)
2024-02-27 21:41:31,653 [INFO] PluginManage:310 - Check plugin pinoutconfig
2024-02-27 21:41:31,745 [WARN] SupportedApi:132 - Cannot load RTOS API schema: s4s-elt-must-match.1: The content of 'definitions' must match (annotation?, (simpleType | complexType)?, (unique | key | keyref)*)). A problem was found starting at: attribute.
2024-02-27 21:41:31,876 [INFO] PluginManage:359 - Loaded plugin pinoutconfig (category:base,tabindex:0)
2024-02-27 21:41:31,876 [INFO] PluginManage:310 - Check plugin power
2024-02-27 21:41:31,883 [INFO] PluginManage:359 - Loaded plugin power (category:power,tabindex:4)
2024-02-27 21:41:31,883 [INFO] PluginManage:310 - Check plugin projectmanager
2024-02-27 21:41:31,897 [INFO] PluginManage:359 - Loaded plugin projectmanager (category:projectmanager,tabindex:3)
2024-02-27 21:41:31,897 [INFO] PluginManage:310 - Check plugin thirdparty
2024-02-27 21:41:31,994 [INFO] PluginManage:359 - Loaded plugin thirdparty (category:base,tabindex:-1)
2024-02-27 21:41:31,994 [WARN] IntegrityCheckThread:84 - waiting for thirdparty lock release [integrity check]
2024-02-27 21:41:31,994 [INFO] PluginManage:310 - Check plugin tools
2024-02-27 21:41:31,994 [INFO] IntegrityCheckThread:86 - entering critical section [integrity check]
2024-02-27 21:41:31,994 [INFO] ThirdPartyUpdaterWithRetryManager:70 - Updater plugin not ready yet. [1/15]
2024-02-27 21:41:31,996 [INFO] PluginManage:359 - Loaded plugin tools (category:base,tabindex:7)
2024-02-27 21:41:31,996 [INFO] PluginManage:310 - Check plugin tutovideos
2024-02-27 21:41:32,140 [INFO] PluginManage:359 - Loaded plugin tutovideos (category:base,tabindex:-1)
2024-02-27 21:41:32,140 [INFO] PluginManage:310 - Check plugin updater
2024-02-27 21:41:32,147 [INFO] PluginManage:359 - Loaded plugin updater (category:base,tabindex:12)
2024-02-27 21:41:32,148 [INFO] PluginManage:310 - Check plugin userauth
2024-02-27 21:41:32,151 [INFO] UserAuth:114 - Init User Auth plugin
2024-02-27 21:41:32,151 [INFO] PluginManage:359 - Loaded plugin userauth (category:base,tabindex:14)
2024-02-27 21:41:32,152 [INFO] PluginManage:283 - PluginManage : Loaded plugins [17]
2024-02-27 21:41:32,321 [INFO] PinOutPanel:1499 - setPackage(No Configuration,No Configuration)
2024-02-27 21:41:32,385 [INFO] CADModel:165 - CPN selected for project level
2024-02-27 21:41:32,385 [INFO] CADModel:114 - Register for checkConnection events
2024-02-27 21:41:32,398 [INFO] IPUIPlugin:80 - create IPUIPlugin
2024-02-27 21:41:32,399 [INFO] PluginManager:220 - loadIPPluginJar : add adc
2024-02-27 21:41:32,401 [INFO] IPUIPlugin:80 - create IPUIPlugin
2024-02-27 21:41:32,401 [INFO] PluginManager:220 - loadIPPluginJar : add aes
2024-02-27 21:41:32,404 [INFO] IPUIPlugin:80 - create IPUIPlugin
2024-02-27 21:41:32,404 [INFO] PluginManager:220 - loadIPPluginJar : add can
2024-02-27 21:41:32,405 [INFO] IPUIPlugin:80 - create IPUIPlugin
2024-02-27 21:41:32,405 [INFO] PluginManager:220 - loadIPPluginJar : add comp
2024-02-27 21:41:32,408 [INFO] IPUIPlugin:80 - create IPUIPlugin
2024-02-27 21:41:32,408 [INFO] PluginManager:220 - loadIPPluginJar : add cryp
2024-02-27 21:41:32,410 [INFO] IPUIPlugin:80 - create IPUIPlugin
2024-02-27 21:41:32,410 [INFO] PluginManager:220 - loadIPPluginJar : add dfsdm
2024-02-27 21:41:32,414 [INFO] IPUIPlugin:80 - create IPUIPlugin
2024-02-27 21:41:32,414 [INFO] PluginManager:220 - loadIPPluginJar : add dma
2024-02-27 21:41:32,417 [INFO] IPUIPlugin:80 - create IPUIPlugin
2024-02-27 21:41:32,417 [INFO] PluginManager:220 - loadIPPluginJar : add dma3
2024-02-27 21:41:32,418 [INFO] IPUIPlugin:80 - create IPUIPlugin
2024-02-27 21:41:32,418 [INFO] PluginManager:220 - loadIPPluginJar : add fatfs
2024-02-27 21:41:32,421 [INFO] IPUIPlugin:80 - create IPUIPlugin
2024-02-27 21:41:32,421 [INFO] PluginManager:220 - loadIPPluginJar : add fmc
2024-02-27 21:41:32,426 [INFO] IPUIPlugin:80 - create IPUIPlugin
2024-02-27 21:41:32,426 [INFO] PluginManager:220 - loadIPPluginJar : add freertos
2024-02-27 21:41:32,427 [INFO] IPUIPlugin:80 - create IPUIPlugin
2024-02-27 21:41:32,427 [INFO] PluginManager:220 - loadIPPluginJar : add genericplugin
2024-02-27 21:41:32,429 [INFO] IPUIPlugin:80 - create IPUIPlugin
2024-02-27 21:41:32,429 [INFO] PluginManager:220 - loadIPPluginJar : add gfxmmu
2024-02-27 21:41:32,433 [INFO] IPUIPlugin:80 - create IPUIPlugin
2024-02-27 21:41:32,433 [INFO] PluginManager:220 - loadIPPluginJar : add gic
2024-02-27 21:41:32,436 [INFO] IPUIPlugin:80 - create IPUIPlugin
2024-02-27 21:41:32,436 [INFO] PluginManager:220 - loadIPPluginJar : add gpio
2024-02-27 21:41:32,439 [INFO] IPUIPlugin:80 - create IPUIPlugin
2024-02-27 21:41:32,439 [INFO] PluginManager:220 - loadIPPluginJar : add gtzc
2024-02-27 21:41:32,441 [INFO] IPUIPlugin:80 - create IPUIPlugin
2024-02-27 21:41:32,441 [INFO] PluginManager:220 - loadIPPluginJar : add hash
2024-02-27 21:41:32,443 [INFO] IPUIPlugin:80 - create IPUIPlugin
2024-02-27 21:41:32,443 [INFO] PluginManager:220 - loadIPPluginJar : add i2c
2024-02-27 21:41:32,446 [INFO] IPUIPlugin:80 - create IPUIPlugin
2024-02-27 21:41:32,446 [INFO] PluginManager:220 - loadIPPluginJar : add i2s
2024-02-27 21:41:32,448 [INFO] IPUIPlugin:80 - create IPUIPlugin
2024-02-27 21:41:32,448 [INFO] PluginManager:220 - loadIPPluginJar : add i3c
2024-02-27 21:41:32,451 [INFO] IPUIPlugin:80 - create IPUIPlugin
2024-02-27 21:41:32,451 [INFO] PluginManager:220 - loadIPPluginJar : add ipddr
2024-02-27 21:41:32,456 [INFO] IPUIPlugin:80 - create IPUIPlugin
2024-02-27 21:41:32,456 [INFO] PluginManager:220 - loadIPPluginJar : add linkedlist
2024-02-27 21:41:32,458 [INFO] IPUIPlugin:80 - create IPUIPlugin
2024-02-27 21:41:32,459 [INFO] PluginManager:220 - loadIPPluginJar : add lorawan
2024-02-27 21:41:32,460 [INFO] IPUIPlugin:80 - create IPUIPlugin
2024-02-27 21:41:32,460 [INFO] PluginManager:220 - loadIPPluginJar : add ltdc
2024-02-27 21:41:32,465 [INFO] IPUIPlugin:80 - create IPUIPlugin
2024-02-27 21:41:32,465 [INFO] PluginManager:220 - loadIPPluginJar : add mdma
2024-02-27 21:41:32,467 [INFO] IPUIPlugin:80 - create IPUIPlugin
2024-02-27 21:41:32,468 [INFO] PluginManager:220 - loadIPPluginJar : add nvic
2024-02-27 21:41:32,470 [INFO] IPUIPlugin:80 - create IPUIPlugin
2024-02-27 21:41:32,470 [INFO] PluginManager:220 - loadIPPluginJar : add opamp
2024-02-27 21:41:32,472 [INFO] IPUIPlugin:80 - create IPUIPlugin
2024-02-27 21:41:32,473 [INFO] PluginManager:220 - loadIPPluginJar : add openamp
2024-02-27 21:41:32,475 [INFO] IPUIPlugin:80 - create IPUIPlugin
2024-02-27 21:41:32,475 [INFO] PluginManager:220 - loadIPPluginJar : add pdm2pcm
2024-02-27 21:41:32,480 [INFO] IPUIPlugin:80 - create IPUIPlugin
2024-02-27 21:41:32,482 [INFO] PluginManager:220 - loadIPPluginJar : add plateformsettings
2024-02-27 21:41:32,483 [INFO] IPUIPlugin:80 - create IPUIPlugin
2024-02-27 21:41:32,483 [INFO] PluginManager:220 - loadIPPluginJar : add quadspi
2024-02-27 21:41:32,486 [INFO] IPUIPlugin:80 - create IPUIPlugin
2024-02-27 21:41:32,486 [INFO] PluginManager:220 - loadIPPluginJar : add resmgrutility
2024-02-27 21:41:32,489 [INFO] IPUIPlugin:80 - create IPUIPlugin
2024-02-27 21:41:32,489 [INFO] PluginManager:220 - loadIPPluginJar : add sai
2024-02-27 21:41:32,491 [INFO] IPUIPlugin:80 - create IPUIPlugin
2024-02-27 21:41:32,491 [INFO] PluginManager:220 - loadIPPluginJar : add spi
2024-02-27 21:41:32,494 [INFO] IPUIPlugin:80 - create IPUIPlugin
2024-02-27 21:41:32,494 [INFO] PluginManager:220 - loadIPPluginJar : add stm32_wpan
2024-02-27 21:41:32,496 [INFO] IPUIPlugin:80 - create IPUIPlugin
2024-02-27 21:41:32,496 [INFO] PluginManager:220 - loadIPPluginJar : add tim
2024-02-27 21:41:32,498 [INFO] IPUIPlugin:80 - create IPUIPlugin
2024-02-27 21:41:32,498 [INFO] PluginManager:220 - loadIPPluginJar : add touchsensing
2024-02-27 21:41:32,499 [INFO] IPUIPlugin:80 - create IPUIPlugin
2024-02-27 21:41:32,499 [INFO] PluginManager:220 - loadIPPluginJar : add tracer_emb
2024-02-27 21:41:32,500 [INFO] IPUIPlugin:80 - create IPUIPlugin
2024-02-27 21:41:32,500 [INFO] PluginManager:220 - loadIPPluginJar : add ts
2024-02-27 21:41:32,501 [INFO] IPUIPlugin:80 - create IPUIPlugin
2024-02-27 21:41:32,502 [INFO] PluginManager:220 - loadIPPluginJar : add tsc
2024-02-27 21:41:32,503 [INFO] IPUIPlugin:80 - create IPUIPlugin
2024-02-27 21:41:32,503 [INFO] PluginManager:220 - loadIPPluginJar : add ucpd
2024-02-27 21:41:32,504 [INFO] IPUIPlugin:80 - create IPUIPlugin
2024-02-27 21:41:32,505 [INFO] PluginManager:220 - loadIPPluginJar : add usart
2024-02-27 21:41:32,507 [INFO] IPUIPlugin:80 - create IPUIPlugin
2024-02-27 21:41:32,507 [INFO] PluginManager:220 - loadIPPluginJar : add usbx
2024-02-27 21:41:32,628 [INFO] CADModel:165 - CPN selected for project level
2024-02-27 21:41:32,628 [INFO] CADModel:114 - Register for checkConnection events
2024-02-27 21:41:32,629 [FATAL] Updater:308 - Updater called before beeing initialized
2024-02-27 21:41:32,629 [ERROR] CADModel:125 - Updater not yet initialized, retry later 
2024-02-27 21:41:32,734 [INFO] CADModel:165 - CPN selected for project level
2024-02-27 21:41:32,734 [INFO] CADModel:114 - Register for checkConnection events
2024-02-27 21:41:32,734 [FATAL] Updater:308 - Updater called before beeing initialized
2024-02-27 21:41:32,734 [ERROR] CADModel:125 - Updater not yet initialized, retry later 
2024-02-27 21:41:32,737 [FATAL] Updater:308 - Updater called before beeing initialized
2024-02-27 21:41:32,822 [FATAL] Updater:308 - Updater called before beeing initialized
2024-02-27 21:41:32,826 [INFO] DbMcusAds:53 - JSON generation date=Thu Sep 30 01:55:09 CDT 2021 (1632984909247)
2024-02-27 21:41:32,826 [FATAL] Updater:308 - Updater called before beeing initialized
2024-02-27 21:41:32,856 [WARN] DetailPanel:346 - Failed to get advertising image, set to default
2024-02-27 21:41:32,940 [FATAL] Updater:308 - Updater called before beeing initialized
2024-02-27 21:41:32,941 [FATAL] Updater:308 - Updater called before beeing initialized
2024-02-27 21:41:32,941 [FATAL] Updater:308 - Updater called before beeing initialized
2024-02-27 21:41:32,941 [WARN] DetailPanel:346 - Failed to get advertising image, set to default
2024-02-27 21:41:32,942 [FATAL] Updater:308 - Updater called before beeing initialized
2024-02-27 21:41:32,981 [ERROR] Updater:1120 - MainUpdater not yet initialized. External WinMGr cannot be set.
2024-02-27 21:41:32,982 [INFO] Updater:1056 - Updater Version found : 6.10.0
2024-02-27 21:41:32,996 [INFO] ApplicationProperties:184 - Using Application install path: C:\ST\STM32CubeIDE_1.14.1\STM32CubeIDE\plugins\com.st.stm32cube.common.mx_6.10.0.202311202037
2024-02-27 21:41:34,578 [ERROR] LogOutputStream:75 - [STDERR_REDIRECT] Feb 27, 2024 9:41:34 PM java.util.prefs.WindowsPreferences <init>
2024-02-27 21:41:34,581 [ERROR] LogOutputStream:75 - [STDERR_REDIRECT] WARNING: Could not open/create prefs root node Software\JavaSoft\Prefs at root 0xffffffff80000002. Windows RegCreateKeyEx(...) returned error code 5.
2024-02-27 21:41:34,582 [ERROR] LogOutputStream:75 - [STDERR_REDIRECT] 
2024-02-27 21:41:34,962 [INFO] MainUpdater:2873 - connection check result : 10
2024-02-27 21:41:34,962 [INFO] MainUpdater:290 - Updater Check For Update Now.
2024-02-27 21:41:34,962 [INFO] MicroXplorer:498 - Change Database Version : DB.6.0.100
2024-02-27 21:41:34,967 [INFO] McuFinderGlobals:63 - Set McuFinder mode to 2 (CubeIDE integrated)
2024-02-27 21:41:34,967 [INFO] UserAuth:180 - activating auth plugin
2024-02-27 21:41:34,969 [INFO] UserAuth:404 - Internet connection configuration mode: 1
2024-02-27 21:41:34,981 [INFO] JxBrowserEngine:152 - Initiate JxBrowser Engine with user profile folder
2024-02-27 21:41:34,998 [WARN] MainUpdater:1194 - Updater busy. Cannot search thirdparties
2024-02-27 21:41:34,998 [INFO] ThirdPartyUpdaterWithRetryManager:96 - Updater plugin is busy. [1/15]
2024-02-27 21:41:35,119 [INFO] CheckServerUpdateThread:120 - End of CheckServer Thread
2024-02-27 21:41:35,472 [INFO] WebApp:161 - Instantiating new browser for Auth
2024-02-27 21:41:35,872 [INFO] WebApp:780 - Register for checkConnection events
2024-02-27 21:41:35,873 [INFO] WebApp:414 - Apply proxy settings
2024-02-27 21:41:35,873 [INFO] WebApp:499 - Chromium requires no authentication
2024-02-27 21:41:35,877 [INFO] WebApp:442 - Direct internet connection detected
2024-02-27 21:41:35,991 [INFO] WebApp:192 - Starting web application
2024-02-27 21:41:35,991 [INFO] WebApp:544 - Web application path used C:\ST\STM32CubeIDE_1.14.1\STM32CubeIDE\plugins\com.st.stm32cube.common.mx_6.10.0.202311202037\db\plugins\mcufinder\reactClient1\index.html
2024-02-27 21:41:38,156 [WARN] PackLoader:240 - Cannot read IP mode file for STMicroelectronics.X-CUBE-SMBUS.2.1.0
2024-02-27 21:41:38,163 [WARN] PackLoader:240 - Cannot read IP mode file for STMicroelectronics.X-CUBE-TOUCHGFX.4.23.0
2024-02-27 21:41:38,200 [WARN] PackLoader:240 - Cannot read IP mode file for STMicroelectronics.X-CUBE-AZRTOS-F7.1.1.0
2024-02-27 21:41:38,211 [WARN] PackLoader:240 - Cannot read IP mode file for STMicroelectronics.FP-SNS-MOTENV1.4.3.2
2024-02-27 21:41:38,218 [WARN] PackLoader:240 - Cannot read IP mode file for STMicroelectronics.FP-SNS-FLIGHT1.5.0.2
2024-02-27 21:41:38,236 [WARN] PackLoader:240 - Cannot read IP mode file for STMicroelectronics.X-CUBE-DISPLAY.3.0.0
2024-02-27 21:41:38,257 [WARN] PackLoader:240 - Cannot read IP mode file for STMicroelectronics.X-CUBE-BLE1.7.0.0
2024-02-27 21:41:38,263 [WARN] PackLoader:240 - Cannot read IP mode file for emotas.I-CUBE-CANOPEN.1.3.0
2024-02-27 21:41:38,268 [WARN] PackLoader:240 - Cannot read IP mode file for STMicroelectronics.FP-SNS-SMARTAG2.1.2.0
2024-02-27 21:41:38,277 [INFO] LogOutputStream:77 - [STDOUT_REDIRECT] 1 : Invalid condition id : UX_CORESTACK_Condition cause : null
2024-02-27 21:41:38,278 [INFO] LogOutputStream:77 - [STDOUT_REDIRECT] 1 : Invalid condition id : UX_CORESTACK_Condition cause : null
2024-02-27 21:41:38,278 [INFO] LogOutputStream:77 - [STDOUT_REDIRECT] 1 : Invalid condition id : UX_CORESTACK_Condition cause : null
2024-02-27 21:41:38,279 [INFO] LogOutputStream:77 - [STDOUT_REDIRECT] 1 : Invalid condition id : UX_CORESTACK_Condition cause : null
2024-02-27 21:41:38,280 [INFO] LogOutputStream:77 - [STDOUT_REDIRECT] 1 : Invalid condition id : UX_CORESTACK_Condition cause : null
2024-02-27 21:41:38,284 [WARN] PackLoader:240 - Cannot read IP mode file for STMicroelectronics.X-CUBE-AZRTOS-WL.2.0.0
2024-02-27 21:41:38,292 [WARN] PackLoader:240 - Cannot read IP mode file for WES.I-CUBE-Cesium.1.3.0
2024-02-27 21:41:38,296 [WARN] PackLoader:240 - Cannot read IP mode file for STMicroelectronics.X-CUBE-BLE2.3.3.0
2024-02-27 21:41:38,302 [WARN] PackLoader:240 - Cannot read IP mode file for STMicroelectronics.X-CUBE-ALGOBUILD.1.3.0
2024-02-27 21:41:38,317 [WARN] PackLoader:240 - Cannot read IP mode file for STMicroelectronics.X-CUBE-AZRTOS-G0.1.1.0
2024-02-27 21:41:38,324 [WARN] PackLoader:240 - Cannot read IP mode file for STMicroelectronics.X-CUBE-NFC4.3.0.0
2024-02-27 21:41:38,332 [WARN] PackLoader:240 - Cannot read IP mode file for STMicroelectronics.X-CUBE-BLEMGR.3.0.0
2024-02-27 21:41:38,338 [WARN] PackLoader:240 - Cannot read IP mode file for STMicroelectronics.FP-ATR-SIGFOX1.3.2.0
2024-02-27 21:41:38,342 [WARN] PackLoader:240 - Cannot read IP mode file for STMicroelectronics.X-CUBE-EEPRMA1.5.1.0
2024-02-27 21:41:38,365 [WARN] PackLoader:240 - Cannot read IP mode file for SEGGER.I-CUBE-embOS.1.3.1
2024-02-27 21:41:38,393 [WARN] PackLoader:240 - Cannot read IP mode file for STMicroelectronics.X-CUBE-GNSS1.6.0.0
2024-02-27 21:41:38,409 [WARN] PackLoader:240 - Cannot read IP mode file for STMicroelectronics.X-CUBE-AZRTOS-F4.1.1.0
2024-02-27 21:41:38,414 [WARN] PackLoader:240 - Cannot read IP mode file for wolfSSL.I-CUBE-wolfSSL.5.6.6
2024-02-27 21:41:38,433 [WARN] PackLoader:240 - Cannot read IP mode file for STMicroelectronics.X-CUBE-AZRTOS-L5.2.0.0
2024-02-27 21:41:38,439 [WARN] PackLoader:240 - Cannot read IP mode file for ITTIA_DB.I-CUBE-ITTIADB.8.8.0
2024-02-27 21:41:38,443 [WARN] PackLoader:240 - Cannot read IP mode file for STMicroelectronics.X-CUBE-NFC7.1.0.1
2024-02-27 21:41:38,449 [WARN] PackLoader:240 - Cannot read IP mode file for STMicroelectronics.X-CUBE-NFC6.3.0.0
2024-02-27 21:41:38,454 [WARN] PackLoader:240 - Cannot read IP mode file for STMicroelectronics.X-CUBE-AI.8.1.0
2024-02-27 21:41:38,467 [WARN] ConditionMgr:438 - getConditionDescription Invalid condition id : LAN8742 Phy interface Condition cause : null
2024-02-27 21:41:38,467 [WARN] PackLoader:240 - Cannot read IP mode file for STMicroelectronics.X-CUBE-AZRTOS-L4.2.0.0
2024-02-27 21:41:38,468 [WARN] ConditionMgr:1039 - genDependencies : Invalid condition id : LAN8742 Phy interface Condition cause : null
2024-02-27 21:41:38,468 [WARN] ConditionMgr:1039 - genDependencies : Invalid condition id : LAN8742 Phy interface Condition cause : null
2024-02-27 21:41:38,469 [WARN] ConditionMgr:1039 - genDependencies : Invalid condition id : LAN8742 Phy interface Condition cause : null
2024-02-27 21:41:38,474 [WARN] PackLoader:240 - Cannot read IP mode file for STMicroelectronics.X-CUBE-SFXS2LP1.4.0.0
2024-02-27 21:41:38,483 [WARN] ConditionMgr:438 - getConditionDescription Invalid condition id : UX DEVICE CLASS RTOS Condition cause : null
2024-02-27 21:41:38,483 [WARN] ConditionMgr:438 - getConditionDescription Invalid condition id : UX DEVICE CLASS RTOS Condition cause : null
2024-02-27 21:41:38,485 [WARN] PackLoader:240 - Cannot read IP mode file for STMicroelectronics.X-CUBE-AZRTOS-WB.2.0.0
2024-02-27 21:41:38,485 [WARN] ConditionMgr:1039 - genDependencies : Invalid condition id : UX DEVICE CLASS RTOS Condition cause : null
2024-02-27 21:41:38,485 [WARN] ConditionMgr:1039 - genDependencies : Invalid condition id : UX DEVICE CLASS RTOS Condition cause : null
2024-02-27 21:41:38,485 [WARN] ConditionMgr:1039 - genDependencies : Invalid condition id : UX DEVICE CLASS RTOS Condition cause : null
2024-02-27 21:41:38,485 [WARN] ConditionMgr:1039 - genDependencies : Invalid condition id : UX DEVICE CLASS RTOS Condition cause : null
2024-02-27 21:41:38,486 [WARN] ConditionMgr:1039 - genDependencies : Invalid condition id : UX DEVICE CLASS RTOS Condition cause : null
2024-02-27 21:41:38,493 [WARN] PackLoader:240 - Cannot read IP mode file for STMicroelectronics.X-CUBE-SUBG2.5.0.0
2024-02-27 21:41:38,506 [WARN] PackLoader:240 - Cannot read IP mode file for STMicroelectronics.X-CUBE-AZRTOS-G4.2.0.0
2024-02-27 21:41:38,515 [WARN] PackLoader:240 - Cannot read IP mode file for Infineon.AIROC-Wi-Fi-Bluetooth-STM32.1.5.1
2024-02-27 21:41:38,521 [WARN] PackLoader:240 - Cannot read IP mode file for STMicroelectronics.FP-SNS-MOTENVWB1.1.3.1
2024-02-27 21:41:38,524 [WARN] PackLoader:240 - Cannot read IP mode file for STMicroelectronics.X-CUBE-ISPU.2.0.0
2024-02-27 21:41:38,549 [WARN] PackLoader:240 - Cannot read IP mode file for STMicroelectronics.X-CUBE-MEMS1.10.0.0
2024-02-27 21:41:38,640 [WARN] PackLoader:240 - Cannot read IP mode file for STMicroelectronics.X-CUBE-FREERTOS.1.1.0
2024-02-27 21:41:38,644 [WARN] PackLoader:240 - Cannot read IP mode file for portGmbH.I-Cube-SoM-uGOAL.1.1.0
2024-02-27 21:41:38,647 [WARN] PackLoader:240 - Cannot read IP mode file for STMicroelectronics.X-CUBE-ALS.1.0.1
2024-02-27 21:41:38,651 [WARN] PackLoader:240 - Cannot read IP mode file for STMicroelectronics.FP-ATR-ASTRA1.2.0.0
2024-02-27 21:41:38,657 [WARN] PackLoader:240 - Cannot read IP mode file for STMicroelectronics.X-CUBE-TOF1.3.4.0
2024-02-27 21:41:38,677 [WARN] PackLoader:240 - Cannot read IP mode file for STMicroelectronics.X-CUBE-AZRTOS-H7.3.2.0
2024-02-27 21:41:38,679 [INFO] ThirdParty:978 - Integrity check success = true
2024-02-27 21:41:38,680 [INFO] IntegrityCheckThread:100 - exiting critical section [integrity check]
2024-02-27 21:41:38,680 [INFO] IntegrityCheckThread:103 - End integrity checks thread
2024-02-27 21:41:56,446 [ERROR] LogOutputStream:75 - [STDERR_REDIRECT] SLF4J: Failed to load class "org.slf4j.impl.StaticLoggerBinder".
2024-02-27 21:41:56,447 [ERROR] LogOutputStream:75 - [STDERR_REDIRECT] SLF4J: Defaulting to no-operation (NOP) logger implementation
2024-02-27 21:41:56,448 [ERROR] LogOutputStream:75 - [STDERR_REDIRECT] SLF4J: See http://www.slf4j.org/codes.html#StaticLoggerBinder for further details.
2024-02-27 21:44:06,438 [ERROR] LogOutputStream:75 - [STDERR_REDIRECT] 
