2024-03-19 00:03:45,270 [ERROR] LogOutputStream:75 - [STDERR_REDIRECT] 
2024-03-19 21:25:51,976 [INFO] Activator:176 - 


2024-03-19 21:25:51,977 [INFO] Activator:177 - !SESSION log4j initialized
2024-03-19 21:25:57,744 [INFO] LogOutputStream:77 - [STDOUT_REDIRECT] 
2024-03-19 21:25:59,200 [INFO] ApplicationProperties:184 - Using Application install path: C:\ST\STM32CubeIDE_1.14.1\STM32CubeIDE\plugins\com.st.stm32cube.common.mx_6.10.0.202311202037
2024-03-19 21:25:59,220 [INFO] DbMcusXml:78 - Set database path to: C:\ST\STM32CubeIDE_1.14.1\STM32CubeIDE\plugins\com.st.stm32cube.common.mx_6.10.0.202311202037\\db\/mcu/
2024-03-19 21:25:59,220 [INFO] ApiDb:274 - Set plugin database path to: C:\ST\STM32CubeIDE_1.14.1\STM32CubeIDE\plugins\com.st.stm32cube.common.mx_6.10.0.202311202037\\db\/plugins/boardmanager/
2024-03-19 21:25:59,221 [WARN] ApiDb:259 - Overriding images path with different value:  => C:\ST\STM32CubeIDE_1.14.1\STM32CubeIDE\plugins\com.st.stm32cube.common.mx_6.10.0.202311202037\\db\/plugins/mcufinder/images/
2024-03-19 21:25:59,227 [INFO] ApiDb:250 - Set database path to: C:\Users\tjdtj\.stmcufinder\plugins\mcufinder//mcu/
2024-03-19 21:25:59,228 [INFO] DbMcusAds:125 - Set database path to: C:\Users\tjdtj\.stmcufinder\plugins\mcufinder//mcu/
2024-03-19 21:25:59,230 [INFO] CrossReferenceDbSqlite:203 - Set database path to: C:\Users\tjdtj\.stmcufinder\plugins\mcufinder//mcu/cs/
2024-03-19 21:25:59,392 [INFO] RulesReader:64 - Compatibility file has been processed (297 Rules)
2024-03-19 21:25:59,477 [INFO] DbMcusXml:78 - Set database path to: C:\ST\STM32CubeIDE_1.14.1\STM32CubeIDE\plugins\com.st.stm32cube.common.mx_6.10.0.202311202037\\db\/mcu/
2024-03-19 21:25:59,477 [INFO] ApiDb:274 - Set plugin database path to: C:\ST\STM32CubeIDE_1.14.1\STM32CubeIDE\plugins\com.st.stm32cube.common.mx_6.10.0.202311202037\\db\/plugins/boardmanager/
2024-03-19 21:25:59,477 [INFO] ApiDb:261 - Set plugin images path to: C:\ST\STM32CubeIDE_1.14.1\STM32CubeIDE\plugins\com.st.stm32cube.common.mx_6.10.0.202311202037\\db\/plugins/mcufinder/images/
2024-03-19 21:25:59,478 [WARN] DbFile:41 - Overriding database path with different value: C:\Users\tjdtj\.stmcufinder\plugins\mcufinder/ => C:\Users\tjdtj\.stmcufinder\plugins\mcufinder
2024-03-19 21:25:59,478 [INFO] ApiDb:250 - Set database path to: C:\Users\tjdtj\.stmcufinder\plugins\mcufinder//mcu/
2024-03-19 21:25:59,478 [WARN] DbFile:41 - Overriding database path with different value: C:\Users\tjdtj\.stmcufinder\plugins\mcufinder/ => C:\Users\tjdtj\.stmcufinder\plugins\mcufinder
2024-03-19 21:25:59,478 [INFO] DbMcusAds:125 - Set database path to: C:\Users\tjdtj\.stmcufinder\plugins\mcufinder//mcu/
2024-03-19 21:25:59,478 [WARN] DbFile:41 - Overriding database path with different value: C:\Users\tjdtj\.stmcufinder\plugins\mcufinder/ => C:\Users\tjdtj\.stmcufinder\plugins\mcufinder
2024-03-19 21:25:59,478 [WARN] DbFile:41 - Overriding database path with different value: C:\Users\tjdtj\.stmcufinder\plugins\mcufinder/ => C:\Users\tjdtj\.stmcufinder\plugins\mcufinder
2024-03-19 21:25:59,478 [INFO] CrossReferenceDbSqlite:203 - Set database path to: C:\Users\tjdtj\.stmcufinder\plugins\mcufinder//mcu/cs/
2024-03-19 21:25:59,566 [INFO] MainPanel:264 - HeapMemory: 268435456
2024-03-19 21:25:59,668 [INFO] DbMcusXml:78 - Set database path to: C:\ST\STM32CubeIDE_1.14.1\STM32CubeIDE\plugins\com.st.stm32cube.common.mx_6.10.0.202311202037\\db\/mcu/
2024-03-19 21:25:59,668 [INFO] ApiDb:274 - Set plugin database path to: C:\ST\STM32CubeIDE_1.14.1\STM32CubeIDE\plugins\com.st.stm32cube.common.mx_6.10.0.202311202037\\db\/plugins/boardmanager/
2024-03-19 21:25:59,668 [INFO] ApiDb:261 - Set plugin images path to: C:\ST\STM32CubeIDE_1.14.1\STM32CubeIDE\plugins\com.st.stm32cube.common.mx_6.10.0.202311202037\\db\/plugins/mcufinder/images/
2024-03-19 21:25:59,668 [WARN] DbFile:41 - Overriding database path with different value: C:\Users\tjdtj\.stmcufinder\plugins\mcufinder/ => C:\Users\tjdtj\.stmcufinder\plugins\mcufinder
2024-03-19 21:25:59,669 [INFO] ApiDb:250 - Set database path to: C:\Users\tjdtj\.stmcufinder\plugins\mcufinder//mcu/
2024-03-19 21:25:59,669 [WARN] DbFile:41 - Overriding database path with different value: C:\Users\tjdtj\.stmcufinder\plugins\mcufinder/ => C:\Users\tjdtj\.stmcufinder\plugins\mcufinder
2024-03-19 21:25:59,669 [INFO] DbMcusAds:125 - Set database path to: C:\Users\tjdtj\.stmcufinder\plugins\mcufinder//mcu/
2024-03-19 21:25:59,669 [WARN] DbFile:41 - Overriding database path with different value: C:\Users\tjdtj\.stmcufinder\plugins\mcufinder/ => C:\Users\tjdtj\.stmcufinder\plugins\mcufinder
2024-03-19 21:25:59,669 [WARN] DbFile:41 - Overriding database path with different value: C:\Users\tjdtj\.stmcufinder\plugins\mcufinder/ => C:\Users\tjdtj\.stmcufinder\plugins\mcufinder
2024-03-19 21:25:59,669 [INFO] CrossReferenceDbSqlite:203 - Set database path to: C:\Users\tjdtj\.stmcufinder\plugins\mcufinder//mcu/cs/
2024-03-19 21:25:59,689 [INFO] ApplicationProperties:184 - Using Application install path: C:\ST\STM32CubeIDE_1.14.1\STM32CubeIDE\plugins\com.st.stm32cube.common.mx_6.10.0.202311202037
2024-03-19 21:25:59,691 [INFO] PluginManage:196 - Search for loadable plugins [exclusion list=, ]
2024-03-19 21:25:59,692 [INFO] PluginManage:310 - Check plugin analytics
2024-03-19 21:25:59,836 [INFO] AnalyticsPlugin:253 - Accepted Software Licenses: 
2024-03-19 21:25:59,837 [INFO] AnalyticsPlugin:255 - Accepted CMSIS Pack Licenses: 
2024-03-19 21:25:59,837 [INFO] AnalyticsPlugin:257 - Accepted Firmware Licenses: 
2024-03-19 21:25:59,839 [INFO] PluginManage:359 - Loaded plugin analytics (category:tool,tabindex:-1)
2024-03-19 21:25:59,839 [INFO] PluginManage:310 - Check plugin cadmodel
2024-03-19 21:25:59,860 [INFO] CADModel:105 - Init CAD model plugin
2024-03-19 21:25:59,860 [INFO] PluginManage:359 - Loaded plugin cadmodel (category:power,tabindex:5)
2024-03-19 21:25:59,861 [INFO] PluginManage:310 - Check plugin clock
2024-03-19 21:25:59,880 [INFO] PluginManage:359 - Loaded plugin clock (category:base,tabindex:2)
2024-03-19 21:25:59,880 [INFO] PluginManage:310 - Check plugin ddr
2024-03-19 21:25:59,882 [INFO] PluginManage:359 - Loaded plugin ddr (category:tool,tabindex:6)
2024-03-19 21:25:59,882 [INFO] PluginManage:310 - Check plugin filemanager
2024-03-19 21:26:00,011 [INFO] PluginManage:359 - Loaded plugin filemanager (category:base,tabindex:10)
2024-03-19 21:26:00,011 [INFO] PluginManage:310 - Check plugin ipmanager
2024-03-19 21:26:00,022 [INFO] PluginManage:359 - Loaded plugin ipmanager (category:base,tabindex:5)
2024-03-19 21:26:00,022 [INFO] PluginManage:310 - Check plugin lpbam
2024-03-19 21:26:00,042 [INFO] PluginManage:359 - Loaded plugin lpbam (category:base,tabindex:0)
2024-03-19 21:26:00,042 [INFO] PluginManage:310 - Check plugin memorymap
2024-03-19 21:26:00,073 [INFO] PluginManage:359 - Loaded plugin memorymap (category:base,tabindex:4)
2024-03-19 21:26:00,073 [INFO] PluginManage:310 - Check plugin pinoutandconfiguration
2024-03-19 21:26:00,090 [INFO] PluginManage:359 - Loaded plugin pinoutandconfiguration (category:base,tabindex:1)
2024-03-19 21:26:00,090 [INFO] PluginManage:310 - Check plugin pinoutconfig
2024-03-19 21:26:00,185 [WARN] SupportedApi:132 - Cannot load RTOS API schema: s4s-elt-must-match.1: The content of 'definitions' must match (annotation?, (simpleType | complexType)?, (unique | key | keyref)*)). A problem was found starting at: attribute.
2024-03-19 21:26:00,312 [INFO] PluginManage:359 - Loaded plugin pinoutconfig (category:base,tabindex:0)
2024-03-19 21:26:00,313 [INFO] PluginManage:310 - Check plugin power
2024-03-19 21:26:00,335 [INFO] PluginManage:359 - Loaded plugin power (category:power,tabindex:4)
2024-03-19 21:26:00,336 [INFO] PluginManage:310 - Check plugin projectmanager
2024-03-19 21:26:00,352 [INFO] PluginManage:359 - Loaded plugin projectmanager (category:projectmanager,tabindex:3)
2024-03-19 21:26:00,352 [INFO] PluginManage:310 - Check plugin thirdparty
2024-03-19 21:26:00,583 [INFO] PluginManage:359 - Loaded plugin thirdparty (category:base,tabindex:-1)
2024-03-19 21:26:00,583 [INFO] PluginManage:310 - Check plugin tools
2024-03-19 21:26:00,583 [WARN] IntegrityCheckThread:84 - waiting for thirdparty lock release [integrity check]
2024-03-19 21:26:00,584 [INFO] IntegrityCheckThread:86 - entering critical section [integrity check]
2024-03-19 21:26:00,584 [INFO] ThirdPartyUpdaterWithRetryManager:70 - Updater plugin not ready yet. [1/15]
2024-03-19 21:26:00,615 [INFO] PluginManage:359 - Loaded plugin tools (category:base,tabindex:7)
2024-03-19 21:26:00,616 [INFO] PluginManage:310 - Check plugin tutovideos
2024-03-19 21:26:00,824 [INFO] PluginManage:359 - Loaded plugin tutovideos (category:base,tabindex:-1)
2024-03-19 21:26:00,824 [INFO] PluginManage:310 - Check plugin updater
2024-03-19 21:26:00,837 [INFO] PluginManage:359 - Loaded plugin updater (category:base,tabindex:12)
2024-03-19 21:26:00,837 [INFO] PluginManage:310 - Check plugin userauth
2024-03-19 21:26:00,842 [INFO] UserAuth:114 - Init User Auth plugin
2024-03-19 21:26:00,842 [INFO] PluginManage:359 - Loaded plugin userauth (category:base,tabindex:14)
2024-03-19 21:26:00,842 [INFO] PluginManage:283 - PluginManage : Loaded plugins [17]
2024-03-19 21:26:01,072 [INFO] PinOutPanel:1499 - setPackage(No Configuration,No Configuration)
2024-03-19 21:26:01,169 [INFO] CADModel:165 - CPN selected for project level
2024-03-19 21:26:01,170 [INFO] CADModel:114 - Register for checkConnection events
2024-03-19 21:26:01,200 [INFO] IPUIPlugin:80 - create IPUIPlugin
2024-03-19 21:26:01,201 [INFO] PluginManager:220 - loadIPPluginJar : add adc
2024-03-19 21:26:01,235 [INFO] IPUIPlugin:80 - create IPUIPlugin
2024-03-19 21:26:01,235 [INFO] PluginManager:220 - loadIPPluginJar : add aes
2024-03-19 21:26:01,274 [INFO] IPUIPlugin:80 - create IPUIPlugin
2024-03-19 21:26:01,274 [INFO] PluginManager:220 - loadIPPluginJar : add can
2024-03-19 21:26:01,294 [INFO] IPUIPlugin:80 - create IPUIPlugin
2024-03-19 21:26:01,294 [INFO] PluginManager:220 - loadIPPluginJar : add comp
2024-03-19 21:26:01,324 [INFO] IPUIPlugin:80 - create IPUIPlugin
2024-03-19 21:26:01,324 [INFO] PluginManager:220 - loadIPPluginJar : add cryp
2024-03-19 21:26:01,351 [INFO] IPUIPlugin:80 - create IPUIPlugin
2024-03-19 21:26:01,352 [INFO] PluginManager:220 - loadIPPluginJar : add dfsdm
2024-03-19 21:26:01,366 [INFO] IPUIPlugin:80 - create IPUIPlugin
2024-03-19 21:26:01,367 [INFO] PluginManager:220 - loadIPPluginJar : add dma
2024-03-19 21:26:01,405 [INFO] IPUIPlugin:80 - create IPUIPlugin
2024-03-19 21:26:01,405 [INFO] PluginManager:220 - loadIPPluginJar : add dma3
2024-03-19 21:26:01,422 [INFO] IPUIPlugin:80 - create IPUIPlugin
2024-03-19 21:26:01,423 [INFO] PluginManager:220 - loadIPPluginJar : add fatfs
2024-03-19 21:26:01,464 [INFO] IPUIPlugin:80 - create IPUIPlugin
2024-03-19 21:26:01,464 [INFO] PluginManager:220 - loadIPPluginJar : add fmc
2024-03-19 21:26:01,480 [INFO] IPUIPlugin:80 - create IPUIPlugin
2024-03-19 21:26:01,480 [INFO] PluginManager:220 - loadIPPluginJar : add freertos
2024-03-19 21:26:01,498 [INFO] IPUIPlugin:80 - create IPUIPlugin
2024-03-19 21:26:01,498 [INFO] PluginManager:220 - loadIPPluginJar : add genericplugin
2024-03-19 21:26:01,584 [INFO] IPUIPlugin:80 - create IPUIPlugin
2024-03-19 21:26:01,584 [INFO] PluginManager:220 - loadIPPluginJar : add gfxmmu
2024-03-19 21:26:01,701 [INFO] IPUIPlugin:80 - create IPUIPlugin
2024-03-19 21:26:01,701 [INFO] PluginManager:220 - loadIPPluginJar : add gic
2024-03-19 21:26:01,714 [INFO] IPUIPlugin:80 - create IPUIPlugin
2024-03-19 21:26:01,714 [INFO] PluginManager:220 - loadIPPluginJar : add gpio
2024-03-19 21:26:01,795 [INFO] IPUIPlugin:80 - create IPUIPlugin
2024-03-19 21:26:01,795 [INFO] PluginManager:220 - loadIPPluginJar : add gtzc
2024-03-19 21:26:01,823 [INFO] IPUIPlugin:80 - create IPUIPlugin
2024-03-19 21:26:01,823 [INFO] PluginManager:220 - loadIPPluginJar : add hash
2024-03-19 21:26:01,870 [INFO] IPUIPlugin:80 - create IPUIPlugin
2024-03-19 21:26:01,870 [INFO] PluginManager:220 - loadIPPluginJar : add i2c
2024-03-19 21:26:01,904 [INFO] IPUIPlugin:80 - create IPUIPlugin
2024-03-19 21:26:01,904 [INFO] PluginManager:220 - loadIPPluginJar : add i2s
2024-03-19 21:26:01,939 [INFO] IPUIPlugin:80 - create IPUIPlugin
2024-03-19 21:26:01,939 [INFO] PluginManager:220 - loadIPPluginJar : add i3c
2024-03-19 21:26:02,030 [INFO] IPUIPlugin:80 - create IPUIPlugin
2024-03-19 21:26:02,030 [INFO] PluginManager:220 - loadIPPluginJar : add ipddr
2024-03-19 21:26:02,107 [INFO] IPUIPlugin:80 - create IPUIPlugin
2024-03-19 21:26:02,107 [INFO] PluginManager:220 - loadIPPluginJar : add linkedlist
2024-03-19 21:26:02,138 [INFO] IPUIPlugin:80 - create IPUIPlugin
2024-03-19 21:26:02,138 [INFO] PluginManager:220 - loadIPPluginJar : add lorawan
2024-03-19 21:26:02,170 [INFO] IPUIPlugin:80 - create IPUIPlugin
2024-03-19 21:26:02,170 [INFO] PluginManager:220 - loadIPPluginJar : add ltdc
2024-03-19 21:26:02,183 [INFO] IPUIPlugin:80 - create IPUIPlugin
2024-03-19 21:26:02,183 [INFO] PluginManager:220 - loadIPPluginJar : add mdma
2024-03-19 21:26:02,194 [INFO] IPUIPlugin:80 - create IPUIPlugin
2024-03-19 21:26:02,194 [INFO] PluginManager:220 - loadIPPluginJar : add nvic
2024-03-19 21:26:02,226 [INFO] IPUIPlugin:80 - create IPUIPlugin
2024-03-19 21:26:02,226 [INFO] PluginManager:220 - loadIPPluginJar : add opamp
2024-03-19 21:26:02,280 [INFO] IPUIPlugin:80 - create IPUIPlugin
2024-03-19 21:26:02,280 [INFO] PluginManager:220 - loadIPPluginJar : add openamp
2024-03-19 21:26:02,317 [INFO] IPUIPlugin:80 - create IPUIPlugin
2024-03-19 21:26:02,317 [INFO] PluginManager:220 - loadIPPluginJar : add pdm2pcm
2024-03-19 21:26:02,330 [INFO] IPUIPlugin:80 - create IPUIPlugin
2024-03-19 21:26:02,332 [INFO] PluginManager:220 - loadIPPluginJar : add plateformsettings
2024-03-19 21:26:02,349 [INFO] IPUIPlugin:80 - create IPUIPlugin
2024-03-19 21:26:02,350 [INFO] PluginManager:220 - loadIPPluginJar : add quadspi
2024-03-19 21:26:02,362 [INFO] IPUIPlugin:80 - create IPUIPlugin
2024-03-19 21:26:02,362 [INFO] PluginManager:220 - loadIPPluginJar : add resmgrutility
2024-03-19 21:26:02,422 [INFO] IPUIPlugin:80 - create IPUIPlugin
2024-03-19 21:26:02,422 [INFO] PluginManager:220 - loadIPPluginJar : add sai
2024-03-19 21:26:02,460 [INFO] IPUIPlugin:80 - create IPUIPlugin
2024-03-19 21:26:02,460 [INFO] PluginManager:220 - loadIPPluginJar : add spi
2024-03-19 21:26:02,526 [INFO] IPUIPlugin:80 - create IPUIPlugin
2024-03-19 21:26:02,526 [INFO] PluginManager:220 - loadIPPluginJar : add stm32_wpan
2024-03-19 21:26:02,548 [INFO] IPUIPlugin:80 - create IPUIPlugin
2024-03-19 21:26:02,548 [INFO] PluginManager:220 - loadIPPluginJar : add tim
2024-03-19 21:26:02,605 [INFO] IPUIPlugin:80 - create IPUIPlugin
2024-03-19 21:26:02,605 [INFO] PluginManager:220 - loadIPPluginJar : add touchsensing
2024-03-19 21:26:02,625 [INFO] IPUIPlugin:80 - create IPUIPlugin
2024-03-19 21:26:02,625 [INFO] PluginManager:220 - loadIPPluginJar : add tracer_emb
2024-03-19 21:26:02,646 [INFO] IPUIPlugin:80 - create IPUIPlugin
2024-03-19 21:26:02,646 [INFO] PluginManager:220 - loadIPPluginJar : add ts
2024-03-19 21:26:02,669 [INFO] IPUIPlugin:80 - create IPUIPlugin
2024-03-19 21:26:02,669 [INFO] PluginManager:220 - loadIPPluginJar : add tsc
2024-03-19 21:26:02,690 [INFO] IPUIPlugin:80 - create IPUIPlugin
2024-03-19 21:26:02,691 [INFO] PluginManager:220 - loadIPPluginJar : add ucpd
2024-03-19 21:26:02,735 [INFO] IPUIPlugin:80 - create IPUIPlugin
2024-03-19 21:26:02,735 [INFO] PluginManager:220 - loadIPPluginJar : add usart
2024-03-19 21:26:02,775 [INFO] IPUIPlugin:80 - create IPUIPlugin
2024-03-19 21:26:02,775 [INFO] PluginManager:220 - loadIPPluginJar : add usbx
2024-03-19 21:26:02,905 [INFO] CADModel:165 - CPN selected for project level
2024-03-19 21:26:02,905 [INFO] CADModel:114 - Register for checkConnection events
2024-03-19 21:26:02,905 [FATAL] Updater:308 - Updater called before beeing initialized
2024-03-19 21:26:02,906 [ERROR] CADModel:125 - Updater not yet initialized, retry later 
2024-03-19 21:26:03,075 [INFO] CADModel:165 - CPN selected for project level
2024-03-19 21:26:03,075 [INFO] CADModel:114 - Register for checkConnection events
2024-03-19 21:26:03,075 [FATAL] Updater:308 - Updater called before beeing initialized
2024-03-19 21:26:03,076 [ERROR] CADModel:125 - Updater not yet initialized, retry later 
2024-03-19 21:26:03,080 [FATAL] Updater:308 - Updater called before beeing initialized
2024-03-19 21:26:03,198 [FATAL] Updater:308 - Updater called before beeing initialized
2024-03-19 21:26:03,207 [INFO] DbMcusAds:53 - JSON generation date=Wed Nov 29 04:52:27 CST 2023 (1701255147349)
2024-03-19 21:26:03,207 [FATAL] Updater:308 - Updater called before beeing initialized
2024-03-19 21:26:03,290 [WARN] DetailPanel:346 - Failed to get advertising image, set to default
2024-03-19 21:26:03,399 [FATAL] Updater:308 - Updater called before beeing initialized
2024-03-19 21:26:03,402 [FATAL] Updater:308 - Updater called before beeing initialized
2024-03-19 21:26:03,402 [FATAL] Updater:308 - Updater called before beeing initialized
2024-03-19 21:26:03,402 [WARN] DetailPanel:346 - Failed to get advertising image, set to default
2024-03-19 21:26:03,403 [FATAL] Updater:308 - Updater called before beeing initialized
2024-03-19 21:26:03,454 [ERROR] Updater:1120 - MainUpdater not yet initialized. External WinMGr cannot be set.
2024-03-19 21:26:03,464 [INFO] Updater:1056 - Updater Version found : 6.10.0
2024-03-19 21:26:03,481 [INFO] ApplicationProperties:184 - Using Application install path: C:\ST\STM32CubeIDE_1.14.1\STM32CubeIDE\plugins\com.st.stm32cube.common.mx_6.10.0.202311202037
2024-03-19 21:26:03,587 [INFO] ThirdPartyUpdaterWithRetryManager:70 - Updater plugin not ready yet. [2/15]
2024-03-19 21:26:05,058 [ERROR] LogOutputStream:75 - [STDERR_REDIRECT] Mar 19, 2024 9:26:05 PM java.util.prefs.WindowsPreferences <init>
2024-03-19 21:26:05,059 [ERROR] LogOutputStream:75 - [STDERR_REDIRECT] WARNING: Could not open/create prefs root node Software\JavaSoft\Prefs at root 0xffffffff80000002. Windows RegCreateKeyEx(...) returned error code 5.
2024-03-19 21:26:05,059 [ERROR] LogOutputStream:75 - [STDERR_REDIRECT] 
2024-03-19 21:26:05,468 [INFO] MainUpdater:2873 - connection check result : 10
2024-03-19 21:26:05,469 [INFO] MainUpdater:290 - Updater Check For Update Now.
2024-03-19 21:26:05,469 [INFO] MicroXplorer:498 - Change Database Version : DB.6.0.100
2024-03-19 21:26:05,487 [INFO] McuFinderGlobals:63 - Set McuFinder mode to 2 (CubeIDE integrated)
2024-03-19 21:26:05,487 [INFO] UserAuth:180 - activating auth plugin
2024-03-19 21:26:05,491 [INFO] UserAuth:404 - Internet connection configuration mode: 1
2024-03-19 21:26:05,519 [INFO] JxBrowserEngine:152 - Initiate JxBrowser Engine with user profile folder
2024-03-19 21:26:05,669 [INFO] CheckServerUpdateThread:120 - End of CheckServer Thread
2024-03-19 21:26:06,778 [WARN] PackLoader:240 - Cannot read IP mode file for STMicroelectronics.X-CUBE-SMBUS.2.1.0
2024-03-19 21:26:06,793 [WARN] PackLoader:240 - Cannot read IP mode file for STMicroelectronics.X-CUBE-TOUCHGFX.4.23.0
2024-03-19 21:26:06,828 [WARN] PackLoader:240 - Cannot read IP mode file for STMicroelectronics.X-CUBE-AZRTOS-F7.1.1.0
2024-03-19 21:26:06,844 [WARN] PackLoader:240 - Cannot read IP mode file for STMicroelectronics.FP-SNS-MOTENV1.4.3.2
2024-03-19 21:26:06,859 [WARN] PackLoader:240 - Cannot read IP mode file for STMicroelectronics.FP-SNS-FLIGHT1.5.0.2
2024-03-19 21:26:06,877 [WARN] PackLoader:240 - Cannot read IP mode file for STMicroelectronics.X-CUBE-DISPLAY.3.0.0
2024-03-19 21:26:06,896 [WARN] PackLoader:240 - Cannot read IP mode file for STMicroelectronics.X-CUBE-BLE1.7.0.0
2024-03-19 21:26:06,911 [WARN] PackLoader:240 - Cannot read IP mode file for emotas.I-CUBE-CANOPEN.1.3.0
2024-03-19 21:26:06,938 [WARN] PackLoader:240 - Cannot read IP mode file for STMicroelectronics.X-CUBE-BLEMGR.3.1.0
2024-03-19 21:26:06,958 [WARN] PackLoader:240 - Cannot read IP mode file for STMicroelectronics.FP-SNS-SMARTAG2.1.2.0
2024-03-19 21:26:06,980 [INFO] LogOutputStream:77 - [STDOUT_REDIRECT] 1 : Invalid condition id : UX_CORESTACK_Condition cause : null
2024-03-19 21:26:06,980 [INFO] LogOutputStream:77 - [STDOUT_REDIRECT] 1 : Invalid condition id : UX_CORESTACK_Condition cause : null
2024-03-19 21:26:06,982 [INFO] LogOutputStream:77 - [STDOUT_REDIRECT] 1 : Invalid condition id : UX_CORESTACK_Condition cause : null
2024-03-19 21:26:06,983 [INFO] LogOutputStream:77 - [STDOUT_REDIRECT] 1 : Invalid condition id : UX_CORESTACK_Condition cause : null
2024-03-19 21:26:06,985 [INFO] LogOutputStream:77 - [STDOUT_REDIRECT] 1 : Invalid condition id : UX_CORESTACK_Condition cause : null
2024-03-19 21:26:06,990 [WARN] PackLoader:240 - Cannot read IP mode file for STMicroelectronics.X-CUBE-AZRTOS-WL.2.0.0
2024-03-19 21:26:07,007 [WARN] PackLoader:240 - Cannot read IP mode file for WES.I-CUBE-Cesium.1.3.0
2024-03-19 21:26:07,019 [WARN] PackLoader:240 - Cannot read IP mode file for STMicroelectronics.X-CUBE-BLE2.3.3.0
2024-03-19 21:26:07,034 [WARN] PackLoader:240 - Cannot read IP mode file for STMicroelectronics.X-CUBE-ALGOBUILD.1.3.0
2024-03-19 21:26:07,062 [WARN] PackLoader:240 - Cannot read IP mode file for STMicroelectronics.X-CUBE-AZRTOS-G0.1.1.0
2024-03-19 21:26:07,078 [WARN] PackLoader:240 - Cannot read IP mode file for STMicroelectronics.X-CUBE-NFC4.3.0.0
2024-03-19 21:26:07,098 [WARN] PackLoader:240 - Cannot read IP mode file for STMicroelectronics.X-CUBE-BLEMGR.3.0.0
2024-03-19 21:26:07,114 [WARN] PackLoader:240 - Cannot read IP mode file for STMicroelectronics.FP-ATR-SIGFOX1.3.2.0
2024-03-19 21:26:07,130 [WARN] PackLoader:240 - Cannot read IP mode file for STMicroelectronics.X-CUBE-EEPRMA1.5.1.0
2024-03-19 21:26:07,168 [WARN] PackLoader:240 - Cannot read IP mode file for SEGGER.I-CUBE-embOS.1.3.1
2024-03-19 21:26:07,228 [WARN] PackLoader:240 - Cannot read IP mode file for STMicroelectronics.X-CUBE-GNSS1.6.0.0
2024-03-19 21:26:07,271 [WARN] PackLoader:240 - Cannot read IP mode file for STMicroelectronics.X-CUBE-AZRTOS-F4.1.1.0
2024-03-19 21:26:07,285 [WARN] PackLoader:240 - Cannot read IP mode file for wolfSSL.I-CUBE-wolfSSL.5.6.6
2024-03-19 21:26:07,314 [WARN] PackLoader:240 - Cannot read IP mode file for STMicroelectronics.X-CUBE-AZRTOS-L5.2.0.0
2024-03-19 21:26:07,328 [WARN] PackLoader:240 - Cannot read IP mode file for ITTIA_DB.I-CUBE-ITTIADB.8.8.0
2024-03-19 21:26:07,340 [WARN] PackLoader:240 - Cannot read IP mode file for STMicroelectronics.X-CUBE-NFC7.1.0.1
2024-03-19 21:26:07,356 [WARN] PackLoader:240 - Cannot read IP mode file for STMicroelectronics.X-CUBE-NFC6.3.0.0
2024-03-19 21:26:07,368 [WARN] PackLoader:240 - Cannot read IP mode file for STMicroelectronics.X-CUBE-AI.8.1.0
2024-03-19 21:26:07,395 [WARN] ConditionMgr:438 - getConditionDescription Invalid condition id : LAN8742 Phy interface Condition cause : null
2024-03-19 21:26:07,396 [WARN] PackLoader:240 - Cannot read IP mode file for STMicroelectronics.X-CUBE-AZRTOS-L4.2.0.0
2024-03-19 21:26:07,396 [WARN] ConditionMgr:1039 - genDependencies : Invalid condition id : LAN8742 Phy interface Condition cause : null
2024-03-19 21:26:07,397 [WARN] ConditionMgr:1039 - genDependencies : Invalid condition id : LAN8742 Phy interface Condition cause : null
2024-03-19 21:26:07,397 [WARN] ConditionMgr:1039 - genDependencies : Invalid condition id : LAN8742 Phy interface Condition cause : null
2024-03-19 21:26:07,411 [WARN] PackLoader:240 - Cannot read IP mode file for STMicroelectronics.X-CUBE-SFXS2LP1.4.0.0
2024-03-19 21:26:07,432 [WARN] ConditionMgr:438 - getConditionDescription Invalid condition id : UX DEVICE CLASS RTOS Condition cause : null
2024-03-19 21:26:07,433 [WARN] ConditionMgr:438 - getConditionDescription Invalid condition id : UX DEVICE CLASS RTOS Condition cause : null
2024-03-19 21:26:07,435 [WARN] PackLoader:240 - Cannot read IP mode file for STMicroelectronics.X-CUBE-AZRTOS-WB.2.0.0
2024-03-19 21:26:07,436 [WARN] ConditionMgr:1039 - genDependencies : Invalid condition id : UX DEVICE CLASS RTOS Condition cause : null
2024-03-19 21:26:07,436 [WARN] ConditionMgr:1039 - genDependencies : Invalid condition id : UX DEVICE CLASS RTOS Condition cause : null
2024-03-19 21:26:07,436 [WARN] ConditionMgr:1039 - genDependencies : Invalid condition id : UX DEVICE CLASS RTOS Condition cause : null
2024-03-19 21:26:07,437 [WARN] ConditionMgr:1039 - genDependencies : Invalid condition id : UX DEVICE CLASS RTOS Condition cause : null
2024-03-19 21:26:07,437 [WARN] ConditionMgr:1039 - genDependencies : Invalid condition id : UX DEVICE CLASS RTOS Condition cause : null
2024-03-19 21:26:07,455 [WARN] PackLoader:240 - Cannot read IP mode file for STMicroelectronics.X-CUBE-SUBG2.5.0.0
2024-03-19 21:26:07,480 [WARN] PackLoader:240 - Cannot read IP mode file for STMicroelectronics.X-CUBE-AZRTOS-G4.2.0.0
2024-03-19 21:26:07,506 [WARN] PackLoader:240 - Cannot read IP mode file for Infineon.AIROC-Wi-Fi-Bluetooth-STM32.1.5.1
2024-03-19 21:26:07,521 [WARN] PackLoader:240 - Cannot read IP mode file for STMicroelectronics.FP-SNS-MOTENVWB1.1.3.1
2024-03-19 21:26:07,531 [WARN] PackLoader:240 - Cannot read IP mode file for STMicroelectronics.X-CUBE-ISPU.2.0.0
2024-03-19 21:26:07,581 [WARN] PackLoader:240 - Cannot read IP mode file for STMicroelectronics.X-CUBE-MEMS1.10.0.0
2024-03-19 21:26:07,684 [WARN] PackLoader:240 - Cannot read IP mode file for STMicroelectronics.X-CUBE-FREERTOS.1.1.0
2024-03-19 21:26:07,696 [WARN] PackLoader:240 - Cannot read IP mode file for portGmbH.I-Cube-SoM-uGOAL.1.1.0
2024-03-19 21:26:07,707 [WARN] PackLoader:240 - Cannot read IP mode file for STMicroelectronics.X-CUBE-ALS.1.0.1
2024-03-19 21:26:07,717 [WARN] PackLoader:240 - Cannot read IP mode file for STMicroelectronics.FP-ATR-ASTRA1.2.0.0
2024-03-19 21:26:07,737 [WARN] PackLoader:240 - Cannot read IP mode file for STMicroelectronics.X-CUBE-TOF1.3.4.0
2024-03-19 21:26:07,762 [WARN] PackLoader:240 - Cannot read IP mode file for STMicroelectronics.X-CUBE-TOF1.3.4.1
2024-03-19 21:26:07,801 [WARN] PackLoader:240 - Cannot read IP mode file for STMicroelectronics.X-CUBE-AZRTOS-H7.3.2.0
2024-03-19 21:26:07,804 [INFO] ThirdParty:978 - Integrity check success = true
2024-03-19 21:26:07,805 [INFO] IntegrityCheckThread:100 - exiting critical section [integrity check]
2024-03-19 21:26:07,805 [INFO] IntegrityCheckThread:103 - End integrity checks thread
2024-03-19 21:26:10,026 [INFO] WebApp:161 - Instantiating new browser for Auth
2024-03-19 21:26:10,570 [INFO] WebApp:780 - Register for checkConnection events
2024-03-19 21:26:10,570 [INFO] WebApp:414 - Apply proxy settings
2024-03-19 21:26:10,570 [INFO] WebApp:499 - Chromium requires no authentication
2024-03-19 21:26:10,576 [INFO] WebApp:442 - Direct internet connection detected
2024-03-19 21:26:10,729 [INFO] WebApp:192 - Starting web application
2024-03-19 21:26:10,729 [INFO] WebApp:544 - Web application path used C:\ST\STM32CubeIDE_1.14.1\STM32CubeIDE\plugins\com.st.stm32cube.common.mx_6.10.0.202311202037\db\plugins\mcufinder\reactClient1\index.html
2024-03-19 21:26:31,519 [ERROR] LogOutputStream:75 - [STDERR_REDIRECT] SLF4J: Failed to load class "org.slf4j.impl.StaticLoggerBinder".
2024-03-19 21:26:31,520 [ERROR] LogOutputStream:75 - [STDERR_REDIRECT] SLF4J: Defaulting to no-operation (NOP) logger implementation
2024-03-19 21:26:31,521 [ERROR] LogOutputStream:75 - [STDERR_REDIRECT] SLF4J: See http://www.slf4j.org/codes.html#StaticLoggerBinder for further details.
2024-03-19 22:51:37,354 [ERROR] LogOutputStream:75 - [STDERR_REDIRECT] 
2024-03-19 22:51:37,355 [ERROR] LogOutputStream:75 - [STDERR_REDIRECT] 
