2024-03-13 21:18:34,727 [INFO] Activator:176 - 


2024-03-13 21:18:34,734 [INFO] Activator:177 - !SESSION log4j initialized
2024-03-13 21:18:40,489 [INFO] LogOutputStream:77 - [STDOUT_REDIRECT] 
2024-03-13 21:18:41,888 [INFO] ApplicationProperties:184 - Using Application install path: C:\ST\STM32CubeIDE_1.14.1\STM32CubeIDE\plugins\com.st.stm32cube.common.mx_6.10.0.202311202037
2024-03-13 21:18:41,907 [INFO] DbMcusXml:78 - Set database path to: C:\ST\STM32CubeIDE_1.14.1\STM32CubeIDE\plugins\com.st.stm32cube.common.mx_6.10.0.202311202037\\db\/mcu/
2024-03-13 21:18:41,907 [INFO] ApiDb:274 - Set plugin database path to: C:\ST\STM32CubeIDE_1.14.1\STM32CubeIDE\plugins\com.st.stm32cube.common.mx_6.10.0.202311202037\\db\/plugins/boardmanager/
2024-03-13 21:18:41,908 [WARN] ApiDb:259 - Overriding images path with different value:  => C:\ST\STM32CubeIDE_1.14.1\STM32CubeIDE\plugins\com.st.stm32cube.common.mx_6.10.0.202311202037\\db\/plugins/mcufinder/images/
2024-03-13 21:18:41,918 [INFO] ApiDb:250 - Set database path to: C:\Users\tjdtj\.stmcufinder\plugins\mcufinder//mcu/
2024-03-13 21:18:41,919 [INFO] DbMcusAds:125 - Set database path to: C:\Users\tjdtj\.stmcufinder\plugins\mcufinder//mcu/
2024-03-13 21:18:41,921 [INFO] CrossReferenceDbSqlite:203 - Set database path to: C:\Users\tjdtj\.stmcufinder\plugins\mcufinder//mcu/cs/
2024-03-13 21:18:42,059 [INFO] RulesReader:64 - Compatibility file has been processed (297 Rules)
2024-03-13 21:18:42,139 [INFO] DbMcusXml:78 - Set database path to: C:\ST\STM32CubeIDE_1.14.1\STM32CubeIDE\plugins\com.st.stm32cube.common.mx_6.10.0.202311202037\\db\/mcu/
2024-03-13 21:18:42,139 [INFO] ApiDb:274 - Set plugin database path to: C:\ST\STM32CubeIDE_1.14.1\STM32CubeIDE\plugins\com.st.stm32cube.common.mx_6.10.0.202311202037\\db\/plugins/boardmanager/
2024-03-13 21:18:42,139 [INFO] ApiDb:261 - Set plugin images path to: C:\ST\STM32CubeIDE_1.14.1\STM32CubeIDE\plugins\com.st.stm32cube.common.mx_6.10.0.202311202037\\db\/plugins/mcufinder/images/
2024-03-13 21:18:42,139 [WARN] DbFile:41 - Overriding database path with different value: C:\Users\tjdtj\.stmcufinder\plugins\mcufinder/ => C:\Users\tjdtj\.stmcufinder\plugins\mcufinder
2024-03-13 21:18:42,139 [INFO] ApiDb:250 - Set database path to: C:\Users\tjdtj\.stmcufinder\plugins\mcufinder//mcu/
2024-03-13 21:18:42,139 [WARN] DbFile:41 - Overriding database path with different value: C:\Users\tjdtj\.stmcufinder\plugins\mcufinder/ => C:\Users\tjdtj\.stmcufinder\plugins\mcufinder
2024-03-13 21:18:42,139 [INFO] DbMcusAds:125 - Set database path to: C:\Users\tjdtj\.stmcufinder\plugins\mcufinder//mcu/
2024-03-13 21:18:42,140 [WARN] DbFile:41 - Overriding database path with different value: C:\Users\tjdtj\.stmcufinder\plugins\mcufinder/ => C:\Users\tjdtj\.stmcufinder\plugins\mcufinder
2024-03-13 21:18:42,140 [WARN] DbFile:41 - Overriding database path with different value: C:\Users\tjdtj\.stmcufinder\plugins\mcufinder/ => C:\Users\tjdtj\.stmcufinder\plugins\mcufinder
2024-03-13 21:18:42,140 [INFO] CrossReferenceDbSqlite:203 - Set database path to: C:\Users\tjdtj\.stmcufinder\plugins\mcufinder//mcu/cs/
2024-03-13 21:18:42,232 [INFO] MainPanel:264 - HeapMemory: 268435456
2024-03-13 21:18:42,326 [INFO] DbMcusXml:78 - Set database path to: C:\ST\STM32CubeIDE_1.14.1\STM32CubeIDE\plugins\com.st.stm32cube.common.mx_6.10.0.202311202037\\db\/mcu/
2024-03-13 21:18:42,326 [INFO] ApiDb:274 - Set plugin database path to: C:\ST\STM32CubeIDE_1.14.1\STM32CubeIDE\plugins\com.st.stm32cube.common.mx_6.10.0.202311202037\\db\/plugins/boardmanager/
2024-03-13 21:18:42,326 [INFO] ApiDb:261 - Set plugin images path to: C:\ST\STM32CubeIDE_1.14.1\STM32CubeIDE\plugins\com.st.stm32cube.common.mx_6.10.0.202311202037\\db\/plugins/mcufinder/images/
2024-03-13 21:18:42,327 [WARN] DbFile:41 - Overriding database path with different value: C:\Users\tjdtj\.stmcufinder\plugins\mcufinder/ => C:\Users\tjdtj\.stmcufinder\plugins\mcufinder
2024-03-13 21:18:42,327 [INFO] ApiDb:250 - Set database path to: C:\Users\tjdtj\.stmcufinder\plugins\mcufinder//mcu/
2024-03-13 21:18:42,327 [WARN] DbFile:41 - Overriding database path with different value: C:\Users\tjdtj\.stmcufinder\plugins\mcufinder/ => C:\Users\tjdtj\.stmcufinder\plugins\mcufinder
2024-03-13 21:18:42,327 [INFO] DbMcusAds:125 - Set database path to: C:\Users\tjdtj\.stmcufinder\plugins\mcufinder//mcu/
2024-03-13 21:18:42,327 [WARN] DbFile:41 - Overriding database path with different value: C:\Users\tjdtj\.stmcufinder\plugins\mcufinder/ => C:\Users\tjdtj\.stmcufinder\plugins\mcufinder
2024-03-13 21:18:42,327 [WARN] DbFile:41 - Overriding database path with different value: C:\Users\tjdtj\.stmcufinder\plugins\mcufinder/ => C:\Users\tjdtj\.stmcufinder\plugins\mcufinder
2024-03-13 21:18:42,327 [INFO] CrossReferenceDbSqlite:203 - Set database path to: C:\Users\tjdtj\.stmcufinder\plugins\mcufinder//mcu/cs/
2024-03-13 21:18:42,345 [INFO] ApplicationProperties:184 - Using Application install path: C:\ST\STM32CubeIDE_1.14.1\STM32CubeIDE\plugins\com.st.stm32cube.common.mx_6.10.0.202311202037
2024-03-13 21:18:42,347 [INFO] PluginManage:196 - Search for loadable plugins [exclusion list=, ]
2024-03-13 21:18:42,348 [INFO] PluginManage:310 - Check plugin analytics
2024-03-13 21:18:42,517 [INFO] AnalyticsPlugin:253 - Accepted Software Licenses: 
2024-03-13 21:18:42,518 [INFO] AnalyticsPlugin:255 - Accepted CMSIS Pack Licenses: 
2024-03-13 21:18:42,518 [INFO] AnalyticsPlugin:257 - Accepted Firmware Licenses: 
2024-03-13 21:18:42,521 [INFO] PluginManage:359 - Loaded plugin analytics (category:tool,tabindex:-1)
2024-03-13 21:18:42,521 [INFO] PluginManage:310 - Check plugin cadmodel
2024-03-13 21:18:42,546 [INFO] CADModel:105 - Init CAD model plugin
2024-03-13 21:18:42,546 [INFO] PluginManage:359 - Loaded plugin cadmodel (category:power,tabindex:5)
2024-03-13 21:18:42,547 [INFO] PluginManage:310 - Check plugin clock
2024-03-13 21:18:42,574 [INFO] PluginManage:359 - Loaded plugin clock (category:base,tabindex:2)
2024-03-13 21:18:42,574 [INFO] PluginManage:310 - Check plugin ddr
2024-03-13 21:18:42,577 [INFO] PluginManage:359 - Loaded plugin ddr (category:tool,tabindex:6)
2024-03-13 21:18:42,577 [INFO] PluginManage:310 - Check plugin filemanager
2024-03-13 21:18:42,721 [INFO] PluginManage:359 - Loaded plugin filemanager (category:base,tabindex:10)
2024-03-13 21:18:42,722 [INFO] PluginManage:310 - Check plugin ipmanager
2024-03-13 21:18:42,731 [INFO] PluginManage:359 - Loaded plugin ipmanager (category:base,tabindex:5)
2024-03-13 21:18:42,731 [INFO] PluginManage:310 - Check plugin lpbam
2024-03-13 21:18:42,750 [INFO] PluginManage:359 - Loaded plugin lpbam (category:base,tabindex:0)
2024-03-13 21:18:42,751 [INFO] PluginManage:310 - Check plugin memorymap
2024-03-13 21:18:42,776 [INFO] PluginManage:359 - Loaded plugin memorymap (category:base,tabindex:4)
2024-03-13 21:18:42,776 [INFO] PluginManage:310 - Check plugin pinoutandconfiguration
2024-03-13 21:18:42,792 [INFO] PluginManage:359 - Loaded plugin pinoutandconfiguration (category:base,tabindex:1)
2024-03-13 21:18:42,792 [INFO] PluginManage:310 - Check plugin pinoutconfig
2024-03-13 21:18:42,903 [WARN] SupportedApi:132 - Cannot load RTOS API schema: s4s-elt-must-match.1: The content of 'definitions' must match (annotation?, (simpleType | complexType)?, (unique | key | keyref)*)). A problem was found starting at: attribute.
2024-03-13 21:18:43,042 [INFO] PluginManage:359 - Loaded plugin pinoutconfig (category:base,tabindex:0)
2024-03-13 21:18:43,043 [INFO] PluginManage:310 - Check plugin power
2024-03-13 21:18:43,062 [INFO] PluginManage:359 - Loaded plugin power (category:power,tabindex:4)
2024-03-13 21:18:43,062 [INFO] PluginManage:310 - Check plugin projectmanager
2024-03-13 21:18:43,081 [INFO] PluginManage:359 - Loaded plugin projectmanager (category:projectmanager,tabindex:3)
2024-03-13 21:18:43,082 [INFO] PluginManage:310 - Check plugin thirdparty
2024-03-13 21:18:43,316 [INFO] PluginManage:359 - Loaded plugin thirdparty (category:base,tabindex:-1)
2024-03-13 21:18:43,316 [WARN] IntegrityCheckThread:84 - waiting for thirdparty lock release [integrity check]
2024-03-13 21:18:43,316 [INFO] PluginManage:310 - Check plugin tools
2024-03-13 21:18:43,316 [INFO] IntegrityCheckThread:86 - entering critical section [integrity check]
2024-03-13 21:18:43,316 [INFO] ThirdPartyUpdaterWithRetryManager:70 - Updater plugin not ready yet. [1/15]
2024-03-13 21:18:43,348 [INFO] PluginManage:359 - Loaded plugin tools (category:base,tabindex:7)
2024-03-13 21:18:43,348 [INFO] PluginManage:310 - Check plugin tutovideos
2024-03-13 21:18:43,551 [INFO] PluginManage:359 - Loaded plugin tutovideos (category:base,tabindex:-1)
2024-03-13 21:18:43,552 [INFO] PluginManage:310 - Check plugin updater
2024-03-13 21:18:43,563 [INFO] PluginManage:359 - Loaded plugin updater (category:base,tabindex:12)
2024-03-13 21:18:43,564 [INFO] PluginManage:310 - Check plugin userauth
2024-03-13 21:18:43,570 [INFO] UserAuth:114 - Init User Auth plugin
2024-03-13 21:18:43,570 [INFO] PluginManage:359 - Loaded plugin userauth (category:base,tabindex:14)
2024-03-13 21:18:43,570 [INFO] PluginManage:283 - PluginManage : Loaded plugins [17]
2024-03-13 21:18:43,790 [INFO] PinOutPanel:1499 - setPackage(No Configuration,No Configuration)
2024-03-13 21:18:43,888 [INFO] CADModel:165 - CPN selected for project level
2024-03-13 21:18:43,888 [INFO] CADModel:114 - Register for checkConnection events
2024-03-13 21:18:43,917 [INFO] IPUIPlugin:80 - create IPUIPlugin
2024-03-13 21:18:43,917 [INFO] PluginManager:220 - loadIPPluginJar : add adc
2024-03-13 21:18:43,950 [INFO] IPUIPlugin:80 - create IPUIPlugin
2024-03-13 21:18:43,950 [INFO] PluginManager:220 - loadIPPluginJar : add aes
2024-03-13 21:18:43,989 [INFO] IPUIPlugin:80 - create IPUIPlugin
2024-03-13 21:18:43,990 [INFO] PluginManager:220 - loadIPPluginJar : add can
2024-03-13 21:18:44,011 [INFO] IPUIPlugin:80 - create IPUIPlugin
2024-03-13 21:18:44,011 [INFO] PluginManager:220 - loadIPPluginJar : add comp
2024-03-13 21:18:44,040 [INFO] IPUIPlugin:80 - create IPUIPlugin
2024-03-13 21:18:44,040 [INFO] PluginManager:220 - loadIPPluginJar : add cryp
2024-03-13 21:18:44,065 [INFO] IPUIPlugin:80 - create IPUIPlugin
2024-03-13 21:18:44,065 [INFO] PluginManager:220 - loadIPPluginJar : add dfsdm
2024-03-13 21:18:44,077 [INFO] IPUIPlugin:80 - create IPUIPlugin
2024-03-13 21:18:44,078 [INFO] PluginManager:220 - loadIPPluginJar : add dma
2024-03-13 21:18:44,115 [INFO] IPUIPlugin:80 - create IPUIPlugin
2024-03-13 21:18:44,115 [INFO] PluginManager:220 - loadIPPluginJar : add dma3
2024-03-13 21:18:44,131 [INFO] IPUIPlugin:80 - create IPUIPlugin
2024-03-13 21:18:44,131 [INFO] PluginManager:220 - loadIPPluginJar : add fatfs
2024-03-13 21:18:44,172 [INFO] IPUIPlugin:80 - create IPUIPlugin
2024-03-13 21:18:44,172 [INFO] PluginManager:220 - loadIPPluginJar : add fmc
2024-03-13 21:18:44,186 [INFO] IPUIPlugin:80 - create IPUIPlugin
2024-03-13 21:18:44,187 [INFO] PluginManager:220 - loadIPPluginJar : add freertos
2024-03-13 21:18:44,203 [INFO] IPUIPlugin:80 - create IPUIPlugin
2024-03-13 21:18:44,203 [INFO] PluginManager:220 - loadIPPluginJar : add genericplugin
2024-03-13 21:18:44,279 [INFO] IPUIPlugin:80 - create IPUIPlugin
2024-03-13 21:18:44,279 [INFO] PluginManager:220 - loadIPPluginJar : add gfxmmu
2024-03-13 21:18:44,389 [INFO] IPUIPlugin:80 - create IPUIPlugin
2024-03-13 21:18:44,389 [INFO] PluginManager:220 - loadIPPluginJar : add gic
2024-03-13 21:18:44,400 [INFO] IPUIPlugin:80 - create IPUIPlugin
2024-03-13 21:18:44,400 [INFO] PluginManager:220 - loadIPPluginJar : add gpio
2024-03-13 21:18:44,480 [INFO] IPUIPlugin:80 - create IPUIPlugin
2024-03-13 21:18:44,480 [INFO] PluginManager:220 - loadIPPluginJar : add gtzc
2024-03-13 21:18:44,508 [INFO] IPUIPlugin:80 - create IPUIPlugin
2024-03-13 21:18:44,508 [INFO] PluginManager:220 - loadIPPluginJar : add hash
2024-03-13 21:18:44,555 [INFO] IPUIPlugin:80 - create IPUIPlugin
2024-03-13 21:18:44,555 [INFO] PluginManager:220 - loadIPPluginJar : add i2c
2024-03-13 21:18:44,588 [INFO] IPUIPlugin:80 - create IPUIPlugin
2024-03-13 21:18:44,588 [INFO] PluginManager:220 - loadIPPluginJar : add i2s
2024-03-13 21:18:44,623 [INFO] IPUIPlugin:80 - create IPUIPlugin
2024-03-13 21:18:44,623 [INFO] PluginManager:220 - loadIPPluginJar : add i3c
2024-03-13 21:18:44,717 [INFO] IPUIPlugin:80 - create IPUIPlugin
2024-03-13 21:18:44,718 [INFO] PluginManager:220 - loadIPPluginJar : add ipddr
2024-03-13 21:18:44,813 [INFO] IPUIPlugin:80 - create IPUIPlugin
2024-03-13 21:18:44,814 [INFO] PluginManager:220 - loadIPPluginJar : add linkedlist
2024-03-13 21:18:44,844 [INFO] IPUIPlugin:80 - create IPUIPlugin
2024-03-13 21:18:44,845 [INFO] PluginManager:220 - loadIPPluginJar : add lorawan
2024-03-13 21:18:44,877 [INFO] IPUIPlugin:80 - create IPUIPlugin
2024-03-13 21:18:44,877 [INFO] PluginManager:220 - loadIPPluginJar : add ltdc
2024-03-13 21:18:44,890 [INFO] IPUIPlugin:80 - create IPUIPlugin
2024-03-13 21:18:44,891 [INFO] PluginManager:220 - loadIPPluginJar : add mdma
2024-03-13 21:18:44,902 [INFO] IPUIPlugin:80 - create IPUIPlugin
2024-03-13 21:18:44,903 [INFO] PluginManager:220 - loadIPPluginJar : add nvic
2024-03-13 21:18:44,934 [INFO] IPUIPlugin:80 - create IPUIPlugin
2024-03-13 21:18:44,934 [INFO] PluginManager:220 - loadIPPluginJar : add opamp
2024-03-13 21:18:44,985 [INFO] IPUIPlugin:80 - create IPUIPlugin
2024-03-13 21:18:44,985 [INFO] PluginManager:220 - loadIPPluginJar : add openamp
2024-03-13 21:18:45,029 [INFO] IPUIPlugin:80 - create IPUIPlugin
2024-03-13 21:18:45,029 [INFO] PluginManager:220 - loadIPPluginJar : add pdm2pcm
2024-03-13 21:18:45,042 [INFO] IPUIPlugin:80 - create IPUIPlugin
2024-03-13 21:18:45,044 [INFO] PluginManager:220 - loadIPPluginJar : add plateformsettings
2024-03-13 21:18:45,063 [INFO] IPUIPlugin:80 - create IPUIPlugin
2024-03-13 21:18:45,063 [INFO] PluginManager:220 - loadIPPluginJar : add quadspi
2024-03-13 21:18:45,074 [INFO] IPUIPlugin:80 - create IPUIPlugin
2024-03-13 21:18:45,074 [INFO] PluginManager:220 - loadIPPluginJar : add resmgrutility
2024-03-13 21:18:45,118 [INFO] IPUIPlugin:80 - create IPUIPlugin
2024-03-13 21:18:45,118 [INFO] PluginManager:220 - loadIPPluginJar : add sai
2024-03-13 21:18:45,154 [INFO] IPUIPlugin:80 - create IPUIPlugin
2024-03-13 21:18:45,155 [INFO] PluginManager:220 - loadIPPluginJar : add spi
2024-03-13 21:18:45,216 [INFO] IPUIPlugin:80 - create IPUIPlugin
2024-03-13 21:18:45,216 [INFO] PluginManager:220 - loadIPPluginJar : add stm32_wpan
2024-03-13 21:18:45,237 [INFO] IPUIPlugin:80 - create IPUIPlugin
2024-03-13 21:18:45,237 [INFO] PluginManager:220 - loadIPPluginJar : add tim
2024-03-13 21:18:45,287 [INFO] IPUIPlugin:80 - create IPUIPlugin
2024-03-13 21:18:45,287 [INFO] PluginManager:220 - loadIPPluginJar : add touchsensing
2024-03-13 21:18:45,307 [INFO] IPUIPlugin:80 - create IPUIPlugin
2024-03-13 21:18:45,307 [INFO] PluginManager:220 - loadIPPluginJar : add tracer_emb
2024-03-13 21:18:45,327 [INFO] IPUIPlugin:80 - create IPUIPlugin
2024-03-13 21:18:45,327 [INFO] PluginManager:220 - loadIPPluginJar : add ts
2024-03-13 21:18:45,348 [INFO] IPUIPlugin:80 - create IPUIPlugin
2024-03-13 21:18:45,348 [INFO] PluginManager:220 - loadIPPluginJar : add tsc
2024-03-13 21:18:45,369 [INFO] IPUIPlugin:80 - create IPUIPlugin
2024-03-13 21:18:45,370 [INFO] PluginManager:220 - loadIPPluginJar : add ucpd
2024-03-13 21:18:45,409 [INFO] IPUIPlugin:80 - create IPUIPlugin
2024-03-13 21:18:45,409 [INFO] PluginManager:220 - loadIPPluginJar : add usart
2024-03-13 21:18:45,448 [INFO] IPUIPlugin:80 - create IPUIPlugin
2024-03-13 21:18:45,449 [INFO] PluginManager:220 - loadIPPluginJar : add usbx
2024-03-13 21:18:45,572 [INFO] CADModel:165 - CPN selected for project level
2024-03-13 21:18:45,573 [INFO] CADModel:114 - Register for checkConnection events
2024-03-13 21:18:45,573 [FATAL] Updater:308 - Updater called before beeing initialized
2024-03-13 21:18:45,573 [ERROR] CADModel:125 - Updater not yet initialized, retry later 
2024-03-13 21:18:45,720 [INFO] CADModel:165 - CPN selected for project level
2024-03-13 21:18:45,721 [INFO] CADModel:114 - Register for checkConnection events
2024-03-13 21:18:45,721 [FATAL] Updater:308 - Updater called before beeing initialized
2024-03-13 21:18:45,721 [ERROR] CADModel:125 - Updater not yet initialized, retry later 
2024-03-13 21:18:45,724 [FATAL] Updater:308 - Updater called before beeing initialized
2024-03-13 21:18:45,837 [FATAL] Updater:308 - Updater called before beeing initialized
2024-03-13 21:18:45,845 [INFO] DbMcusAds:53 - JSON generation date=Wed Nov 29 04:52:27 CST 2023 (1701255147349)
2024-03-13 21:18:45,846 [FATAL] Updater:308 - Updater called before beeing initialized
2024-03-13 21:18:45,922 [WARN] DetailPanel:346 - Failed to get advertising image, set to default
2024-03-13 21:18:46,044 [FATAL] Updater:308 - Updater called before beeing initialized
2024-03-13 21:18:46,046 [FATAL] Updater:308 - Updater called before beeing initialized
2024-03-13 21:18:46,046 [FATAL] Updater:308 - Updater called before beeing initialized
2024-03-13 21:18:46,046 [WARN] DetailPanel:346 - Failed to get advertising image, set to default
2024-03-13 21:18:46,047 [FATAL] Updater:308 - Updater called before beeing initialized
2024-03-13 21:18:46,098 [ERROR] Updater:1120 - MainUpdater not yet initialized. External WinMGr cannot be set.
2024-03-13 21:18:46,106 [INFO] Updater:1056 - Updater Version found : 6.10.0
2024-03-13 21:18:46,124 [INFO] ApplicationProperties:184 - Using Application install path: C:\ST\STM32CubeIDE_1.14.1\STM32CubeIDE\plugins\com.st.stm32cube.common.mx_6.10.0.202311202037
2024-03-13 21:18:46,317 [INFO] ThirdPartyUpdaterWithRetryManager:70 - Updater plugin not ready yet. [2/15]
2024-03-13 21:18:47,702 [ERROR] LogOutputStream:75 - [STDERR_REDIRECT] Mar 13, 2024 9:18:47 PM java.util.prefs.WindowsPreferences <init>
2024-03-13 21:18:47,703 [ERROR] LogOutputStream:75 - [STDERR_REDIRECT] WARNING: Could not open/create prefs root node Software\JavaSoft\Prefs at root 0xffffffff80000002. Windows RegCreateKeyEx(...) returned error code 5.
2024-03-13 21:18:47,703 [ERROR] LogOutputStream:75 - [STDERR_REDIRECT] 
2024-03-13 21:18:48,069 [INFO] MainUpdater:2873 - connection check result : 10
2024-03-13 21:18:48,070 [INFO] MainUpdater:290 - Updater Check For Update Now.
2024-03-13 21:18:48,070 [INFO] MicroXplorer:498 - Change Database Version : DB.6.0.100
2024-03-13 21:18:48,084 [INFO] McuFinderGlobals:63 - Set McuFinder mode to 2 (CubeIDE integrated)
2024-03-13 21:18:48,084 [INFO] UserAuth:180 - activating auth plugin
2024-03-13 21:18:48,087 [INFO] UserAuth:404 - Internet connection configuration mode: 1
2024-03-13 21:18:48,117 [INFO] JxBrowserEngine:152 - Initiate JxBrowser Engine with user profile folder
2024-03-13 21:18:48,255 [INFO] CheckServerUpdateThread:120 - End of CheckServer Thread
2024-03-13 21:18:49,513 [WARN] PackLoader:240 - Cannot read IP mode file for STMicroelectronics.X-CUBE-SMBUS.2.1.0
2024-03-13 21:18:49,529 [WARN] PackLoader:240 - Cannot read IP mode file for STMicroelectronics.X-CUBE-TOUCHGFX.4.23.0
2024-03-13 21:18:49,565 [WARN] PackLoader:240 - Cannot read IP mode file for STMicroelectronics.X-CUBE-AZRTOS-F7.1.1.0
2024-03-13 21:18:49,586 [WARN] PackLoader:240 - Cannot read IP mode file for STMicroelectronics.FP-SNS-MOTENV1.4.3.2
2024-03-13 21:18:49,605 [WARN] PackLoader:240 - Cannot read IP mode file for STMicroelectronics.FP-SNS-FLIGHT1.5.0.2
2024-03-13 21:18:49,622 [WARN] PackLoader:240 - Cannot read IP mode file for STMicroelectronics.X-CUBE-DISPLAY.3.0.0
2024-03-13 21:18:49,641 [WARN] PackLoader:240 - Cannot read IP mode file for STMicroelectronics.X-CUBE-BLE1.7.0.0
2024-03-13 21:18:49,653 [WARN] PackLoader:240 - Cannot read IP mode file for emotas.I-CUBE-CANOPEN.1.3.0
2024-03-13 21:18:49,668 [WARN] PackLoader:240 - Cannot read IP mode file for STMicroelectronics.X-CUBE-BLEMGR.3.1.0
2024-03-13 21:18:49,680 [WARN] PackLoader:240 - Cannot read IP mode file for STMicroelectronics.FP-SNS-SMARTAG2.1.2.0
2024-03-13 21:18:49,699 [INFO] LogOutputStream:77 - [STDOUT_REDIRECT] 1 : Invalid condition id : UX_CORESTACK_Condition cause : null
2024-03-13 21:18:49,699 [INFO] LogOutputStream:77 - [STDOUT_REDIRECT] 1 : Invalid condition id : UX_CORESTACK_Condition cause : null
2024-03-13 21:18:49,700 [INFO] LogOutputStream:77 - [STDOUT_REDIRECT] 1 : Invalid condition id : UX_CORESTACK_Condition cause : null
2024-03-13 21:18:49,701 [INFO] LogOutputStream:77 - [STDOUT_REDIRECT] 1 : Invalid condition id : UX_CORESTACK_Condition cause : null
2024-03-13 21:18:49,702 [INFO] LogOutputStream:77 - [STDOUT_REDIRECT] 1 : Invalid condition id : UX_CORESTACK_Condition cause : null
2024-03-13 21:18:49,705 [WARN] PackLoader:240 - Cannot read IP mode file for STMicroelectronics.X-CUBE-AZRTOS-WL.2.0.0
2024-03-13 21:18:49,719 [WARN] PackLoader:240 - Cannot read IP mode file for WES.I-CUBE-Cesium.1.3.0
2024-03-13 21:18:49,729 [WARN] PackLoader:240 - Cannot read IP mode file for STMicroelectronics.X-CUBE-BLE2.3.3.0
2024-03-13 21:18:49,741 [WARN] PackLoader:240 - Cannot read IP mode file for STMicroelectronics.X-CUBE-ALGOBUILD.1.3.0
2024-03-13 21:18:49,763 [WARN] PackLoader:240 - Cannot read IP mode file for STMicroelectronics.X-CUBE-AZRTOS-G0.1.1.0
2024-03-13 21:18:49,776 [WARN] PackLoader:240 - Cannot read IP mode file for STMicroelectronics.X-CUBE-NFC4.3.0.0
2024-03-13 21:18:49,790 [WARN] PackLoader:240 - Cannot read IP mode file for STMicroelectronics.X-CUBE-BLEMGR.3.0.0
2024-03-13 21:18:49,801 [WARN] PackLoader:240 - Cannot read IP mode file for STMicroelectronics.FP-ATR-SIGFOX1.3.2.0
2024-03-13 21:18:49,813 [WARN] PackLoader:240 - Cannot read IP mode file for STMicroelectronics.X-CUBE-EEPRMA1.5.1.0
2024-03-13 21:18:49,848 [WARN] PackLoader:240 - Cannot read IP mode file for SEGGER.I-CUBE-embOS.1.3.1
2024-03-13 21:18:49,887 [WARN] PackLoader:240 - Cannot read IP mode file for STMicroelectronics.X-CUBE-GNSS1.6.0.0
2024-03-13 21:18:49,910 [WARN] PackLoader:240 - Cannot read IP mode file for STMicroelectronics.X-CUBE-AZRTOS-F4.1.1.0
2024-03-13 21:18:49,921 [WARN] PackLoader:240 - Cannot read IP mode file for wolfSSL.I-CUBE-wolfSSL.5.6.6
2024-03-13 21:18:49,944 [WARN] PackLoader:240 - Cannot read IP mode file for STMicroelectronics.X-CUBE-AZRTOS-L5.2.0.0
2024-03-13 21:18:49,957 [WARN] PackLoader:240 - Cannot read IP mode file for ITTIA_DB.I-CUBE-ITTIADB.8.8.0
2024-03-13 21:18:49,967 [WARN] PackLoader:240 - Cannot read IP mode file for STMicroelectronics.X-CUBE-NFC7.1.0.1
2024-03-13 21:18:49,979 [WARN] PackLoader:240 - Cannot read IP mode file for STMicroelectronics.X-CUBE-NFC6.3.0.0
2024-03-13 21:18:49,990 [WARN] PackLoader:240 - Cannot read IP mode file for STMicroelectronics.X-CUBE-AI.8.1.0
2024-03-13 21:18:50,014 [WARN] ConditionMgr:438 - getConditionDescription Invalid condition id : LAN8742 Phy interface Condition cause : null
2024-03-13 21:18:50,015 [WARN] PackLoader:240 - Cannot read IP mode file for STMicroelectronics.X-CUBE-AZRTOS-L4.2.0.0
2024-03-13 21:18:50,016 [WARN] ConditionMgr:1039 - genDependencies : Invalid condition id : LAN8742 Phy interface Condition cause : null
2024-03-13 21:18:50,016 [WARN] ConditionMgr:1039 - genDependencies : Invalid condition id : LAN8742 Phy interface Condition cause : null
2024-03-13 21:18:50,016 [WARN] ConditionMgr:1039 - genDependencies : Invalid condition id : LAN8742 Phy interface Condition cause : null
2024-03-13 21:18:50,029 [WARN] PackLoader:240 - Cannot read IP mode file for STMicroelectronics.X-CUBE-SFXS2LP1.4.0.0
2024-03-13 21:18:50,057 [WARN] ConditionMgr:438 - getConditionDescription Invalid condition id : UX DEVICE CLASS RTOS Condition cause : null
2024-03-13 21:18:50,057 [WARN] ConditionMgr:438 - getConditionDescription Invalid condition id : UX DEVICE CLASS RTOS Condition cause : null
2024-03-13 21:18:50,059 [WARN] PackLoader:240 - Cannot read IP mode file for STMicroelectronics.X-CUBE-AZRTOS-WB.2.0.0
2024-03-13 21:18:50,059 [WARN] ConditionMgr:1039 - genDependencies : Invalid condition id : UX DEVICE CLASS RTOS Condition cause : null
2024-03-13 21:18:50,059 [WARN] ConditionMgr:1039 - genDependencies : Invalid condition id : UX DEVICE CLASS RTOS Condition cause : null
2024-03-13 21:18:50,059 [WARN] ConditionMgr:1039 - genDependencies : Invalid condition id : UX DEVICE CLASS RTOS Condition cause : null
2024-03-13 21:18:50,060 [WARN] ConditionMgr:1039 - genDependencies : Invalid condition id : UX DEVICE CLASS RTOS Condition cause : null
2024-03-13 21:18:50,060 [WARN] ConditionMgr:1039 - genDependencies : Invalid condition id : UX DEVICE CLASS RTOS Condition cause : null
2024-03-13 21:18:50,083 [WARN] PackLoader:240 - Cannot read IP mode file for STMicroelectronics.X-CUBE-SUBG2.5.0.0
2024-03-13 21:18:50,119 [WARN] PackLoader:240 - Cannot read IP mode file for STMicroelectronics.X-CUBE-AZRTOS-G4.2.0.0
2024-03-13 21:18:50,144 [WARN] PackLoader:240 - Cannot read IP mode file for Infineon.AIROC-Wi-Fi-Bluetooth-STM32.1.5.1
2024-03-13 21:18:50,165 [WARN] PackLoader:240 - Cannot read IP mode file for STMicroelectronics.FP-SNS-MOTENVWB1.1.3.1
2024-03-13 21:18:50,178 [WARN] PackLoader:240 - Cannot read IP mode file for STMicroelectronics.X-CUBE-ISPU.2.0.0
2024-03-13 21:18:50,219 [WARN] PackLoader:240 - Cannot read IP mode file for STMicroelectronics.X-CUBE-MEMS1.10.0.0
2024-03-13 21:18:50,313 [WARN] PackLoader:240 - Cannot read IP mode file for STMicroelectronics.X-CUBE-FREERTOS.1.1.0
2024-03-13 21:18:50,326 [WARN] PackLoader:240 - Cannot read IP mode file for portGmbH.I-Cube-SoM-uGOAL.1.1.0
2024-03-13 21:18:50,337 [WARN] PackLoader:240 - Cannot read IP mode file for STMicroelectronics.X-CUBE-ALS.1.0.1
2024-03-13 21:18:50,347 [WARN] PackLoader:240 - Cannot read IP mode file for STMicroelectronics.FP-ATR-ASTRA1.2.0.0
2024-03-13 21:18:50,364 [WARN] PackLoader:240 - Cannot read IP mode file for STMicroelectronics.X-CUBE-TOF1.3.4.0
2024-03-13 21:18:50,387 [WARN] PackLoader:240 - Cannot read IP mode file for STMicroelectronics.X-CUBE-TOF1.3.4.1
2024-03-13 21:18:50,424 [WARN] PackLoader:240 - Cannot read IP mode file for STMicroelectronics.X-CUBE-AZRTOS-H7.3.2.0
2024-03-13 21:18:50,427 [INFO] ThirdParty:978 - Integrity check success = true
2024-03-13 21:18:50,427 [INFO] IntegrityCheckThread:100 - exiting critical section [integrity check]
2024-03-13 21:18:50,427 [INFO] IntegrityCheckThread:103 - End integrity checks thread
2024-03-13 21:18:51,581 [INFO] WebApp:161 - Instantiating new browser for Auth
2024-03-13 21:18:52,214 [INFO] WebApp:780 - Register for checkConnection events
2024-03-13 21:18:52,215 [INFO] WebApp:414 - Apply proxy settings
2024-03-13 21:18:52,215 [INFO] WebApp:499 - Chromium requires no authentication
2024-03-13 21:18:52,222 [INFO] WebApp:442 - Direct internet connection detected
2024-03-13 21:18:52,397 [INFO] WebApp:192 - Starting web application
2024-03-13 21:18:52,397 [INFO] WebApp:544 - Web application path used C:\ST\STM32CubeIDE_1.14.1\STM32CubeIDE\plugins\com.st.stm32cube.common.mx_6.10.0.202311202037\db\plugins\mcufinder\reactClient1\index.html
2024-03-13 21:19:13,197 [ERROR] LogOutputStream:75 - [STDERR_REDIRECT] SLF4J: Failed to load class "org.slf4j.impl.StaticLoggerBinder".
2024-03-13 21:19:13,198 [ERROR] LogOutputStream:75 - [STDERR_REDIRECT] SLF4J: Defaulting to no-operation (NOP) logger implementation
2024-03-13 21:19:13,199 [ERROR] LogOutputStream:75 - [STDERR_REDIRECT] SLF4J: See http://www.slf4j.org/codes.html#StaticLoggerBinder for further details.
2024-03-13 21:20:17,238 [ERROR] LogOutputStream:75 - [STDERR_REDIRECT] 
2024-03-13 21:20:17,238 [ERROR] LogOutputStream:75 - [STDERR_REDIRECT] 
2024-03-13 21:20:27,561 [INFO] Activator:176 - 


2024-03-13 21:20:27,562 [INFO] Activator:177 - !SESSION log4j initialized
2024-03-13 21:20:31,462 [INFO] LogOutputStream:77 - [STDOUT_REDIRECT] 
2024-03-13 21:20:32,136 [INFO] ApplicationProperties:184 - Using Application install path: C:\ST\STM32CubeIDE_1.14.1\STM32CubeIDE\plugins\com.st.stm32cube.common.mx_6.10.0.202311202037
2024-03-13 21:20:32,150 [INFO] DbMcusXml:78 - Set database path to: C:\ST\STM32CubeIDE_1.14.1\STM32CubeIDE\plugins\com.st.stm32cube.common.mx_6.10.0.202311202037\\db\/mcu/
2024-03-13 21:20:32,150 [INFO] ApiDb:274 - Set plugin database path to: C:\ST\STM32CubeIDE_1.14.1\STM32CubeIDE\plugins\com.st.stm32cube.common.mx_6.10.0.202311202037\\db\/plugins/boardmanager/
2024-03-13 21:20:32,150 [WARN] ApiDb:259 - Overriding images path with different value:  => C:\ST\STM32CubeIDE_1.14.1\STM32CubeIDE\plugins\com.st.stm32cube.common.mx_6.10.0.202311202037\\db\/plugins/mcufinder/images/
2024-03-13 21:20:32,155 [INFO] ApiDb:250 - Set database path to: C:\Users\tjdtj\.stmcufinder\plugins\mcufinder//mcu/
2024-03-13 21:20:32,156 [INFO] DbMcusAds:125 - Set database path to: C:\Users\tjdtj\.stmcufinder\plugins\mcufinder//mcu/
2024-03-13 21:20:32,158 [INFO] CrossReferenceDbSqlite:203 - Set database path to: C:\Users\tjdtj\.stmcufinder\plugins\mcufinder//mcu/cs/
2024-03-13 21:20:32,246 [INFO] RulesReader:64 - Compatibility file has been processed (297 Rules)
2024-03-13 21:20:32,317 [INFO] DbMcusXml:78 - Set database path to: C:\ST\STM32CubeIDE_1.14.1\STM32CubeIDE\plugins\com.st.stm32cube.common.mx_6.10.0.202311202037\\db\/mcu/
2024-03-13 21:20:32,317 [INFO] ApiDb:274 - Set plugin database path to: C:\ST\STM32CubeIDE_1.14.1\STM32CubeIDE\plugins\com.st.stm32cube.common.mx_6.10.0.202311202037\\db\/plugins/boardmanager/
2024-03-13 21:20:32,318 [INFO] ApiDb:261 - Set plugin images path to: C:\ST\STM32CubeIDE_1.14.1\STM32CubeIDE\plugins\com.st.stm32cube.common.mx_6.10.0.202311202037\\db\/plugins/mcufinder/images/
2024-03-13 21:20:32,318 [WARN] DbFile:41 - Overriding database path with different value: C:\Users\tjdtj\.stmcufinder\plugins\mcufinder/ => C:\Users\tjdtj\.stmcufinder\plugins\mcufinder
2024-03-13 21:20:32,318 [INFO] ApiDb:250 - Set database path to: C:\Users\tjdtj\.stmcufinder\plugins\mcufinder//mcu/
2024-03-13 21:20:32,318 [WARN] DbFile:41 - Overriding database path with different value: C:\Users\tjdtj\.stmcufinder\plugins\mcufinder/ => C:\Users\tjdtj\.stmcufinder\plugins\mcufinder
2024-03-13 21:20:32,318 [INFO] DbMcusAds:125 - Set database path to: C:\Users\tjdtj\.stmcufinder\plugins\mcufinder//mcu/
2024-03-13 21:20:32,318 [WARN] DbFile:41 - Overriding database path with different value: C:\Users\tjdtj\.stmcufinder\plugins\mcufinder/ => C:\Users\tjdtj\.stmcufinder\plugins\mcufinder
2024-03-13 21:20:32,318 [WARN] DbFile:41 - Overriding database path with different value: C:\Users\tjdtj\.stmcufinder\plugins\mcufinder/ => C:\Users\tjdtj\.stmcufinder\plugins\mcufinder
2024-03-13 21:20:32,318 [INFO] CrossReferenceDbSqlite:203 - Set database path to: C:\Users\tjdtj\.stmcufinder\plugins\mcufinder//mcu/cs/
2024-03-13 21:20:32,372 [INFO] MainPanel:264 - HeapMemory: 268435456
2024-03-13 21:20:32,428 [INFO] DbMcusXml:78 - Set database path to: C:\ST\STM32CubeIDE_1.14.1\STM32CubeIDE\plugins\com.st.stm32cube.common.mx_6.10.0.202311202037\\db\/mcu/
2024-03-13 21:20:32,429 [INFO] ApiDb:274 - Set plugin database path to: C:\ST\STM32CubeIDE_1.14.1\STM32CubeIDE\plugins\com.st.stm32cube.common.mx_6.10.0.202311202037\\db\/plugins/boardmanager/
2024-03-13 21:20:32,429 [INFO] ApiDb:261 - Set plugin images path to: C:\ST\STM32CubeIDE_1.14.1\STM32CubeIDE\plugins\com.st.stm32cube.common.mx_6.10.0.202311202037\\db\/plugins/mcufinder/images/
2024-03-13 21:20:32,429 [WARN] DbFile:41 - Overriding database path with different value: C:\Users\tjdtj\.stmcufinder\plugins\mcufinder/ => C:\Users\tjdtj\.stmcufinder\plugins\mcufinder
2024-03-13 21:20:32,429 [INFO] ApiDb:250 - Set database path to: C:\Users\tjdtj\.stmcufinder\plugins\mcufinder//mcu/
2024-03-13 21:20:32,429 [WARN] DbFile:41 - Overriding database path with different value: C:\Users\tjdtj\.stmcufinder\plugins\mcufinder/ => C:\Users\tjdtj\.stmcufinder\plugins\mcufinder
2024-03-13 21:20:32,430 [INFO] DbMcusAds:125 - Set database path to: C:\Users\tjdtj\.stmcufinder\plugins\mcufinder//mcu/
2024-03-13 21:20:32,430 [WARN] DbFile:41 - Overriding database path with different value: C:\Users\tjdtj\.stmcufinder\plugins\mcufinder/ => C:\Users\tjdtj\.stmcufinder\plugins\mcufinder
2024-03-13 21:20:32,430 [WARN] DbFile:41 - Overriding database path with different value: C:\Users\tjdtj\.stmcufinder\plugins\mcufinder/ => C:\Users\tjdtj\.stmcufinder\plugins\mcufinder
2024-03-13 21:20:32,430 [INFO] CrossReferenceDbSqlite:203 - Set database path to: C:\Users\tjdtj\.stmcufinder\plugins\mcufinder//mcu/cs/
2024-03-13 21:20:32,444 [INFO] ApplicationProperties:184 - Using Application install path: C:\ST\STM32CubeIDE_1.14.1\STM32CubeIDE\plugins\com.st.stm32cube.common.mx_6.10.0.202311202037
2024-03-13 21:20:32,446 [INFO] PluginManage:196 - Search for loadable plugins [exclusion list=, ]
2024-03-13 21:20:32,447 [INFO] PluginManage:310 - Check plugin analytics
2024-03-13 21:20:32,571 [INFO] AnalyticsPlugin:253 - Accepted Software Licenses: 
2024-03-13 21:20:32,571 [INFO] AnalyticsPlugin:255 - Accepted CMSIS Pack Licenses: 
2024-03-13 21:20:32,572 [INFO] AnalyticsPlugin:257 - Accepted Firmware Licenses: 
2024-03-13 21:20:32,573 [INFO] PluginManage:359 - Loaded plugin analytics (category:tool,tabindex:-1)
2024-03-13 21:20:32,574 [INFO] PluginManage:310 - Check plugin cadmodel
2024-03-13 21:20:32,577 [INFO] CADModel:105 - Init CAD model plugin
2024-03-13 21:20:32,577 [INFO] PluginManage:359 - Loaded plugin cadmodel (category:power,tabindex:5)
2024-03-13 21:20:32,577 [INFO] PluginManage:310 - Check plugin clock
2024-03-13 21:20:32,585 [INFO] PluginManage:359 - Loaded plugin clock (category:base,tabindex:2)
2024-03-13 21:20:32,585 [INFO] PluginManage:310 - Check plugin ddr
2024-03-13 21:20:32,586 [INFO] PluginManage:359 - Loaded plugin ddr (category:tool,tabindex:6)
2024-03-13 21:20:32,587 [INFO] PluginManage:310 - Check plugin filemanager
2024-03-13 21:20:32,695 [INFO] PluginManage:359 - Loaded plugin filemanager (category:base,tabindex:10)
2024-03-13 21:20:32,695 [INFO] PluginManage:310 - Check plugin ipmanager
2024-03-13 21:20:32,701 [INFO] PluginManage:359 - Loaded plugin ipmanager (category:base,tabindex:5)
2024-03-13 21:20:32,701 [INFO] PluginManage:310 - Check plugin lpbam
2024-03-13 21:20:32,707 [INFO] PluginManage:359 - Loaded plugin lpbam (category:base,tabindex:0)
2024-03-13 21:20:32,707 [INFO] PluginManage:310 - Check plugin memorymap
2024-03-13 21:20:32,718 [INFO] PluginManage:359 - Loaded plugin memorymap (category:base,tabindex:4)
2024-03-13 21:20:32,718 [INFO] PluginManage:310 - Check plugin pinoutandconfiguration
2024-03-13 21:20:32,723 [INFO] PluginManage:359 - Loaded plugin pinoutandconfiguration (category:base,tabindex:1)
2024-03-13 21:20:32,724 [INFO] PluginManage:310 - Check plugin pinoutconfig
2024-03-13 21:20:32,800 [WARN] SupportedApi:132 - Cannot load RTOS API schema: s4s-elt-must-match.1: The content of 'definitions' must match (annotation?, (simpleType | complexType)?, (unique | key | keyref)*)). A problem was found starting at: attribute.
2024-03-13 21:20:32,900 [INFO] PluginManage:359 - Loaded plugin pinoutconfig (category:base,tabindex:0)
2024-03-13 21:20:32,900 [INFO] PluginManage:310 - Check plugin power
2024-03-13 21:20:32,909 [INFO] PluginManage:359 - Loaded plugin power (category:power,tabindex:4)
2024-03-13 21:20:32,909 [INFO] PluginManage:310 - Check plugin projectmanager
2024-03-13 21:20:32,922 [INFO] PluginManage:359 - Loaded plugin projectmanager (category:projectmanager,tabindex:3)
2024-03-13 21:20:32,923 [INFO] PluginManage:310 - Check plugin thirdparty
2024-03-13 21:20:33,008 [INFO] PluginManage:359 - Loaded plugin thirdparty (category:base,tabindex:-1)
2024-03-13 21:20:33,008 [WARN] IntegrityCheckThread:84 - waiting for thirdparty lock release [integrity check]
2024-03-13 21:20:33,008 [INFO] PluginManage:310 - Check plugin tools
2024-03-13 21:20:33,008 [INFO] IntegrityCheckThread:86 - entering critical section [integrity check]
2024-03-13 21:20:33,008 [INFO] ThirdPartyUpdaterWithRetryManager:70 - Updater plugin not ready yet. [1/15]
2024-03-13 21:20:33,010 [INFO] PluginManage:359 - Loaded plugin tools (category:base,tabindex:7)
2024-03-13 21:20:33,011 [INFO] PluginManage:310 - Check plugin tutovideos
2024-03-13 21:20:33,143 [INFO] PluginManage:359 - Loaded plugin tutovideos (category:base,tabindex:-1)
2024-03-13 21:20:33,143 [INFO] PluginManage:310 - Check plugin updater
2024-03-13 21:20:33,152 [INFO] PluginManage:359 - Loaded plugin updater (category:base,tabindex:12)
2024-03-13 21:20:33,153 [INFO] PluginManage:310 - Check plugin userauth
2024-03-13 21:20:33,157 [INFO] UserAuth:114 - Init User Auth plugin
2024-03-13 21:20:33,157 [INFO] PluginManage:359 - Loaded plugin userauth (category:base,tabindex:14)
2024-03-13 21:20:33,158 [INFO] PluginManage:283 - PluginManage : Loaded plugins [17]
2024-03-13 21:20:33,326 [INFO] PinOutPanel:1499 - setPackage(No Configuration,No Configuration)
2024-03-13 21:20:33,384 [INFO] CADModel:165 - CPN selected for project level
2024-03-13 21:20:33,384 [INFO] CADModel:114 - Register for checkConnection events
2024-03-13 21:20:33,396 [INFO] IPUIPlugin:80 - create IPUIPlugin
2024-03-13 21:20:33,397 [INFO] PluginManager:220 - loadIPPluginJar : add adc
2024-03-13 21:20:33,399 [INFO] IPUIPlugin:80 - create IPUIPlugin
2024-03-13 21:20:33,399 [INFO] PluginManager:220 - loadIPPluginJar : add aes
2024-03-13 21:20:33,401 [INFO] IPUIPlugin:80 - create IPUIPlugin
2024-03-13 21:20:33,401 [INFO] PluginManager:220 - loadIPPluginJar : add can
2024-03-13 21:20:33,403 [INFO] IPUIPlugin:80 - create IPUIPlugin
2024-03-13 21:20:33,403 [INFO] PluginManager:220 - loadIPPluginJar : add comp
2024-03-13 21:20:33,404 [INFO] IPUIPlugin:80 - create IPUIPlugin
2024-03-13 21:20:33,404 [INFO] PluginManager:220 - loadIPPluginJar : add cryp
2024-03-13 21:20:33,406 [INFO] IPUIPlugin:80 - create IPUIPlugin
2024-03-13 21:20:33,406 [INFO] PluginManager:220 - loadIPPluginJar : add dfsdm
2024-03-13 21:20:33,410 [INFO] IPUIPlugin:80 - create IPUIPlugin
2024-03-13 21:20:33,410 [INFO] PluginManager:220 - loadIPPluginJar : add dma
2024-03-13 21:20:33,412 [INFO] IPUIPlugin:80 - create IPUIPlugin
2024-03-13 21:20:33,412 [INFO] PluginManager:220 - loadIPPluginJar : add dma3
2024-03-13 21:20:33,414 [INFO] IPUIPlugin:80 - create IPUIPlugin
2024-03-13 21:20:33,414 [INFO] PluginManager:220 - loadIPPluginJar : add fatfs
2024-03-13 21:20:33,417 [INFO] IPUIPlugin:80 - create IPUIPlugin
2024-03-13 21:20:33,417 [INFO] PluginManager:220 - loadIPPluginJar : add fmc
2024-03-13 21:20:33,421 [INFO] IPUIPlugin:80 - create IPUIPlugin
2024-03-13 21:20:33,421 [INFO] PluginManager:220 - loadIPPluginJar : add freertos
2024-03-13 21:20:33,422 [INFO] IPUIPlugin:80 - create IPUIPlugin
2024-03-13 21:20:33,422 [INFO] PluginManager:220 - loadIPPluginJar : add genericplugin
2024-03-13 21:20:33,423 [INFO] IPUIPlugin:80 - create IPUIPlugin
2024-03-13 21:20:33,423 [INFO] PluginManager:220 - loadIPPluginJar : add gfxmmu
2024-03-13 21:20:33,426 [INFO] IPUIPlugin:80 - create IPUIPlugin
2024-03-13 21:20:33,427 [INFO] PluginManager:220 - loadIPPluginJar : add gic
2024-03-13 21:20:33,431 [INFO] IPUIPlugin:80 - create IPUIPlugin
2024-03-13 21:20:33,431 [INFO] PluginManager:220 - loadIPPluginJar : add gpio
2024-03-13 21:20:33,433 [INFO] IPUIPlugin:80 - create IPUIPlugin
2024-03-13 21:20:33,433 [INFO] PluginManager:220 - loadIPPluginJar : add gtzc
2024-03-13 21:20:33,434 [INFO] IPUIPlugin:80 - create IPUIPlugin
2024-03-13 21:20:33,435 [INFO] PluginManager:220 - loadIPPluginJar : add hash
2024-03-13 21:20:33,436 [INFO] IPUIPlugin:80 - create IPUIPlugin
2024-03-13 21:20:33,436 [INFO] PluginManager:220 - loadIPPluginJar : add i2c
2024-03-13 21:20:33,438 [INFO] IPUIPlugin:80 - create IPUIPlugin
2024-03-13 21:20:33,438 [INFO] PluginManager:220 - loadIPPluginJar : add i2s
2024-03-13 21:20:33,439 [INFO] IPUIPlugin:80 - create IPUIPlugin
2024-03-13 21:20:33,440 [INFO] PluginManager:220 - loadIPPluginJar : add i3c
2024-03-13 21:20:33,441 [INFO] IPUIPlugin:80 - create IPUIPlugin
2024-03-13 21:20:33,442 [INFO] PluginManager:220 - loadIPPluginJar : add ipddr
2024-03-13 21:20:33,448 [INFO] IPUIPlugin:80 - create IPUIPlugin
2024-03-13 21:20:33,448 [INFO] PluginManager:220 - loadIPPluginJar : add linkedlist
2024-03-13 21:20:33,450 [INFO] IPUIPlugin:80 - create IPUIPlugin
2024-03-13 21:20:33,450 [INFO] PluginManager:220 - loadIPPluginJar : add lorawan
2024-03-13 21:20:33,451 [INFO] IPUIPlugin:80 - create IPUIPlugin
2024-03-13 21:20:33,452 [INFO] PluginManager:220 - loadIPPluginJar : add ltdc
2024-03-13 21:20:33,456 [INFO] IPUIPlugin:80 - create IPUIPlugin
2024-03-13 21:20:33,456 [INFO] PluginManager:220 - loadIPPluginJar : add mdma
2024-03-13 21:20:33,458 [INFO] IPUIPlugin:80 - create IPUIPlugin
2024-03-13 21:20:33,458 [INFO] PluginManager:220 - loadIPPluginJar : add nvic
2024-03-13 21:20:33,461 [INFO] IPUIPlugin:80 - create IPUIPlugin
2024-03-13 21:20:33,461 [INFO] PluginManager:220 - loadIPPluginJar : add opamp
2024-03-13 21:20:33,464 [INFO] IPUIPlugin:80 - create IPUIPlugin
2024-03-13 21:20:33,464 [INFO] PluginManager:220 - loadIPPluginJar : add openamp
2024-03-13 21:20:33,466 [INFO] IPUIPlugin:80 - create IPUIPlugin
2024-03-13 21:20:33,467 [INFO] PluginManager:220 - loadIPPluginJar : add pdm2pcm
2024-03-13 21:20:33,471 [INFO] IPUIPlugin:80 - create IPUIPlugin
2024-03-13 21:20:33,473 [INFO] PluginManager:220 - loadIPPluginJar : add plateformsettings
2024-03-13 21:20:33,474 [INFO] IPUIPlugin:80 - create IPUIPlugin
2024-03-13 21:20:33,474 [INFO] PluginManager:220 - loadIPPluginJar : add quadspi
2024-03-13 21:20:33,477 [INFO] IPUIPlugin:80 - create IPUIPlugin
2024-03-13 21:20:33,477 [INFO] PluginManager:220 - loadIPPluginJar : add resmgrutility
2024-03-13 21:20:33,480 [INFO] IPUIPlugin:80 - create IPUIPlugin
2024-03-13 21:20:33,481 [INFO] PluginManager:220 - loadIPPluginJar : add sai
2024-03-13 21:20:33,483 [INFO] IPUIPlugin:80 - create IPUIPlugin
2024-03-13 21:20:33,483 [INFO] PluginManager:220 - loadIPPluginJar : add spi
2024-03-13 21:20:33,488 [INFO] IPUIPlugin:80 - create IPUIPlugin
2024-03-13 21:20:33,488 [INFO] PluginManager:220 - loadIPPluginJar : add stm32_wpan
2024-03-13 21:20:33,489 [INFO] IPUIPlugin:80 - create IPUIPlugin
2024-03-13 21:20:33,489 [INFO] PluginManager:220 - loadIPPluginJar : add tim
2024-03-13 21:20:33,492 [INFO] IPUIPlugin:80 - create IPUIPlugin
2024-03-13 21:20:33,492 [INFO] PluginManager:220 - loadIPPluginJar : add touchsensing
2024-03-13 21:20:33,494 [INFO] IPUIPlugin:80 - create IPUIPlugin
2024-03-13 21:20:33,495 [INFO] PluginManager:220 - loadIPPluginJar : add tracer_emb
2024-03-13 21:20:33,497 [INFO] IPUIPlugin:80 - create IPUIPlugin
2024-03-13 21:20:33,497 [INFO] PluginManager:220 - loadIPPluginJar : add ts
2024-03-13 21:20:33,499 [INFO] IPUIPlugin:80 - create IPUIPlugin
2024-03-13 21:20:33,499 [INFO] PluginManager:220 - loadIPPluginJar : add tsc
2024-03-13 21:20:33,500 [INFO] IPUIPlugin:80 - create IPUIPlugin
2024-03-13 21:20:33,500 [INFO] PluginManager:220 - loadIPPluginJar : add ucpd
2024-03-13 21:20:33,502 [INFO] IPUIPlugin:80 - create IPUIPlugin
2024-03-13 21:20:33,502 [INFO] PluginManager:220 - loadIPPluginJar : add usart
2024-03-13 21:20:33,504 [INFO] IPUIPlugin:80 - create IPUIPlugin
2024-03-13 21:20:33,504 [INFO] PluginManager:220 - loadIPPluginJar : add usbx
2024-03-13 21:20:33,622 [INFO] CADModel:165 - CPN selected for project level
2024-03-13 21:20:33,622 [INFO] CADModel:114 - Register for checkConnection events
2024-03-13 21:20:33,622 [FATAL] Updater:308 - Updater called before beeing initialized
2024-03-13 21:20:33,623 [ERROR] CADModel:125 - Updater not yet initialized, retry later 
2024-03-13 21:20:33,724 [INFO] CADModel:165 - CPN selected for project level
2024-03-13 21:20:33,724 [INFO] CADModel:114 - Register for checkConnection events
2024-03-13 21:20:33,724 [FATAL] Updater:308 - Updater called before beeing initialized
2024-03-13 21:20:33,725 [ERROR] CADModel:125 - Updater not yet initialized, retry later 
2024-03-13 21:20:33,727 [FATAL] Updater:308 - Updater called before beeing initialized
2024-03-13 21:20:33,807 [FATAL] Updater:308 - Updater called before beeing initialized
2024-03-13 21:20:33,810 [INFO] DbMcusAds:53 - JSON generation date=Wed Nov 29 04:52:27 CST 2023 (1701255147349)
2024-03-13 21:20:33,811 [FATAL] Updater:308 - Updater called before beeing initialized
2024-03-13 21:20:33,841 [WARN] DetailPanel:346 - Failed to get advertising image, set to default
2024-03-13 21:20:33,929 [FATAL] Updater:308 - Updater called before beeing initialized
2024-03-13 21:20:33,930 [FATAL] Updater:308 - Updater called before beeing initialized
2024-03-13 21:20:33,931 [FATAL] Updater:308 - Updater called before beeing initialized
2024-03-13 21:20:33,931 [WARN] DetailPanel:346 - Failed to get advertising image, set to default
2024-03-13 21:20:33,932 [FATAL] Updater:308 - Updater called before beeing initialized
2024-03-13 21:20:33,971 [ERROR] Updater:1120 - MainUpdater not yet initialized. External WinMGr cannot be set.
2024-03-13 21:20:33,972 [INFO] Updater:1056 - Updater Version found : 6.10.0
2024-03-13 21:20:33,988 [INFO] ApplicationProperties:184 - Using Application install path: C:\ST\STM32CubeIDE_1.14.1\STM32CubeIDE\plugins\com.st.stm32cube.common.mx_6.10.0.202311202037
2024-03-13 21:20:35,559 [ERROR] LogOutputStream:75 - [STDERR_REDIRECT] Mar 13, 2024 9:20:35 PM java.util.prefs.WindowsPreferences <init>
2024-03-13 21:20:35,561 [ERROR] LogOutputStream:75 - [STDERR_REDIRECT] WARNING: Could not open/create prefs root node Software\JavaSoft\Prefs at root 0xffffffff80000002. Windows RegCreateKeyEx(...) returned error code 5.
2024-03-13 21:20:35,562 [ERROR] LogOutputStream:75 - [STDERR_REDIRECT] 
2024-03-13 21:20:35,841 [INFO] MainUpdater:2873 - connection check result : 10
2024-03-13 21:20:35,842 [INFO] MainUpdater:290 - Updater Check For Update Now.
2024-03-13 21:20:35,842 [INFO] MicroXplorer:498 - Change Database Version : DB.6.0.100
2024-03-13 21:20:35,848 [INFO] McuFinderGlobals:63 - Set McuFinder mode to 2 (CubeIDE integrated)
2024-03-13 21:20:35,849 [INFO] UserAuth:180 - activating auth plugin
2024-03-13 21:20:35,851 [INFO] UserAuth:404 - Internet connection configuration mode: 1
2024-03-13 21:20:35,863 [INFO] JxBrowserEngine:152 - Initiate JxBrowser Engine with user profile folder
2024-03-13 21:20:36,011 [WARN] MainUpdater:1194 - Updater busy. Cannot search thirdparties
2024-03-13 21:20:36,011 [INFO] ThirdPartyUpdaterWithRetryManager:96 - Updater plugin is busy. [1/15]
2024-03-13 21:20:36,026 [INFO] CheckServerUpdateThread:120 - End of CheckServer Thread
2024-03-13 21:20:36,342 [INFO] WebApp:161 - Instantiating new browser for Auth
2024-03-13 21:20:36,749 [INFO] WebApp:780 - Register for checkConnection events
2024-03-13 21:20:36,749 [INFO] WebApp:414 - Apply proxy settings
2024-03-13 21:20:36,749 [INFO] WebApp:499 - Chromium requires no authentication
2024-03-13 21:20:36,754 [INFO] WebApp:442 - Direct internet connection detected
2024-03-13 21:20:36,866 [INFO] WebApp:192 - Starting web application
2024-03-13 21:20:36,866 [INFO] WebApp:544 - Web application path used C:\ST\STM32CubeIDE_1.14.1\STM32CubeIDE\plugins\com.st.stm32cube.common.mx_6.10.0.202311202037\db\plugins\mcufinder\reactClient1\index.html
2024-03-13 21:20:39,154 [WARN] PackLoader:240 - Cannot read IP mode file for STMicroelectronics.X-CUBE-SMBUS.2.1.0
2024-03-13 21:20:39,160 [WARN] PackLoader:240 - Cannot read IP mode file for STMicroelectronics.X-CUBE-TOUCHGFX.4.23.0
2024-03-13 21:20:39,187 [WARN] PackLoader:240 - Cannot read IP mode file for STMicroelectronics.X-CUBE-AZRTOS-F7.1.1.0
2024-03-13 21:20:39,195 [WARN] PackLoader:240 - Cannot read IP mode file for STMicroelectronics.FP-SNS-MOTENV1.4.3.2
2024-03-13 21:20:39,203 [WARN] PackLoader:240 - Cannot read IP mode file for STMicroelectronics.FP-SNS-FLIGHT1.5.0.2
2024-03-13 21:20:39,210 [WARN] PackLoader:240 - Cannot read IP mode file for STMicroelectronics.X-CUBE-DISPLAY.3.0.0
2024-03-13 21:20:39,221 [WARN] PackLoader:240 - Cannot read IP mode file for STMicroelectronics.X-CUBE-BLE1.7.0.0
2024-03-13 21:20:39,225 [WARN] PackLoader:240 - Cannot read IP mode file for emotas.I-CUBE-CANOPEN.1.3.0
2024-03-13 21:20:39,236 [WARN] PackLoader:240 - Cannot read IP mode file for STMicroelectronics.X-CUBE-BLEMGR.3.1.0
2024-03-13 21:20:39,242 [WARN] PackLoader:240 - Cannot read IP mode file for STMicroelectronics.FP-SNS-SMARTAG2.1.2.0
2024-03-13 21:20:39,253 [INFO] LogOutputStream:77 - [STDOUT_REDIRECT] 1 : Invalid condition id : UX_CORESTACK_Condition cause : null
2024-03-13 21:20:39,253 [INFO] LogOutputStream:77 - [STDOUT_REDIRECT] 1 : Invalid condition id : UX_CORESTACK_Condition cause : null
2024-03-13 21:20:39,254 [INFO] LogOutputStream:77 - [STDOUT_REDIRECT] 1 : Invalid condition id : UX_CORESTACK_Condition cause : null
2024-03-13 21:20:39,255 [INFO] LogOutputStream:77 - [STDOUT_REDIRECT] 1 : Invalid condition id : UX_CORESTACK_Condition cause : null
2024-03-13 21:20:39,255 [INFO] LogOutputStream:77 - [STDOUT_REDIRECT] 1 : Invalid condition id : UX_CORESTACK_Condition cause : null
2024-03-13 21:20:39,259 [WARN] PackLoader:240 - Cannot read IP mode file for STMicroelectronics.X-CUBE-AZRTOS-WL.2.0.0
2024-03-13 21:20:39,267 [WARN] PackLoader:240 - Cannot read IP mode file for WES.I-CUBE-Cesium.1.3.0
2024-03-13 21:20:39,271 [WARN] PackLoader:240 - Cannot read IP mode file for STMicroelectronics.X-CUBE-BLE2.3.3.0
2024-03-13 21:20:39,278 [WARN] PackLoader:240 - Cannot read IP mode file for STMicroelectronics.X-CUBE-ALGOBUILD.1.3.0
2024-03-13 21:20:39,294 [WARN] PackLoader:240 - Cannot read IP mode file for STMicroelectronics.X-CUBE-AZRTOS-G0.1.1.0
2024-03-13 21:20:39,305 [WARN] PackLoader:240 - Cannot read IP mode file for STMicroelectronics.X-CUBE-NFC4.3.0.0
2024-03-13 21:20:39,313 [WARN] PackLoader:240 - Cannot read IP mode file for STMicroelectronics.X-CUBE-BLEMGR.3.0.0
2024-03-13 21:20:39,318 [WARN] PackLoader:240 - Cannot read IP mode file for STMicroelectronics.FP-ATR-SIGFOX1.3.2.0
2024-03-13 21:20:39,322 [WARN] PackLoader:240 - Cannot read IP mode file for STMicroelectronics.X-CUBE-EEPRMA1.5.1.0
2024-03-13 21:20:39,346 [WARN] PackLoader:240 - Cannot read IP mode file for SEGGER.I-CUBE-embOS.1.3.1
2024-03-13 21:20:39,385 [WARN] PackLoader:240 - Cannot read IP mode file for STMicroelectronics.X-CUBE-GNSS1.6.0.0
2024-03-13 21:20:39,397 [WARN] PackLoader:240 - Cannot read IP mode file for STMicroelectronics.X-CUBE-AZRTOS-F4.1.1.0
2024-03-13 21:20:39,403 [WARN] PackLoader:240 - Cannot read IP mode file for wolfSSL.I-CUBE-wolfSSL.5.6.6
2024-03-13 21:20:39,417 [WARN] PackLoader:240 - Cannot read IP mode file for STMicroelectronics.X-CUBE-AZRTOS-L5.2.0.0
2024-03-13 21:20:39,422 [WARN] PackLoader:240 - Cannot read IP mode file for ITTIA_DB.I-CUBE-ITTIADB.8.8.0
2024-03-13 21:20:39,426 [WARN] PackLoader:240 - Cannot read IP mode file for STMicroelectronics.X-CUBE-NFC7.1.0.1
2024-03-13 21:20:39,432 [WARN] PackLoader:240 - Cannot read IP mode file for STMicroelectronics.X-CUBE-NFC6.3.0.0
2024-03-13 21:20:39,436 [WARN] PackLoader:240 - Cannot read IP mode file for STMicroelectronics.X-CUBE-AI.8.1.0
2024-03-13 21:20:39,450 [WARN] ConditionMgr:438 - getConditionDescription Invalid condition id : LAN8742 Phy interface Condition cause : null
2024-03-13 21:20:39,451 [WARN] PackLoader:240 - Cannot read IP mode file for STMicroelectronics.X-CUBE-AZRTOS-L4.2.0.0
2024-03-13 21:20:39,452 [WARN] ConditionMgr:1039 - genDependencies : Invalid condition id : LAN8742 Phy interface Condition cause : null
2024-03-13 21:20:39,452 [WARN] ConditionMgr:1039 - genDependencies : Invalid condition id : LAN8742 Phy interface Condition cause : null
2024-03-13 21:20:39,452 [WARN] ConditionMgr:1039 - genDependencies : Invalid condition id : LAN8742 Phy interface Condition cause : null
2024-03-13 21:20:39,457 [WARN] PackLoader:240 - Cannot read IP mode file for STMicroelectronics.X-CUBE-SFXS2LP1.4.0.0
2024-03-13 21:20:39,467 [WARN] ConditionMgr:438 - getConditionDescription Invalid condition id : UX DEVICE CLASS RTOS Condition cause : null
2024-03-13 21:20:39,467 [WARN] ConditionMgr:438 - getConditionDescription Invalid condition id : UX DEVICE CLASS RTOS Condition cause : null
2024-03-13 21:20:39,469 [WARN] PackLoader:240 - Cannot read IP mode file for STMicroelectronics.X-CUBE-AZRTOS-WB.2.0.0
2024-03-13 21:20:39,469 [WARN] ConditionMgr:1039 - genDependencies : Invalid condition id : UX DEVICE CLASS RTOS Condition cause : null
2024-03-13 21:20:39,469 [WARN] ConditionMgr:1039 - genDependencies : Invalid condition id : UX DEVICE CLASS RTOS Condition cause : null
2024-03-13 21:20:39,469 [WARN] ConditionMgr:1039 - genDependencies : Invalid condition id : UX DEVICE CLASS RTOS Condition cause : null
2024-03-13 21:20:39,470 [WARN] ConditionMgr:1039 - genDependencies : Invalid condition id : UX DEVICE CLASS RTOS Condition cause : null
2024-03-13 21:20:39,470 [WARN] ConditionMgr:1039 - genDependencies : Invalid condition id : UX DEVICE CLASS RTOS Condition cause : null
2024-03-13 21:20:39,476 [WARN] PackLoader:240 - Cannot read IP mode file for STMicroelectronics.X-CUBE-SUBG2.5.0.0
2024-03-13 21:20:39,495 [WARN] PackLoader:240 - Cannot read IP mode file for STMicroelectronics.X-CUBE-AZRTOS-G4.2.0.0
2024-03-13 21:20:39,506 [WARN] PackLoader:240 - Cannot read IP mode file for Infineon.AIROC-Wi-Fi-Bluetooth-STM32.1.5.1
2024-03-13 21:20:39,511 [WARN] PackLoader:240 - Cannot read IP mode file for STMicroelectronics.FP-SNS-MOTENVWB1.1.3.1
2024-03-13 21:20:39,516 [WARN] PackLoader:240 - Cannot read IP mode file for STMicroelectronics.X-CUBE-ISPU.2.0.0
2024-03-13 21:20:39,545 [WARN] PackLoader:240 - Cannot read IP mode file for STMicroelectronics.X-CUBE-MEMS1.10.0.0
2024-03-13 21:20:39,657 [WARN] PackLoader:240 - Cannot read IP mode file for STMicroelectronics.X-CUBE-FREERTOS.1.1.0
2024-03-13 21:20:39,661 [WARN] PackLoader:240 - Cannot read IP mode file for portGmbH.I-Cube-SoM-uGOAL.1.1.0
2024-03-13 21:20:39,666 [WARN] PackLoader:240 - Cannot read IP mode file for STMicroelectronics.X-CUBE-ALS.1.0.1
2024-03-13 21:20:39,669 [WARN] PackLoader:240 - Cannot read IP mode file for STMicroelectronics.FP-ATR-ASTRA1.2.0.0
2024-03-13 21:20:39,677 [WARN] PackLoader:240 - Cannot read IP mode file for STMicroelectronics.X-CUBE-TOF1.3.4.0
2024-03-13 21:20:39,696 [WARN] PackLoader:240 - Cannot read IP mode file for STMicroelectronics.X-CUBE-TOF1.3.4.1
2024-03-13 21:20:39,722 [WARN] PackLoader:240 - Cannot read IP mode file for STMicroelectronics.X-CUBE-AZRTOS-H7.3.2.0
2024-03-13 21:20:39,725 [INFO] ThirdParty:978 - Integrity check success = true
2024-03-13 21:20:39,725 [INFO] IntegrityCheckThread:100 - exiting critical section [integrity check]
2024-03-13 21:20:39,725 [INFO] IntegrityCheckThread:103 - End integrity checks thread
2024-03-13 21:20:57,356 [ERROR] LogOutputStream:75 - [STDERR_REDIRECT] SLF4J: Failed to load class "org.slf4j.impl.StaticLoggerBinder".
2024-03-13 21:20:57,357 [ERROR] LogOutputStream:75 - [STDERR_REDIRECT] SLF4J: Defaulting to no-operation (NOP) logger implementation
2024-03-13 21:20:57,358 [ERROR] LogOutputStream:75 - [STDERR_REDIRECT] SLF4J: See http://www.slf4j.org/codes.html#StaticLoggerBinder for further details.
2024-03-13 23:48:12,683 [INFO] WebApp:354 - JxBrowser engine has been closed 
2024-03-13 23:48:14,514 [ERROR] LogOutputStream:75 - [STDERR_REDIRECT] 
2024-03-13 23:48:14,515 [ERROR] LogOutputStream:75 - [STDERR_REDIRECT] 
