2024-03-20 20:49:25,019 [INFO] Activator:176 - 


2024-03-20 20:49:25,023 [INFO] Activator:177 - !SESSION log4j initialized
2024-03-20 20:49:30,984 [INFO] LogOutputStream:77 - [STDOUT_REDIRECT] 
2024-03-20 20:49:32,450 [INFO] ApplicationProperties:184 - Using Application install path: C:\ST\STM32CubeIDE_1.14.1\STM32CubeIDE\plugins\com.st.stm32cube.common.mx_6.10.0.202311202037
2024-03-20 20:49:32,475 [INFO] DbMcusXml:78 - Set database path to: C:\ST\STM32CubeIDE_1.14.1\STM32CubeIDE\plugins\com.st.stm32cube.common.mx_6.10.0.202311202037\\db\/mcu/
2024-03-20 20:49:32,475 [INFO] ApiDb:274 - Set plugin database path to: C:\ST\STM32CubeIDE_1.14.1\STM32CubeIDE\plugins\com.st.stm32cube.common.mx_6.10.0.202311202037\\db\/plugins/boardmanager/
2024-03-20 20:49:32,476 [WARN] ApiDb:259 - Overriding images path with different value:  => C:\ST\STM32CubeIDE_1.14.1\STM32CubeIDE\plugins\com.st.stm32cube.common.mx_6.10.0.202311202037\\db\/plugins/mcufinder/images/
2024-03-20 20:49:32,483 [INFO] ApiDb:250 - Set database path to: C:\Users\tjdtj\.stmcufinder\plugins\mcufinder//mcu/
2024-03-20 20:49:32,484 [INFO] DbMcusAds:125 - Set database path to: C:\Users\tjdtj\.stmcufinder\plugins\mcufinder//mcu/
2024-03-20 20:49:32,486 [INFO] CrossReferenceDbSqlite:203 - Set database path to: C:\Users\tjdtj\.stmcufinder\plugins\mcufinder//mcu/cs/
2024-03-20 20:49:32,632 [INFO] RulesReader:64 - Compatibility file has been processed (297 Rules)
2024-03-20 20:49:32,715 [INFO] DbMcusXml:78 - Set database path to: C:\ST\STM32CubeIDE_1.14.1\STM32CubeIDE\plugins\com.st.stm32cube.common.mx_6.10.0.202311202037\\db\/mcu/
2024-03-20 20:49:32,715 [INFO] ApiDb:274 - Set plugin database path to: C:\ST\STM32CubeIDE_1.14.1\STM32CubeIDE\plugins\com.st.stm32cube.common.mx_6.10.0.202311202037\\db\/plugins/boardmanager/
2024-03-20 20:49:32,715 [INFO] ApiDb:261 - Set plugin images path to: C:\ST\STM32CubeIDE_1.14.1\STM32CubeIDE\plugins\com.st.stm32cube.common.mx_6.10.0.202311202037\\db\/plugins/mcufinder/images/
2024-03-20 20:49:32,715 [WARN] DbFile:41 - Overriding database path with different value: C:\Users\tjdtj\.stmcufinder\plugins\mcufinder/ => C:\Users\tjdtj\.stmcufinder\plugins\mcufinder
2024-03-20 20:49:32,715 [INFO] ApiDb:250 - Set database path to: C:\Users\tjdtj\.stmcufinder\plugins\mcufinder//mcu/
2024-03-20 20:49:32,716 [WARN] DbFile:41 - Overriding database path with different value: C:\Users\tjdtj\.stmcufinder\plugins\mcufinder/ => C:\Users\tjdtj\.stmcufinder\plugins\mcufinder
2024-03-20 20:49:32,716 [INFO] DbMcusAds:125 - Set database path to: C:\Users\tjdtj\.stmcufinder\plugins\mcufinder//mcu/
2024-03-20 20:49:32,716 [WARN] DbFile:41 - Overriding database path with different value: C:\Users\tjdtj\.stmcufinder\plugins\mcufinder/ => C:\Users\tjdtj\.stmcufinder\plugins\mcufinder
2024-03-20 20:49:32,716 [WARN] DbFile:41 - Overriding database path with different value: C:\Users\tjdtj\.stmcufinder\plugins\mcufinder/ => C:\Users\tjdtj\.stmcufinder\plugins\mcufinder
2024-03-20 20:49:32,716 [INFO] CrossReferenceDbSqlite:203 - Set database path to: C:\Users\tjdtj\.stmcufinder\plugins\mcufinder//mcu/cs/
2024-03-20 20:49:32,822 [INFO] MainPanel:264 - HeapMemory: 268435456
2024-03-20 20:49:32,911 [INFO] DbMcusXml:78 - Set database path to: C:\ST\STM32CubeIDE_1.14.1\STM32CubeIDE\plugins\com.st.stm32cube.common.mx_6.10.0.202311202037\\db\/mcu/
2024-03-20 20:49:32,911 [INFO] ApiDb:274 - Set plugin database path to: C:\ST\STM32CubeIDE_1.14.1\STM32CubeIDE\plugins\com.st.stm32cube.common.mx_6.10.0.202311202037\\db\/plugins/boardmanager/
2024-03-20 20:49:32,911 [INFO] ApiDb:261 - Set plugin images path to: C:\ST\STM32CubeIDE_1.14.1\STM32CubeIDE\plugins\com.st.stm32cube.common.mx_6.10.0.202311202037\\db\/plugins/mcufinder/images/
2024-03-20 20:49:32,911 [WARN] DbFile:41 - Overriding database path with different value: C:\Users\tjdtj\.stmcufinder\plugins\mcufinder/ => C:\Users\tjdtj\.stmcufinder\plugins\mcufinder
2024-03-20 20:49:32,912 [INFO] ApiDb:250 - Set database path to: C:\Users\tjdtj\.stmcufinder\plugins\mcufinder//mcu/
2024-03-20 20:49:32,912 [WARN] DbFile:41 - Overriding database path with different value: C:\Users\tjdtj\.stmcufinder\plugins\mcufinder/ => C:\Users\tjdtj\.stmcufinder\plugins\mcufinder
2024-03-20 20:49:32,912 [INFO] DbMcusAds:125 - Set database path to: C:\Users\tjdtj\.stmcufinder\plugins\mcufinder//mcu/
2024-03-20 20:49:32,912 [WARN] DbFile:41 - Overriding database path with different value: C:\Users\tjdtj\.stmcufinder\plugins\mcufinder/ => C:\Users\tjdtj\.stmcufinder\plugins\mcufinder
2024-03-20 20:49:32,912 [WARN] DbFile:41 - Overriding database path with different value: C:\Users\tjdtj\.stmcufinder\plugins\mcufinder/ => C:\Users\tjdtj\.stmcufinder\plugins\mcufinder
2024-03-20 20:49:32,912 [INFO] CrossReferenceDbSqlite:203 - Set database path to: C:\Users\tjdtj\.stmcufinder\plugins\mcufinder//mcu/cs/
2024-03-20 20:49:32,932 [INFO] ApplicationProperties:184 - Using Application install path: C:\ST\STM32CubeIDE_1.14.1\STM32CubeIDE\plugins\com.st.stm32cube.common.mx_6.10.0.202311202037
2024-03-20 20:49:32,933 [INFO] PluginManage:196 - Search for loadable plugins [exclusion list=, ]
2024-03-20 20:49:32,934 [INFO] PluginManage:310 - Check plugin analytics
2024-03-20 20:49:33,082 [INFO] AnalyticsPlugin:253 - Accepted Software Licenses: 
2024-03-20 20:49:33,083 [INFO] AnalyticsPlugin:255 - Accepted CMSIS Pack Licenses: 
2024-03-20 20:49:33,083 [INFO] AnalyticsPlugin:257 - Accepted Firmware Licenses: 
2024-03-20 20:49:33,084 [INFO] PluginManage:359 - Loaded plugin analytics (category:tool,tabindex:-1)
2024-03-20 20:49:33,084 [INFO] PluginManage:310 - Check plugin cadmodel
2024-03-20 20:49:33,116 [INFO] CADModel:105 - Init CAD model plugin
2024-03-20 20:49:33,116 [INFO] PluginManage:359 - Loaded plugin cadmodel (category:power,tabindex:5)
2024-03-20 20:49:33,116 [INFO] PluginManage:310 - Check plugin clock
2024-03-20 20:49:33,135 [INFO] PluginManage:359 - Loaded plugin clock (category:base,tabindex:2)
2024-03-20 20:49:33,135 [INFO] PluginManage:310 - Check plugin ddr
2024-03-20 20:49:33,140 [INFO] PluginManage:359 - Loaded plugin ddr (category:tool,tabindex:6)
2024-03-20 20:49:33,140 [INFO] PluginManage:310 - Check plugin filemanager
2024-03-20 20:49:33,286 [INFO] PluginManage:359 - Loaded plugin filemanager (category:base,tabindex:10)
2024-03-20 20:49:33,286 [INFO] PluginManage:310 - Check plugin ipmanager
2024-03-20 20:49:33,292 [INFO] PluginManage:359 - Loaded plugin ipmanager (category:base,tabindex:5)
2024-03-20 20:49:33,292 [INFO] PluginManage:310 - Check plugin lpbam
2024-03-20 20:49:33,314 [INFO] PluginManage:359 - Loaded plugin lpbam (category:base,tabindex:0)
2024-03-20 20:49:33,314 [INFO] PluginManage:310 - Check plugin memorymap
2024-03-20 20:49:33,337 [INFO] PluginManage:359 - Loaded plugin memorymap (category:base,tabindex:4)
2024-03-20 20:49:33,337 [INFO] PluginManage:310 - Check plugin pinoutandconfiguration
2024-03-20 20:49:33,352 [INFO] PluginManage:359 - Loaded plugin pinoutandconfiguration (category:base,tabindex:1)
2024-03-20 20:49:33,352 [INFO] PluginManage:310 - Check plugin pinoutconfig
2024-03-20 20:49:33,441 [WARN] SupportedApi:132 - Cannot load RTOS API schema: s4s-elt-must-match.1: The content of 'definitions' must match (annotation?, (simpleType | complexType)?, (unique | key | keyref)*)). A problem was found starting at: attribute.
2024-03-20 20:49:33,560 [INFO] PluginManage:359 - Loaded plugin pinoutconfig (category:base,tabindex:0)
2024-03-20 20:49:33,560 [INFO] PluginManage:310 - Check plugin power
2024-03-20 20:49:33,597 [INFO] PluginManage:359 - Loaded plugin power (category:power,tabindex:4)
2024-03-20 20:49:33,597 [INFO] PluginManage:310 - Check plugin projectmanager
2024-03-20 20:49:33,618 [INFO] PluginManage:359 - Loaded plugin projectmanager (category:projectmanager,tabindex:3)
2024-03-20 20:49:33,618 [INFO] PluginManage:310 - Check plugin thirdparty
2024-03-20 20:49:33,880 [INFO] PluginManage:359 - Loaded plugin thirdparty (category:base,tabindex:-1)
2024-03-20 20:49:33,880 [INFO] PluginManage:310 - Check plugin tools
2024-03-20 20:49:33,880 [WARN] IntegrityCheckThread:84 - waiting for thirdparty lock release [integrity check]
2024-03-20 20:49:33,880 [INFO] IntegrityCheckThread:86 - entering critical section [integrity check]
2024-03-20 20:49:33,880 [INFO] ThirdPartyUpdaterWithRetryManager:70 - Updater plugin not ready yet. [1/15]
2024-03-20 20:49:33,914 [INFO] PluginManage:359 - Loaded plugin tools (category:base,tabindex:7)
2024-03-20 20:49:33,914 [INFO] PluginManage:310 - Check plugin tutovideos
2024-03-20 20:49:34,146 [INFO] PluginManage:359 - Loaded plugin tutovideos (category:base,tabindex:-1)
2024-03-20 20:49:34,146 [INFO] PluginManage:310 - Check plugin updater
2024-03-20 20:49:34,158 [INFO] PluginManage:359 - Loaded plugin updater (category:base,tabindex:12)
2024-03-20 20:49:34,158 [INFO] PluginManage:310 - Check plugin userauth
2024-03-20 20:49:34,165 [INFO] UserAuth:114 - Init User Auth plugin
2024-03-20 20:49:34,165 [INFO] PluginManage:359 - Loaded plugin userauth (category:base,tabindex:14)
2024-03-20 20:49:34,166 [INFO] PluginManage:283 - PluginManage : Loaded plugins [17]
2024-03-20 20:49:34,448 [INFO] PinOutPanel:1499 - setPackage(No Configuration,No Configuration)
2024-03-20 20:49:34,544 [INFO] CADModel:165 - CPN selected for project level
2024-03-20 20:49:34,544 [INFO] CADModel:114 - Register for checkConnection events
2024-03-20 20:49:34,577 [INFO] IPUIPlugin:80 - create IPUIPlugin
2024-03-20 20:49:34,577 [INFO] PluginManager:220 - loadIPPluginJar : add adc
2024-03-20 20:49:34,615 [INFO] IPUIPlugin:80 - create IPUIPlugin
2024-03-20 20:49:34,615 [INFO] PluginManager:220 - loadIPPluginJar : add aes
2024-03-20 20:49:34,649 [INFO] IPUIPlugin:80 - create IPUIPlugin
2024-03-20 20:49:34,649 [INFO] PluginManager:220 - loadIPPluginJar : add can
2024-03-20 20:49:34,670 [INFO] IPUIPlugin:80 - create IPUIPlugin
2024-03-20 20:49:34,670 [INFO] PluginManager:220 - loadIPPluginJar : add comp
2024-03-20 20:49:34,697 [INFO] IPUIPlugin:80 - create IPUIPlugin
2024-03-20 20:49:34,697 [INFO] PluginManager:220 - loadIPPluginJar : add cryp
2024-03-20 20:49:34,721 [INFO] IPUIPlugin:80 - create IPUIPlugin
2024-03-20 20:49:34,721 [INFO] PluginManager:220 - loadIPPluginJar : add dfsdm
2024-03-20 20:49:34,737 [INFO] IPUIPlugin:80 - create IPUIPlugin
2024-03-20 20:49:34,738 [INFO] PluginManager:220 - loadIPPluginJar : add dma
2024-03-20 20:49:34,772 [INFO] IPUIPlugin:80 - create IPUIPlugin
2024-03-20 20:49:34,772 [INFO] PluginManager:220 - loadIPPluginJar : add dma3
2024-03-20 20:49:34,789 [INFO] IPUIPlugin:80 - create IPUIPlugin
2024-03-20 20:49:34,789 [INFO] PluginManager:220 - loadIPPluginJar : add fatfs
2024-03-20 20:49:34,827 [INFO] IPUIPlugin:80 - create IPUIPlugin
2024-03-20 20:49:34,828 [INFO] PluginManager:220 - loadIPPluginJar : add fmc
2024-03-20 20:49:34,849 [INFO] IPUIPlugin:80 - create IPUIPlugin
2024-03-20 20:49:34,850 [INFO] PluginManager:220 - loadIPPluginJar : add freertos
2024-03-20 20:49:34,870 [INFO] IPUIPlugin:80 - create IPUIPlugin
2024-03-20 20:49:34,870 [INFO] PluginManager:220 - loadIPPluginJar : add genericplugin
2024-03-20 20:49:34,940 [INFO] IPUIPlugin:80 - create IPUIPlugin
2024-03-20 20:49:34,941 [INFO] PluginManager:220 - loadIPPluginJar : add gfxmmu
2024-03-20 20:49:35,043 [INFO] IPUIPlugin:80 - create IPUIPlugin
2024-03-20 20:49:35,043 [INFO] PluginManager:220 - loadIPPluginJar : add gic
2024-03-20 20:49:35,057 [INFO] IPUIPlugin:80 - create IPUIPlugin
2024-03-20 20:49:35,057 [INFO] PluginManager:220 - loadIPPluginJar : add gpio
2024-03-20 20:49:35,132 [INFO] IPUIPlugin:80 - create IPUIPlugin
2024-03-20 20:49:35,132 [INFO] PluginManager:220 - loadIPPluginJar : add gtzc
2024-03-20 20:49:35,158 [INFO] IPUIPlugin:80 - create IPUIPlugin
2024-03-20 20:49:35,158 [INFO] PluginManager:220 - loadIPPluginJar : add hash
2024-03-20 20:49:35,203 [INFO] IPUIPlugin:80 - create IPUIPlugin
2024-03-20 20:49:35,203 [INFO] PluginManager:220 - loadIPPluginJar : add i2c
2024-03-20 20:49:35,235 [INFO] IPUIPlugin:80 - create IPUIPlugin
2024-03-20 20:49:35,235 [INFO] PluginManager:220 - loadIPPluginJar : add i2s
2024-03-20 20:49:35,269 [INFO] IPUIPlugin:80 - create IPUIPlugin
2024-03-20 20:49:35,269 [INFO] PluginManager:220 - loadIPPluginJar : add i3c
2024-03-20 20:49:35,360 [INFO] IPUIPlugin:80 - create IPUIPlugin
2024-03-20 20:49:35,360 [INFO] PluginManager:220 - loadIPPluginJar : add ipddr
2024-03-20 20:49:35,432 [INFO] IPUIPlugin:80 - create IPUIPlugin
2024-03-20 20:49:35,432 [INFO] PluginManager:220 - loadIPPluginJar : add linkedlist
2024-03-20 20:49:35,460 [INFO] IPUIPlugin:80 - create IPUIPlugin
2024-03-20 20:49:35,460 [INFO] PluginManager:220 - loadIPPluginJar : add lorawan
2024-03-20 20:49:35,492 [INFO] IPUIPlugin:80 - create IPUIPlugin
2024-03-20 20:49:35,493 [INFO] PluginManager:220 - loadIPPluginJar : add ltdc
2024-03-20 20:49:35,504 [INFO] IPUIPlugin:80 - create IPUIPlugin
2024-03-20 20:49:35,504 [INFO] PluginManager:220 - loadIPPluginJar : add mdma
2024-03-20 20:49:35,519 [INFO] IPUIPlugin:80 - create IPUIPlugin
2024-03-20 20:49:35,519 [INFO] PluginManager:220 - loadIPPluginJar : add nvic
2024-03-20 20:49:35,550 [INFO] IPUIPlugin:80 - create IPUIPlugin
2024-03-20 20:49:35,550 [INFO] PluginManager:220 - loadIPPluginJar : add opamp
2024-03-20 20:49:35,598 [INFO] IPUIPlugin:80 - create IPUIPlugin
2024-03-20 20:49:35,598 [INFO] PluginManager:220 - loadIPPluginJar : add openamp
2024-03-20 20:49:35,637 [INFO] IPUIPlugin:80 - create IPUIPlugin
2024-03-20 20:49:35,637 [INFO] PluginManager:220 - loadIPPluginJar : add pdm2pcm
2024-03-20 20:49:35,650 [INFO] IPUIPlugin:80 - create IPUIPlugin
2024-03-20 20:49:35,652 [INFO] PluginManager:220 - loadIPPluginJar : add plateformsettings
2024-03-20 20:49:35,670 [INFO] IPUIPlugin:80 - create IPUIPlugin
2024-03-20 20:49:35,670 [INFO] PluginManager:220 - loadIPPluginJar : add quadspi
2024-03-20 20:49:35,684 [INFO] IPUIPlugin:80 - create IPUIPlugin
2024-03-20 20:49:35,684 [INFO] PluginManager:220 - loadIPPluginJar : add resmgrutility
2024-03-20 20:49:35,724 [INFO] IPUIPlugin:80 - create IPUIPlugin
2024-03-20 20:49:35,724 [INFO] PluginManager:220 - loadIPPluginJar : add sai
2024-03-20 20:49:35,753 [INFO] IPUIPlugin:80 - create IPUIPlugin
2024-03-20 20:49:35,753 [INFO] PluginManager:220 - loadIPPluginJar : add spi
2024-03-20 20:49:35,809 [INFO] IPUIPlugin:80 - create IPUIPlugin
2024-03-20 20:49:35,809 [INFO] PluginManager:220 - loadIPPluginJar : add stm32_wpan
2024-03-20 20:49:35,831 [INFO] IPUIPlugin:80 - create IPUIPlugin
2024-03-20 20:49:35,831 [INFO] PluginManager:220 - loadIPPluginJar : add tim
2024-03-20 20:49:35,875 [INFO] IPUIPlugin:80 - create IPUIPlugin
2024-03-20 20:49:35,875 [INFO] PluginManager:220 - loadIPPluginJar : add touchsensing
2024-03-20 20:49:35,894 [INFO] IPUIPlugin:80 - create IPUIPlugin
2024-03-20 20:49:35,894 [INFO] PluginManager:220 - loadIPPluginJar : add tracer_emb
2024-03-20 20:49:35,916 [INFO] IPUIPlugin:80 - create IPUIPlugin
2024-03-20 20:49:35,916 [INFO] PluginManager:220 - loadIPPluginJar : add ts
2024-03-20 20:49:35,933 [INFO] IPUIPlugin:80 - create IPUIPlugin
2024-03-20 20:49:35,933 [INFO] PluginManager:220 - loadIPPluginJar : add tsc
2024-03-20 20:49:35,951 [INFO] IPUIPlugin:80 - create IPUIPlugin
2024-03-20 20:49:35,951 [INFO] PluginManager:220 - loadIPPluginJar : add ucpd
2024-03-20 20:49:35,988 [INFO] IPUIPlugin:80 - create IPUIPlugin
2024-03-20 20:49:35,988 [INFO] PluginManager:220 - loadIPPluginJar : add usart
2024-03-20 20:49:36,023 [INFO] IPUIPlugin:80 - create IPUIPlugin
2024-03-20 20:49:36,023 [INFO] PluginManager:220 - loadIPPluginJar : add usbx
2024-03-20 20:49:36,149 [INFO] CADModel:165 - CPN selected for project level
2024-03-20 20:49:36,149 [INFO] CADModel:114 - Register for checkConnection events
2024-03-20 20:49:36,150 [FATAL] Updater:308 - Updater called before beeing initialized
2024-03-20 20:49:36,150 [ERROR] CADModel:125 - Updater not yet initialized, retry later 
2024-03-20 20:49:36,290 [INFO] CADModel:165 - CPN selected for project level
2024-03-20 20:49:36,290 [INFO] CADModel:114 - Register for checkConnection events
2024-03-20 20:49:36,290 [FATAL] Updater:308 - Updater called before beeing initialized
2024-03-20 20:49:36,290 [ERROR] CADModel:125 - Updater not yet initialized, retry later 
2024-03-20 20:49:36,293 [FATAL] Updater:308 - Updater called before beeing initialized
2024-03-20 20:49:36,385 [FATAL] Updater:308 - Updater called before beeing initialized
2024-03-20 20:49:36,392 [INFO] DbMcusAds:53 - JSON generation date=Wed Nov 29 04:52:27 CST 2023 (1701255147349)
2024-03-20 20:49:36,392 [FATAL] Updater:308 - Updater called before beeing initialized
2024-03-20 20:49:36,465 [WARN] DetailPanel:346 - Failed to get advertising image, set to default
2024-03-20 20:49:36,562 [FATAL] Updater:308 - Updater called before beeing initialized
2024-03-20 20:49:36,565 [FATAL] Updater:308 - Updater called before beeing initialized
2024-03-20 20:49:36,565 [FATAL] Updater:308 - Updater called before beeing initialized
2024-03-20 20:49:36,565 [WARN] DetailPanel:346 - Failed to get advertising image, set to default
2024-03-20 20:49:36,566 [FATAL] Updater:308 - Updater called before beeing initialized
2024-03-20 20:49:36,612 [ERROR] Updater:1120 - MainUpdater not yet initialized. External WinMGr cannot be set.
2024-03-20 20:49:36,620 [INFO] Updater:1056 - Updater Version found : 6.10.0
2024-03-20 20:49:36,641 [INFO] ApplicationProperties:184 - Using Application install path: C:\ST\STM32CubeIDE_1.14.1\STM32CubeIDE\plugins\com.st.stm32cube.common.mx_6.10.0.202311202037
2024-03-20 20:49:36,882 [INFO] ThirdPartyUpdaterWithRetryManager:70 - Updater plugin not ready yet. [2/15]
2024-03-20 20:49:38,216 [ERROR] LogOutputStream:75 - [STDERR_REDIRECT] Mar 20, 2024 8:49:38 PM java.util.prefs.WindowsPreferences <init>
2024-03-20 20:49:38,218 [ERROR] LogOutputStream:75 - [STDERR_REDIRECT] WARNING: Could not open/create prefs root node Software\JavaSoft\Prefs at root 0xffffffff80000002. Windows RegCreateKeyEx(...) returned error code 5.
2024-03-20 20:49:38,218 [ERROR] LogOutputStream:75 - [STDERR_REDIRECT] 
2024-03-20 20:49:38,646 [INFO] MainUpdater:2873 - connection check result : 10
2024-03-20 20:49:38,647 [INFO] MainUpdater:290 - Updater Check For Update Now.
2024-03-20 20:49:38,647 [INFO] MicroXplorer:498 - Change Database Version : DB.6.0.100
2024-03-20 20:49:38,661 [INFO] McuFinderGlobals:63 - Set McuFinder mode to 2 (CubeIDE integrated)
2024-03-20 20:49:38,661 [INFO] UserAuth:180 - activating auth plugin
2024-03-20 20:49:38,664 [INFO] UserAuth:404 - Internet connection configuration mode: 1
2024-03-20 20:49:38,692 [INFO] JxBrowserEngine:152 - Initiate JxBrowser Engine with user profile folder
2024-03-20 20:49:38,837 [INFO] CheckServerUpdateThread:120 - End of CheckServer Thread
2024-03-20 20:49:40,034 [WARN] PackLoader:240 - Cannot read IP mode file for STMicroelectronics.X-CUBE-SMBUS.2.1.0
2024-03-20 20:49:40,049 [WARN] PackLoader:240 - Cannot read IP mode file for STMicroelectronics.X-CUBE-TOUCHGFX.4.23.0
2024-03-20 20:49:40,088 [WARN] PackLoader:240 - Cannot read IP mode file for STMicroelectronics.X-CUBE-AZRTOS-F7.1.1.0
2024-03-20 20:49:40,103 [WARN] PackLoader:240 - Cannot read IP mode file for STMicroelectronics.FP-SNS-MOTENV1.4.3.2
2024-03-20 20:49:40,124 [WARN] PackLoader:240 - Cannot read IP mode file for STMicroelectronics.FP-SNS-FLIGHT1.5.0.2
2024-03-20 20:49:40,138 [WARN] PackLoader:240 - Cannot read IP mode file for STMicroelectronics.X-CUBE-DISPLAY.3.0.0
2024-03-20 20:49:40,154 [WARN] PackLoader:240 - Cannot read IP mode file for STMicroelectronics.X-CUBE-BLE1.7.0.0
2024-03-20 20:49:40,165 [WARN] PackLoader:240 - Cannot read IP mode file for emotas.I-CUBE-CANOPEN.1.3.0
2024-03-20 20:49:40,179 [WARN] PackLoader:240 - Cannot read IP mode file for STMicroelectronics.X-CUBE-BLEMGR.3.1.0
2024-03-20 20:49:40,192 [WARN] PackLoader:240 - Cannot read IP mode file for STMicroelectronics.FP-SNS-SMARTAG2.1.2.0
2024-03-20 20:49:40,210 [INFO] LogOutputStream:77 - [STDOUT_REDIRECT] 1 : Invalid condition id : UX_CORESTACK_Condition cause : null
2024-03-20 20:49:40,210 [INFO] LogOutputStream:77 - [STDOUT_REDIRECT] 1 : Invalid condition id : UX_CORESTACK_Condition cause : null
2024-03-20 20:49:40,211 [INFO] LogOutputStream:77 - [STDOUT_REDIRECT] 1 : Invalid condition id : UX_CORESTACK_Condition cause : null
2024-03-20 20:49:40,212 [INFO] LogOutputStream:77 - [STDOUT_REDIRECT] 1 : Invalid condition id : UX_CORESTACK_Condition cause : null
2024-03-20 20:49:40,213 [INFO] LogOutputStream:77 - [STDOUT_REDIRECT] 1 : Invalid condition id : UX_CORESTACK_Condition cause : null
2024-03-20 20:49:40,217 [WARN] PackLoader:240 - Cannot read IP mode file for STMicroelectronics.X-CUBE-AZRTOS-WL.2.0.0
2024-03-20 20:49:40,232 [WARN] PackLoader:240 - Cannot read IP mode file for WES.I-CUBE-Cesium.1.3.0
2024-03-20 20:49:40,242 [WARN] PackLoader:240 - Cannot read IP mode file for STMicroelectronics.X-CUBE-BLE2.3.3.0
2024-03-20 20:49:40,253 [WARN] PackLoader:240 - Cannot read IP mode file for STMicroelectronics.X-CUBE-ALGOBUILD.1.3.0
2024-03-20 20:49:40,275 [WARN] PackLoader:240 - Cannot read IP mode file for STMicroelectronics.X-CUBE-AZRTOS-G0.1.1.0
2024-03-20 20:49:40,293 [WARN] PackLoader:240 - Cannot read IP mode file for STMicroelectronics.X-CUBE-NFC4.3.0.0
2024-03-20 20:49:40,308 [WARN] PackLoader:240 - Cannot read IP mode file for STMicroelectronics.X-CUBE-BLEMGR.3.0.0
2024-03-20 20:49:40,319 [WARN] PackLoader:240 - Cannot read IP mode file for STMicroelectronics.FP-ATR-SIGFOX1.3.2.0
2024-03-20 20:49:40,331 [WARN] PackLoader:240 - Cannot read IP mode file for STMicroelectronics.X-CUBE-EEPRMA1.5.1.0
2024-03-20 20:49:40,369 [WARN] PackLoader:240 - Cannot read IP mode file for SEGGER.I-CUBE-embOS.1.3.1
2024-03-20 20:49:40,412 [WARN] PackLoader:240 - Cannot read IP mode file for STMicroelectronics.X-CUBE-GNSS1.6.0.0
2024-03-20 20:49:40,435 [WARN] PackLoader:240 - Cannot read IP mode file for STMicroelectronics.X-CUBE-AZRTOS-F4.1.1.0
2024-03-20 20:49:40,450 [WARN] PackLoader:240 - Cannot read IP mode file for wolfSSL.I-CUBE-wolfSSL.5.6.6
2024-03-20 20:49:40,474 [WARN] PackLoader:240 - Cannot read IP mode file for STMicroelectronics.X-CUBE-AZRTOS-L5.2.0.0
2024-03-20 20:49:40,488 [WARN] PackLoader:240 - Cannot read IP mode file for ITTIA_DB.I-CUBE-ITTIADB.8.8.0
2024-03-20 20:49:40,499 [WARN] PackLoader:240 - Cannot read IP mode file for STMicroelectronics.X-CUBE-NFC7.1.0.1
2024-03-20 20:49:40,511 [WARN] PackLoader:240 - Cannot read IP mode file for STMicroelectronics.X-CUBE-NFC6.3.0.0
2024-03-20 20:49:40,525 [WARN] PackLoader:240 - Cannot read IP mode file for STMicroelectronics.X-CUBE-AI.8.1.0
2024-03-20 20:49:40,556 [WARN] ConditionMgr:438 - getConditionDescription Invalid condition id : LAN8742 Phy interface Condition cause : null
2024-03-20 20:49:40,557 [WARN] PackLoader:240 - Cannot read IP mode file for STMicroelectronics.X-CUBE-AZRTOS-L4.2.0.0
2024-03-20 20:49:40,558 [WARN] ConditionMgr:1039 - genDependencies : Invalid condition id : LAN8742 Phy interface Condition cause : null
2024-03-20 20:49:40,558 [WARN] ConditionMgr:1039 - genDependencies : Invalid condition id : LAN8742 Phy interface Condition cause : null
2024-03-20 20:49:40,559 [WARN] ConditionMgr:1039 - genDependencies : Invalid condition id : LAN8742 Phy interface Condition cause : null
2024-03-20 20:49:40,572 [WARN] PackLoader:240 - Cannot read IP mode file for STMicroelectronics.X-CUBE-SFXS2LP1.4.0.0
2024-03-20 20:49:40,597 [WARN] ConditionMgr:438 - getConditionDescription Invalid condition id : UX DEVICE CLASS RTOS Condition cause : null
2024-03-20 20:49:40,597 [WARN] ConditionMgr:438 - getConditionDescription Invalid condition id : UX DEVICE CLASS RTOS Condition cause : null
2024-03-20 20:49:40,600 [WARN] PackLoader:240 - Cannot read IP mode file for STMicroelectronics.X-CUBE-AZRTOS-WB.2.0.0
2024-03-20 20:49:40,600 [WARN] ConditionMgr:1039 - genDependencies : Invalid condition id : UX DEVICE CLASS RTOS Condition cause : null
2024-03-20 20:49:40,600 [WARN] ConditionMgr:1039 - genDependencies : Invalid condition id : UX DEVICE CLASS RTOS Condition cause : null
2024-03-20 20:49:40,601 [WARN] ConditionMgr:1039 - genDependencies : Invalid condition id : UX DEVICE CLASS RTOS Condition cause : null
2024-03-20 20:49:40,601 [WARN] ConditionMgr:1039 - genDependencies : Invalid condition id : UX DEVICE CLASS RTOS Condition cause : null
2024-03-20 20:49:40,601 [WARN] ConditionMgr:1039 - genDependencies : Invalid condition id : UX DEVICE CLASS RTOS Condition cause : null
2024-03-20 20:49:40,619 [WARN] PackLoader:240 - Cannot read IP mode file for STMicroelectronics.X-CUBE-SUBG2.5.0.0
2024-03-20 20:49:40,644 [WARN] PackLoader:240 - Cannot read IP mode file for STMicroelectronics.X-CUBE-AZRTOS-G4.2.0.0
2024-03-20 20:49:40,668 [WARN] PackLoader:240 - Cannot read IP mode file for Infineon.AIROC-Wi-Fi-Bluetooth-STM32.1.5.1
2024-03-20 20:49:40,680 [WARN] PackLoader:240 - Cannot read IP mode file for STMicroelectronics.FP-SNS-MOTENVWB1.1.3.1
2024-03-20 20:49:40,689 [WARN] PackLoader:240 - Cannot read IP mode file for STMicroelectronics.X-CUBE-ISPU.2.0.0
2024-03-20 20:49:40,736 [WARN] PackLoader:240 - Cannot read IP mode file for STMicroelectronics.X-CUBE-MEMS1.10.0.0
2024-03-20 20:49:40,860 [WARN] PackLoader:240 - Cannot read IP mode file for STMicroelectronics.X-CUBE-FREERTOS.1.1.0
2024-03-20 20:49:40,871 [WARN] PackLoader:240 - Cannot read IP mode file for portGmbH.I-Cube-SoM-uGOAL.1.1.0
2024-03-20 20:49:40,882 [WARN] PackLoader:240 - Cannot read IP mode file for STMicroelectronics.X-CUBE-ALS.1.0.1
2024-03-20 20:49:40,893 [WARN] PackLoader:240 - Cannot read IP mode file for STMicroelectronics.FP-ATR-ASTRA1.2.0.0
2024-03-20 20:49:40,912 [WARN] PackLoader:240 - Cannot read IP mode file for STMicroelectronics.X-CUBE-TOF1.3.4.0
2024-03-20 20:49:40,936 [WARN] PackLoader:240 - Cannot read IP mode file for STMicroelectronics.X-CUBE-TOF1.3.4.1
2024-03-20 20:49:40,968 [WARN] PackLoader:240 - Cannot read IP mode file for STMicroelectronics.X-CUBE-AZRTOS-H7.3.2.0
2024-03-20 20:49:40,970 [INFO] ThirdParty:978 - Integrity check success = true
2024-03-20 20:49:40,970 [INFO] IntegrityCheckThread:100 - exiting critical section [integrity check]
2024-03-20 20:49:40,970 [INFO] IntegrityCheckThread:103 - End integrity checks thread
2024-03-20 20:49:43,900 [INFO] WebApp:161 - Instantiating new browser for Auth
2024-03-20 20:49:44,497 [INFO] WebApp:780 - Register for checkConnection events
2024-03-20 20:49:44,498 [INFO] WebApp:414 - Apply proxy settings
2024-03-20 20:49:44,498 [INFO] WebApp:499 - Chromium requires no authentication
2024-03-20 20:49:44,504 [INFO] WebApp:442 - Direct internet connection detected
2024-03-20 20:49:44,681 [INFO] WebApp:192 - Starting web application
2024-03-20 20:49:44,681 [INFO] WebApp:544 - Web application path used C:\ST\STM32CubeIDE_1.14.1\STM32CubeIDE\plugins\com.st.stm32cube.common.mx_6.10.0.202311202037\db\plugins\mcufinder\reactClient1\index.html
2024-03-20 20:50:05,662 [ERROR] LogOutputStream:75 - [STDERR_REDIRECT] SLF4J: Failed to load class "org.slf4j.impl.StaticLoggerBinder".
2024-03-20 20:50:05,663 [ERROR] LogOutputStream:75 - [STDERR_REDIRECT] SLF4J: Defaulting to no-operation (NOP) logger implementation
2024-03-20 20:50:05,664 [ERROR] LogOutputStream:75 - [STDERR_REDIRECT] SLF4J: See http://www.slf4j.org/codes.html#StaticLoggerBinder for further details.
2024-03-20 22:56:52,054 [ERROR] LogOutputStream:75 - [STDERR_REDIRECT] 
