2024-03-22 17:08:18,694 [INFO] Activator:176 - 


2024-03-22 17:08:18,700 [INFO] Activator:177 - !SESSION log4j initialized
2024-03-22 17:08:24,425 [INFO] LogOutputStream:77 - [STDOUT_REDIRECT] 
2024-03-22 17:08:25,868 [INFO] ApplicationProperties:184 - Using Application install path: C:\ST\STM32CubeIDE_1.14.1\STM32CubeIDE\plugins\com.st.stm32cube.common.mx_6.10.0.202311202037
2024-03-22 17:08:25,889 [INFO] DbMcusXml:78 - Set database path to: C:\ST\STM32CubeIDE_1.14.1\STM32CubeIDE\plugins\com.st.stm32cube.common.mx_6.10.0.202311202037\\db\/mcu/
2024-03-22 17:08:25,889 [INFO] ApiDb:274 - Set plugin database path to: C:\ST\STM32CubeIDE_1.14.1\STM32CubeIDE\plugins\com.st.stm32cube.common.mx_6.10.0.202311202037\\db\/plugins/boardmanager/
2024-03-22 17:08:25,890 [WARN] ApiDb:259 - Overriding images path with different value:  => C:\ST\STM32CubeIDE_1.14.1\STM32CubeIDE\plugins\com.st.stm32cube.common.mx_6.10.0.202311202037\\db\/plugins/mcufinder/images/
2024-03-22 17:08:25,898 [INFO] ApiDb:250 - Set database path to: C:\Users\tjdtj\.stmcufinder\plugins\mcufinder//mcu/
2024-03-22 17:08:25,899 [INFO] DbMcusAds:125 - Set database path to: C:\Users\tjdtj\.stmcufinder\plugins\mcufinder//mcu/
2024-03-22 17:08:25,901 [INFO] CrossReferenceDbSqlite:203 - Set database path to: C:\Users\tjdtj\.stmcufinder\plugins\mcufinder//mcu/cs/
2024-03-22 17:08:26,037 [INFO] RulesReader:64 - Compatibility file has been processed (297 Rules)
2024-03-22 17:08:26,120 [INFO] DbMcusXml:78 - Set database path to: C:\ST\STM32CubeIDE_1.14.1\STM32CubeIDE\plugins\com.st.stm32cube.common.mx_6.10.0.202311202037\\db\/mcu/
2024-03-22 17:08:26,120 [INFO] ApiDb:274 - Set plugin database path to: C:\ST\STM32CubeIDE_1.14.1\STM32CubeIDE\plugins\com.st.stm32cube.common.mx_6.10.0.202311202037\\db\/plugins/boardmanager/
2024-03-22 17:08:26,121 [INFO] ApiDb:261 - Set plugin images path to: C:\ST\STM32CubeIDE_1.14.1\STM32CubeIDE\plugins\com.st.stm32cube.common.mx_6.10.0.202311202037\\db\/plugins/mcufinder/images/
2024-03-22 17:08:26,121 [WARN] DbFile:41 - Overriding database path with different value: C:\Users\tjdtj\.stmcufinder\plugins\mcufinder/ => C:\Users\tjdtj\.stmcufinder\plugins\mcufinder
2024-03-22 17:08:26,121 [INFO] ApiDb:250 - Set database path to: C:\Users\tjdtj\.stmcufinder\plugins\mcufinder//mcu/
2024-03-22 17:08:26,121 [WARN] DbFile:41 - Overriding database path with different value: C:\Users\tjdtj\.stmcufinder\plugins\mcufinder/ => C:\Users\tjdtj\.stmcufinder\plugins\mcufinder
2024-03-22 17:08:26,121 [INFO] DbMcusAds:125 - Set database path to: C:\Users\tjdtj\.stmcufinder\plugins\mcufinder//mcu/
2024-03-22 17:08:26,121 [WARN] DbFile:41 - Overriding database path with different value: C:\Users\tjdtj\.stmcufinder\plugins\mcufinder/ => C:\Users\tjdtj\.stmcufinder\plugins\mcufinder
2024-03-22 17:08:26,121 [WARN] DbFile:41 - Overriding database path with different value: C:\Users\tjdtj\.stmcufinder\plugins\mcufinder/ => C:\Users\tjdtj\.stmcufinder\plugins\mcufinder
2024-03-22 17:08:26,121 [INFO] CrossReferenceDbSqlite:203 - Set database path to: C:\Users\tjdtj\.stmcufinder\plugins\mcufinder//mcu/cs/
2024-03-22 17:08:26,202 [INFO] MainPanel:264 - HeapMemory: 268435456
2024-03-22 17:08:26,293 [INFO] DbMcusXml:78 - Set database path to: C:\ST\STM32CubeIDE_1.14.1\STM32CubeIDE\plugins\com.st.stm32cube.common.mx_6.10.0.202311202037\\db\/mcu/
2024-03-22 17:08:26,293 [INFO] ApiDb:274 - Set plugin database path to: C:\ST\STM32CubeIDE_1.14.1\STM32CubeIDE\plugins\com.st.stm32cube.common.mx_6.10.0.202311202037\\db\/plugins/boardmanager/
2024-03-22 17:08:26,294 [INFO] ApiDb:261 - Set plugin images path to: C:\ST\STM32CubeIDE_1.14.1\STM32CubeIDE\plugins\com.st.stm32cube.common.mx_6.10.0.202311202037\\db\/plugins/mcufinder/images/
2024-03-22 17:08:26,294 [WARN] DbFile:41 - Overriding database path with different value: C:\Users\tjdtj\.stmcufinder\plugins\mcufinder/ => C:\Users\tjdtj\.stmcufinder\plugins\mcufinder
2024-03-22 17:08:26,294 [INFO] ApiDb:250 - Set database path to: C:\Users\tjdtj\.stmcufinder\plugins\mcufinder//mcu/
2024-03-22 17:08:26,294 [WARN] DbFile:41 - Overriding database path with different value: C:\Users\tjdtj\.stmcufinder\plugins\mcufinder/ => C:\Users\tjdtj\.stmcufinder\plugins\mcufinder
2024-03-22 17:08:26,294 [INFO] DbMcusAds:125 - Set database path to: C:\Users\tjdtj\.stmcufinder\plugins\mcufinder//mcu/
2024-03-22 17:08:26,294 [WARN] DbFile:41 - Overriding database path with different value: C:\Users\tjdtj\.stmcufinder\plugins\mcufinder/ => C:\Users\tjdtj\.stmcufinder\plugins\mcufinder
2024-03-22 17:08:26,294 [WARN] DbFile:41 - Overriding database path with different value: C:\Users\tjdtj\.stmcufinder\plugins\mcufinder/ => C:\Users\tjdtj\.stmcufinder\plugins\mcufinder
2024-03-22 17:08:26,294 [INFO] CrossReferenceDbSqlite:203 - Set database path to: C:\Users\tjdtj\.stmcufinder\plugins\mcufinder//mcu/cs/
2024-03-22 17:08:26,313 [INFO] ApplicationProperties:184 - Using Application install path: C:\ST\STM32CubeIDE_1.14.1\STM32CubeIDE\plugins\com.st.stm32cube.common.mx_6.10.0.202311202037
2024-03-22 17:08:26,314 [INFO] PluginManage:196 - Search for loadable plugins [exclusion list=, ]
2024-03-22 17:08:26,315 [INFO] PluginManage:310 - Check plugin analytics
2024-03-22 17:08:26,459 [INFO] AnalyticsPlugin:253 - Accepted Software Licenses: 
2024-03-22 17:08:26,460 [INFO] AnalyticsPlugin:255 - Accepted CMSIS Pack Licenses: 
2024-03-22 17:08:26,460 [INFO] AnalyticsPlugin:257 - Accepted Firmware Licenses: 
2024-03-22 17:08:26,462 [INFO] PluginManage:359 - Loaded plugin analytics (category:tool,tabindex:-1)
2024-03-22 17:08:26,462 [INFO] PluginManage:310 - Check plugin cadmodel
2024-03-22 17:08:26,480 [INFO] CADModel:105 - Init CAD model plugin
2024-03-22 17:08:26,480 [INFO] PluginManage:359 - Loaded plugin cadmodel (category:power,tabindex:5)
2024-03-22 17:08:26,480 [INFO] PluginManage:310 - Check plugin clock
2024-03-22 17:08:26,501 [INFO] PluginManage:359 - Loaded plugin clock (category:base,tabindex:2)
2024-03-22 17:08:26,501 [INFO] PluginManage:310 - Check plugin ddr
2024-03-22 17:08:26,503 [INFO] PluginManage:359 - Loaded plugin ddr (category:tool,tabindex:6)
2024-03-22 17:08:26,503 [INFO] PluginManage:310 - Check plugin filemanager
2024-03-22 17:08:26,629 [INFO] PluginManage:359 - Loaded plugin filemanager (category:base,tabindex:10)
2024-03-22 17:08:26,629 [INFO] PluginManage:310 - Check plugin ipmanager
2024-03-22 17:08:26,635 [INFO] PluginManage:359 - Loaded plugin ipmanager (category:base,tabindex:5)
2024-03-22 17:08:26,635 [INFO] PluginManage:310 - Check plugin lpbam
2024-03-22 17:08:26,651 [INFO] PluginManage:359 - Loaded plugin lpbam (category:base,tabindex:0)
2024-03-22 17:08:26,652 [INFO] PluginManage:310 - Check plugin memorymap
2024-03-22 17:08:26,687 [INFO] PluginManage:359 - Loaded plugin memorymap (category:base,tabindex:4)
2024-03-22 17:08:26,687 [INFO] PluginManage:310 - Check plugin pinoutandconfiguration
2024-03-22 17:08:26,701 [INFO] PluginManage:359 - Loaded plugin pinoutandconfiguration (category:base,tabindex:1)
2024-03-22 17:08:26,701 [INFO] PluginManage:310 - Check plugin pinoutconfig
2024-03-22 17:08:26,791 [WARN] SupportedApi:132 - Cannot load RTOS API schema: s4s-elt-must-match.1: The content of 'definitions' must match (annotation?, (simpleType | complexType)?, (unique | key | keyref)*)). A problem was found starting at: attribute.
2024-03-22 17:08:26,919 [INFO] PluginManage:359 - Loaded plugin pinoutconfig (category:base,tabindex:0)
2024-03-22 17:08:26,919 [INFO] PluginManage:310 - Check plugin power
2024-03-22 17:08:26,942 [INFO] PluginManage:359 - Loaded plugin power (category:power,tabindex:4)
2024-03-22 17:08:26,942 [INFO] PluginManage:310 - Check plugin projectmanager
2024-03-22 17:08:26,963 [INFO] PluginManage:359 - Loaded plugin projectmanager (category:projectmanager,tabindex:3)
2024-03-22 17:08:26,963 [INFO] PluginManage:310 - Check plugin thirdparty
2024-03-22 17:08:27,226 [INFO] PluginManage:359 - Loaded plugin thirdparty (category:base,tabindex:-1)
2024-03-22 17:08:27,226 [WARN] IntegrityCheckThread:84 - waiting for thirdparty lock release [integrity check]
2024-03-22 17:08:27,226 [INFO] PluginManage:310 - Check plugin tools
2024-03-22 17:08:27,226 [INFO] IntegrityCheckThread:86 - entering critical section [integrity check]
2024-03-22 17:08:27,226 [INFO] ThirdPartyUpdaterWithRetryManager:70 - Updater plugin not ready yet. [1/15]
2024-03-22 17:08:27,257 [INFO] PluginManage:359 - Loaded plugin tools (category:base,tabindex:7)
2024-03-22 17:08:27,257 [INFO] PluginManage:310 - Check plugin tutovideos
2024-03-22 17:08:27,486 [INFO] PluginManage:359 - Loaded plugin tutovideos (category:base,tabindex:-1)
2024-03-22 17:08:27,486 [INFO] PluginManage:310 - Check plugin updater
2024-03-22 17:08:27,500 [INFO] PluginManage:359 - Loaded plugin updater (category:base,tabindex:12)
2024-03-22 17:08:27,500 [INFO] PluginManage:310 - Check plugin userauth
2024-03-22 17:08:27,506 [INFO] UserAuth:114 - Init User Auth plugin
2024-03-22 17:08:27,506 [INFO] PluginManage:359 - Loaded plugin userauth (category:base,tabindex:14)
2024-03-22 17:08:27,507 [INFO] PluginManage:283 - PluginManage : Loaded plugins [17]
2024-03-22 17:08:27,752 [INFO] PinOutPanel:1499 - setPackage(No Configuration,No Configuration)
2024-03-22 17:08:27,834 [INFO] CADModel:165 - CPN selected for project level
2024-03-22 17:08:27,834 [INFO] CADModel:114 - Register for checkConnection events
2024-03-22 17:08:27,867 [INFO] IPUIPlugin:80 - create IPUIPlugin
2024-03-22 17:08:27,867 [INFO] PluginManager:220 - loadIPPluginJar : add adc
2024-03-22 17:08:27,901 [INFO] IPUIPlugin:80 - create IPUIPlugin
2024-03-22 17:08:27,901 [INFO] PluginManager:220 - loadIPPluginJar : add aes
2024-03-22 17:08:27,940 [INFO] IPUIPlugin:80 - create IPUIPlugin
2024-03-22 17:08:27,940 [INFO] PluginManager:220 - loadIPPluginJar : add can
2024-03-22 17:08:27,963 [INFO] IPUIPlugin:80 - create IPUIPlugin
2024-03-22 17:08:27,963 [INFO] PluginManager:220 - loadIPPluginJar : add comp
2024-03-22 17:08:27,997 [INFO] IPUIPlugin:80 - create IPUIPlugin
2024-03-22 17:08:27,998 [INFO] PluginManager:220 - loadIPPluginJar : add cryp
2024-03-22 17:08:28,024 [INFO] IPUIPlugin:80 - create IPUIPlugin
2024-03-22 17:08:28,024 [INFO] PluginManager:220 - loadIPPluginJar : add dfsdm
2024-03-22 17:08:28,037 [INFO] IPUIPlugin:80 - create IPUIPlugin
2024-03-22 17:08:28,038 [INFO] PluginManager:220 - loadIPPluginJar : add dma
2024-03-22 17:08:28,085 [INFO] IPUIPlugin:80 - create IPUIPlugin
2024-03-22 17:08:28,085 [INFO] PluginManager:220 - loadIPPluginJar : add dma3
2024-03-22 17:08:28,104 [INFO] IPUIPlugin:80 - create IPUIPlugin
2024-03-22 17:08:28,104 [INFO] PluginManager:220 - loadIPPluginJar : add fatfs
2024-03-22 17:08:28,149 [INFO] IPUIPlugin:80 - create IPUIPlugin
2024-03-22 17:08:28,149 [INFO] PluginManager:220 - loadIPPluginJar : add fmc
2024-03-22 17:08:28,164 [INFO] IPUIPlugin:80 - create IPUIPlugin
2024-03-22 17:08:28,164 [INFO] PluginManager:220 - loadIPPluginJar : add freertos
2024-03-22 17:08:28,184 [INFO] IPUIPlugin:80 - create IPUIPlugin
2024-03-22 17:08:28,184 [INFO] PluginManager:220 - loadIPPluginJar : add genericplugin
2024-03-22 17:08:28,285 [INFO] IPUIPlugin:80 - create IPUIPlugin
2024-03-22 17:08:28,285 [INFO] PluginManager:220 - loadIPPluginJar : add gfxmmu
2024-03-22 17:08:28,406 [INFO] IPUIPlugin:80 - create IPUIPlugin
2024-03-22 17:08:28,407 [INFO] PluginManager:220 - loadIPPluginJar : add gic
2024-03-22 17:08:28,419 [INFO] IPUIPlugin:80 - create IPUIPlugin
2024-03-22 17:08:28,419 [INFO] PluginManager:220 - loadIPPluginJar : add gpio
2024-03-22 17:08:28,499 [INFO] IPUIPlugin:80 - create IPUIPlugin
2024-03-22 17:08:28,499 [INFO] PluginManager:220 - loadIPPluginJar : add gtzc
2024-03-22 17:08:28,525 [INFO] IPUIPlugin:80 - create IPUIPlugin
2024-03-22 17:08:28,525 [INFO] PluginManager:220 - loadIPPluginJar : add hash
2024-03-22 17:08:28,568 [INFO] IPUIPlugin:80 - create IPUIPlugin
2024-03-22 17:08:28,568 [INFO] PluginManager:220 - loadIPPluginJar : add i2c
2024-03-22 17:08:28,603 [INFO] IPUIPlugin:80 - create IPUIPlugin
2024-03-22 17:08:28,603 [INFO] PluginManager:220 - loadIPPluginJar : add i2s
2024-03-22 17:08:28,638 [INFO] IPUIPlugin:80 - create IPUIPlugin
2024-03-22 17:08:28,638 [INFO] PluginManager:220 - loadIPPluginJar : add i3c
2024-03-22 17:08:28,728 [INFO] IPUIPlugin:80 - create IPUIPlugin
2024-03-22 17:08:28,728 [INFO] PluginManager:220 - loadIPPluginJar : add ipddr
2024-03-22 17:08:28,807 [INFO] IPUIPlugin:80 - create IPUIPlugin
2024-03-22 17:08:28,807 [INFO] PluginManager:220 - loadIPPluginJar : add linkedlist
2024-03-22 17:08:28,837 [INFO] IPUIPlugin:80 - create IPUIPlugin
2024-03-22 17:08:28,837 [INFO] PluginManager:220 - loadIPPluginJar : add lorawan
2024-03-22 17:08:28,868 [INFO] IPUIPlugin:80 - create IPUIPlugin
2024-03-22 17:08:28,869 [INFO] PluginManager:220 - loadIPPluginJar : add ltdc
2024-03-22 17:08:28,882 [INFO] IPUIPlugin:80 - create IPUIPlugin
2024-03-22 17:08:28,882 [INFO] PluginManager:220 - loadIPPluginJar : add mdma
2024-03-22 17:08:28,892 [INFO] IPUIPlugin:80 - create IPUIPlugin
2024-03-22 17:08:28,893 [INFO] PluginManager:220 - loadIPPluginJar : add nvic
2024-03-22 17:08:28,923 [INFO] IPUIPlugin:80 - create IPUIPlugin
2024-03-22 17:08:28,923 [INFO] PluginManager:220 - loadIPPluginJar : add opamp
2024-03-22 17:08:28,981 [INFO] IPUIPlugin:80 - create IPUIPlugin
2024-03-22 17:08:28,981 [INFO] PluginManager:220 - loadIPPluginJar : add openamp
2024-03-22 17:08:29,016 [INFO] IPUIPlugin:80 - create IPUIPlugin
2024-03-22 17:08:29,017 [INFO] PluginManager:220 - loadIPPluginJar : add pdm2pcm
2024-03-22 17:08:29,031 [INFO] IPUIPlugin:80 - create IPUIPlugin
2024-03-22 17:08:29,033 [INFO] PluginManager:220 - loadIPPluginJar : add plateformsettings
2024-03-22 17:08:29,053 [INFO] IPUIPlugin:80 - create IPUIPlugin
2024-03-22 17:08:29,053 [INFO] PluginManager:220 - loadIPPluginJar : add quadspi
2024-03-22 17:08:29,067 [INFO] IPUIPlugin:80 - create IPUIPlugin
2024-03-22 17:08:29,067 [INFO] PluginManager:220 - loadIPPluginJar : add resmgrutility
2024-03-22 17:08:29,112 [INFO] IPUIPlugin:80 - create IPUIPlugin
2024-03-22 17:08:29,112 [INFO] PluginManager:220 - loadIPPluginJar : add sai
2024-03-22 17:08:29,146 [INFO] IPUIPlugin:80 - create IPUIPlugin
2024-03-22 17:08:29,146 [INFO] PluginManager:220 - loadIPPluginJar : add spi
2024-03-22 17:08:29,211 [INFO] IPUIPlugin:80 - create IPUIPlugin
2024-03-22 17:08:29,211 [INFO] PluginManager:220 - loadIPPluginJar : add stm32_wpan
2024-03-22 17:08:29,237 [INFO] IPUIPlugin:80 - create IPUIPlugin
2024-03-22 17:08:29,237 [INFO] PluginManager:220 - loadIPPluginJar : add tim
2024-03-22 17:08:29,286 [INFO] IPUIPlugin:80 - create IPUIPlugin
2024-03-22 17:08:29,287 [INFO] PluginManager:220 - loadIPPluginJar : add touchsensing
2024-03-22 17:08:29,305 [INFO] IPUIPlugin:80 - create IPUIPlugin
2024-03-22 17:08:29,305 [INFO] PluginManager:220 - loadIPPluginJar : add tracer_emb
2024-03-22 17:08:29,327 [INFO] IPUIPlugin:80 - create IPUIPlugin
2024-03-22 17:08:29,327 [INFO] PluginManager:220 - loadIPPluginJar : add ts
2024-03-22 17:08:29,344 [INFO] IPUIPlugin:80 - create IPUIPlugin
2024-03-22 17:08:29,345 [INFO] PluginManager:220 - loadIPPluginJar : add tsc
2024-03-22 17:08:29,363 [INFO] IPUIPlugin:80 - create IPUIPlugin
2024-03-22 17:08:29,363 [INFO] PluginManager:220 - loadIPPluginJar : add ucpd
2024-03-22 17:08:29,402 [INFO] IPUIPlugin:80 - create IPUIPlugin
2024-03-22 17:08:29,403 [INFO] PluginManager:220 - loadIPPluginJar : add usart
2024-03-22 17:08:29,438 [INFO] IPUIPlugin:80 - create IPUIPlugin
2024-03-22 17:08:29,439 [INFO] PluginManager:220 - loadIPPluginJar : add usbx
2024-03-22 17:08:29,558 [INFO] CADModel:165 - CPN selected for project level
2024-03-22 17:08:29,558 [INFO] CADModel:114 - Register for checkConnection events
2024-03-22 17:08:29,558 [FATAL] Updater:308 - Updater called before beeing initialized
2024-03-22 17:08:29,559 [ERROR] CADModel:125 - Updater not yet initialized, retry later 
2024-03-22 17:08:29,705 [INFO] CADModel:165 - CPN selected for project level
2024-03-22 17:08:29,705 [INFO] CADModel:114 - Register for checkConnection events
2024-03-22 17:08:29,705 [FATAL] Updater:308 - Updater called before beeing initialized
2024-03-22 17:08:29,706 [ERROR] CADModel:125 - Updater not yet initialized, retry later 
2024-03-22 17:08:29,709 [FATAL] Updater:308 - Updater called before beeing initialized
2024-03-22 17:08:29,819 [FATAL] Updater:308 - Updater called before beeing initialized
2024-03-22 17:08:29,835 [INFO] DbMcusAds:53 - JSON generation date=Wed Nov 29 04:52:27 CST 2023 (1701255147349)
2024-03-22 17:08:29,836 [FATAL] Updater:308 - Updater called before beeing initialized
2024-03-22 17:08:29,911 [WARN] DetailPanel:346 - Failed to get advertising image, set to default
2024-03-22 17:08:30,004 [FATAL] Updater:308 - Updater called before beeing initialized
2024-03-22 17:08:30,006 [FATAL] Updater:308 - Updater called before beeing initialized
2024-03-22 17:08:30,006 [FATAL] Updater:308 - Updater called before beeing initialized
2024-03-22 17:08:30,006 [WARN] DetailPanel:346 - Failed to get advertising image, set to default
2024-03-22 17:08:30,007 [FATAL] Updater:308 - Updater called before beeing initialized
2024-03-22 17:08:30,054 [ERROR] Updater:1120 - MainUpdater not yet initialized. External WinMGr cannot be set.
2024-03-22 17:08:30,063 [INFO] Updater:1056 - Updater Version found : 6.10.0
2024-03-22 17:08:30,081 [INFO] ApplicationProperties:184 - Using Application install path: C:\ST\STM32CubeIDE_1.14.1\STM32CubeIDE\plugins\com.st.stm32cube.common.mx_6.10.0.202311202037
2024-03-22 17:08:30,227 [INFO] ThirdPartyUpdaterWithRetryManager:70 - Updater plugin not ready yet. [2/15]
2024-03-22 17:08:31,661 [ERROR] LogOutputStream:75 - [STDERR_REDIRECT] Mar 22, 2024 5:08:31 PM java.util.prefs.WindowsPreferences <init>
2024-03-22 17:08:31,663 [ERROR] LogOutputStream:75 - [STDERR_REDIRECT] WARNING: Could not open/create prefs root node Software\JavaSoft\Prefs at root 0xffffffff80000002. Windows RegCreateKeyEx(...) returned error code 5.
2024-03-22 17:08:31,663 [ERROR] LogOutputStream:75 - [STDERR_REDIRECT] 
2024-03-22 17:08:31,895 [INFO] MainUpdater:2873 - connection check result : 10
2024-03-22 17:08:31,895 [INFO] MainUpdater:290 - Updater Check For Update Now.
2024-03-22 17:08:31,896 [INFO] MicroXplorer:498 - Change Database Version : DB.6.0.100
2024-03-22 17:08:31,906 [INFO] McuFinderGlobals:63 - Set McuFinder mode to 2 (CubeIDE integrated)
2024-03-22 17:08:31,907 [INFO] UserAuth:180 - activating auth plugin
2024-03-22 17:08:31,910 [INFO] UserAuth:404 - Internet connection configuration mode: 1
2024-03-22 17:08:31,937 [INFO] JxBrowserEngine:152 - Initiate JxBrowser Engine with user profile folder
2024-03-22 17:08:32,085 [INFO] CheckServerUpdateThread:120 - End of CheckServer Thread
2024-03-22 17:08:33,387 [WARN] PackLoader:240 - Cannot read IP mode file for STMicroelectronics.X-CUBE-SMBUS.2.1.0
2024-03-22 17:08:33,400 [WARN] PackLoader:240 - Cannot read IP mode file for STMicroelectronics.X-CUBE-TOUCHGFX.4.23.0
2024-03-22 17:08:33,437 [WARN] PackLoader:240 - Cannot read IP mode file for STMicroelectronics.X-CUBE-AZRTOS-F7.1.1.0
2024-03-22 17:08:33,454 [WARN] PackLoader:240 - Cannot read IP mode file for STMicroelectronics.FP-SNS-MOTENV1.4.3.2
2024-03-22 17:08:33,468 [WARN] PackLoader:240 - Cannot read IP mode file for STMicroelectronics.FP-SNS-FLIGHT1.5.0.2
2024-03-22 17:08:33,486 [WARN] PackLoader:240 - Cannot read IP mode file for STMicroelectronics.X-CUBE-DISPLAY.3.0.0
2024-03-22 17:08:33,504 [WARN] PackLoader:240 - Cannot read IP mode file for STMicroelectronics.X-CUBE-BLE1.7.0.0
2024-03-22 17:08:33,518 [WARN] PackLoader:240 - Cannot read IP mode file for emotas.I-CUBE-CANOPEN.1.3.0
2024-03-22 17:08:33,534 [WARN] PackLoader:240 - Cannot read IP mode file for STMicroelectronics.X-CUBE-BLEMGR.3.1.0
2024-03-22 17:08:33,547 [WARN] PackLoader:240 - Cannot read IP mode file for STMicroelectronics.FP-SNS-SMARTAG2.1.2.0
2024-03-22 17:08:33,564 [INFO] LogOutputStream:77 - [STDOUT_REDIRECT] 1 : Invalid condition id : UX_CORESTACK_Condition cause : null
2024-03-22 17:08:33,564 [INFO] LogOutputStream:77 - [STDOUT_REDIRECT] 1 : Invalid condition id : UX_CORESTACK_Condition cause : null
2024-03-22 17:08:33,565 [INFO] LogOutputStream:77 - [STDOUT_REDIRECT] 1 : Invalid condition id : UX_CORESTACK_Condition cause : null
2024-03-22 17:08:33,566 [INFO] LogOutputStream:77 - [STDOUT_REDIRECT] 1 : Invalid condition id : UX_CORESTACK_Condition cause : null
2024-03-22 17:08:33,567 [INFO] LogOutputStream:77 - [STDOUT_REDIRECT] 1 : Invalid condition id : UX_CORESTACK_Condition cause : null
2024-03-22 17:08:33,569 [WARN] PackLoader:240 - Cannot read IP mode file for STMicroelectronics.X-CUBE-AZRTOS-WL.2.0.0
2024-03-22 17:08:33,588 [WARN] PackLoader:240 - Cannot read IP mode file for WES.I-CUBE-Cesium.1.3.0
2024-03-22 17:08:33,599 [WARN] PackLoader:240 - Cannot read IP mode file for STMicroelectronics.X-CUBE-BLE2.3.3.0
2024-03-22 17:08:33,613 [WARN] PackLoader:240 - Cannot read IP mode file for STMicroelectronics.X-CUBE-ALGOBUILD.1.3.0
2024-03-22 17:08:33,637 [WARN] PackLoader:240 - Cannot read IP mode file for STMicroelectronics.X-CUBE-AZRTOS-G0.1.1.0
2024-03-22 17:08:33,653 [WARN] PackLoader:240 - Cannot read IP mode file for STMicroelectronics.X-CUBE-NFC4.3.0.0
2024-03-22 17:08:33,668 [WARN] PackLoader:240 - Cannot read IP mode file for STMicroelectronics.X-CUBE-BLEMGR.3.0.0
2024-03-22 17:08:33,681 [WARN] PackLoader:240 - Cannot read IP mode file for STMicroelectronics.FP-ATR-SIGFOX1.3.2.0
2024-03-22 17:08:33,692 [WARN] PackLoader:240 - Cannot read IP mode file for STMicroelectronics.X-CUBE-EEPRMA1.5.1.0
2024-03-22 17:08:33,721 [WARN] PackLoader:240 - Cannot read IP mode file for SEGGER.I-CUBE-embOS.1.3.1
2024-03-22 17:08:33,766 [WARN] PackLoader:240 - Cannot read IP mode file for STMicroelectronics.X-CUBE-GNSS1.6.0.0
2024-03-22 17:08:33,790 [WARN] PackLoader:240 - Cannot read IP mode file for STMicroelectronics.X-CUBE-AZRTOS-F4.1.1.0
2024-03-22 17:08:33,807 [WARN] PackLoader:240 - Cannot read IP mode file for wolfSSL.I-CUBE-wolfSSL.5.6.6
2024-03-22 17:08:33,832 [WARN] PackLoader:240 - Cannot read IP mode file for STMicroelectronics.X-CUBE-AZRTOS-L5.2.0.0
2024-03-22 17:08:33,847 [WARN] PackLoader:240 - Cannot read IP mode file for STMicroelectronics.X-CUBE-NFC6.3.1.0
2024-03-22 17:08:33,860 [WARN] PackLoader:240 - Cannot read IP mode file for ITTIA_DB.I-CUBE-ITTIADB.8.8.0
2024-03-22 17:08:33,870 [WARN] PackLoader:240 - Cannot read IP mode file for STMicroelectronics.X-CUBE-NFC7.1.0.1
2024-03-22 17:08:33,886 [WARN] PackLoader:240 - Cannot read IP mode file for STMicroelectronics.X-CUBE-NFC6.3.0.0
2024-03-22 17:08:33,899 [WARN] PackLoader:240 - Cannot read IP mode file for STMicroelectronics.X-CUBE-AI.8.1.0
2024-03-22 17:08:33,925 [WARN] ConditionMgr:438 - getConditionDescription Invalid condition id : LAN8742 Phy interface Condition cause : null
2024-03-22 17:08:33,925 [WARN] PackLoader:240 - Cannot read IP mode file for STMicroelectronics.X-CUBE-AZRTOS-L4.2.0.0
2024-03-22 17:08:33,926 [WARN] ConditionMgr:1039 - genDependencies : Invalid condition id : LAN8742 Phy interface Condition cause : null
2024-03-22 17:08:33,927 [WARN] ConditionMgr:1039 - genDependencies : Invalid condition id : LAN8742 Phy interface Condition cause : null
2024-03-22 17:08:33,927 [WARN] ConditionMgr:1039 - genDependencies : Invalid condition id : LAN8742 Phy interface Condition cause : null
2024-03-22 17:08:33,940 [WARN] PackLoader:240 - Cannot read IP mode file for STMicroelectronics.X-CUBE-SFXS2LP1.4.0.0
2024-03-22 17:08:33,963 [WARN] ConditionMgr:438 - getConditionDescription Invalid condition id : UX DEVICE CLASS RTOS Condition cause : null
2024-03-22 17:08:33,963 [WARN] ConditionMgr:438 - getConditionDescription Invalid condition id : UX DEVICE CLASS RTOS Condition cause : null
2024-03-22 17:08:33,965 [WARN] PackLoader:240 - Cannot read IP mode file for STMicroelectronics.X-CUBE-AZRTOS-WB.2.0.0
2024-03-22 17:08:33,965 [WARN] ConditionMgr:1039 - genDependencies : Invalid condition id : UX DEVICE CLASS RTOS Condition cause : null
2024-03-22 17:08:33,965 [WARN] ConditionMgr:1039 - genDependencies : Invalid condition id : UX DEVICE CLASS RTOS Condition cause : null
2024-03-22 17:08:33,966 [WARN] ConditionMgr:1039 - genDependencies : Invalid condition id : UX DEVICE CLASS RTOS Condition cause : null
2024-03-22 17:08:33,966 [WARN] ConditionMgr:1039 - genDependencies : Invalid condition id : UX DEVICE CLASS RTOS Condition cause : null
2024-03-22 17:08:33,966 [WARN] ConditionMgr:1039 - genDependencies : Invalid condition id : UX DEVICE CLASS RTOS Condition cause : null
2024-03-22 17:08:33,985 [WARN] PackLoader:240 - Cannot read IP mode file for STMicroelectronics.X-CUBE-SUBG2.5.0.0
2024-03-22 17:08:34,012 [WARN] PackLoader:240 - Cannot read IP mode file for STMicroelectronics.X-CUBE-AZRTOS-G4.2.0.0
2024-03-22 17:08:34,032 [WARN] PackLoader:240 - Cannot read IP mode file for Infineon.AIROC-Wi-Fi-Bluetooth-STM32.1.5.1
2024-03-22 17:08:34,044 [WARN] PackLoader:240 - Cannot read IP mode file for STMicroelectronics.FP-SNS-MOTENVWB1.1.3.1
2024-03-22 17:08:34,053 [WARN] PackLoader:240 - Cannot read IP mode file for STMicroelectronics.X-CUBE-ISPU.2.0.0
2024-03-22 17:08:34,106 [WARN] PackLoader:240 - Cannot read IP mode file for STMicroelectronics.X-CUBE-MEMS1.10.0.0
2024-03-22 17:08:34,209 [WARN] PackLoader:240 - Cannot read IP mode file for STMicroelectronics.X-CUBE-FREERTOS.1.1.0
2024-03-22 17:08:34,220 [WARN] PackLoader:240 - Cannot read IP mode file for portGmbH.I-Cube-SoM-uGOAL.1.1.0
2024-03-22 17:08:34,231 [WARN] PackLoader:240 - Cannot read IP mode file for STMicroelectronics.X-CUBE-ALS.1.0.1
2024-03-22 17:08:34,241 [WARN] PackLoader:240 - Cannot read IP mode file for STMicroelectronics.FP-ATR-ASTRA1.2.0.0
2024-03-22 17:08:34,257 [WARN] PackLoader:240 - Cannot read IP mode file for STMicroelectronics.X-CUBE-TOF1.3.4.0
2024-03-22 17:08:34,283 [WARN] PackLoader:240 - Cannot read IP mode file for STMicroelectronics.X-CUBE-TOF1.3.4.1
2024-03-22 17:08:34,319 [WARN] PackLoader:240 - Cannot read IP mode file for STMicroelectronics.X-CUBE-AZRTOS-H7.3.2.0
2024-03-22 17:08:34,322 [INFO] ThirdParty:978 - Integrity check success = true
2024-03-22 17:08:34,322 [INFO] IntegrityCheckThread:100 - exiting critical section [integrity check]
2024-03-22 17:08:34,322 [INFO] IntegrityCheckThread:103 - End integrity checks thread
2024-03-22 17:08:35,668 [INFO] WebApp:161 - Instantiating new browser for Auth
2024-03-22 17:08:36,264 [INFO] WebApp:780 - Register for checkConnection events
2024-03-22 17:08:36,264 [INFO] WebApp:414 - Apply proxy settings
2024-03-22 17:08:36,264 [INFO] WebApp:499 - Chromium requires no authentication
2024-03-22 17:08:36,271 [INFO] WebApp:442 - Direct internet connection detected
2024-03-22 17:08:36,424 [INFO] WebApp:192 - Starting web application
2024-03-22 17:08:36,425 [INFO] WebApp:544 - Web application path used C:\ST\STM32CubeIDE_1.14.1\STM32CubeIDE\plugins\com.st.stm32cube.common.mx_6.10.0.202311202037\db\plugins\mcufinder\reactClient1\index.html
2024-03-22 17:08:57,252 [ERROR] LogOutputStream:75 - [STDERR_REDIRECT] SLF4J: Failed to load class "org.slf4j.impl.StaticLoggerBinder".
2024-03-22 17:08:57,253 [ERROR] LogOutputStream:75 - [STDERR_REDIRECT] SLF4J: Defaulting to no-operation (NOP) logger implementation
2024-03-22 17:08:57,254 [ERROR] LogOutputStream:75 - [STDERR_REDIRECT] SLF4J: See http://www.slf4j.org/codes.html#StaticLoggerBinder for further details.
